-- Automatically generated by TPCDSQueryValidator$
-RECORD 0----------------------------
 customer_preferred_cust_flag | null 
-RECORD 1----------------------------
 customer_preferred_cust_flag | null 
-RECORD 2----------------------------
 customer_preferred_cust_flag | N    
-RECORD 3----------------------------
 customer_preferred_cust_flag | N    
-RECORD 4----------------------------
 customer_preferred_cust_flag | N    
-RECORD 5----------------------------
 customer_preferred_cust_flag | N    
-RECORD 6----------------------------
 customer_preferred_cust_flag | N    
-RECORD 7----------------------------
 customer_preferred_cust_flag | N    
-RECORD 8----------------------------
 customer_preferred_cust_flag | N    
-RECORD 9----------------------------
 customer_preferred_cust_flag | N    
-RECORD 10---------------------------
 customer_preferred_cust_flag | N    
-RECORD 11---------------------------
 customer_preferred_cust_flag | N    
-RECORD 12---------------------------
 customer_preferred_cust_flag | N    
-RECORD 13---------------------------
 customer_preferred_cust_flag | N    
-RECORD 14---------------------------
 customer_preferred_cust_flag | N    
-RECORD 15---------------------------
 customer_preferred_cust_flag | N    
-RECORD 16---------------------------
 customer_preferred_cust_flag | N    
-RECORD 17---------------------------
 customer_preferred_cust_flag | N    
-RECORD 18---------------------------
 customer_preferred_cust_flag | N    
-RECORD 19---------------------------
 customer_preferred_cust_flag | N    
-RECORD 20---------------------------
 customer_preferred_cust_flag | N    
-RECORD 21---------------------------
 customer_preferred_cust_flag | N    
-RECORD 22---------------------------
 customer_preferred_cust_flag | N    
-RECORD 23---------------------------
 customer_preferred_cust_flag | N    
-RECORD 24---------------------------
 customer_preferred_cust_flag | N    
-RECORD 25---------------------------
 customer_preferred_cust_flag | N    
-RECORD 26---------------------------
 customer_preferred_cust_flag | N    
-RECORD 27---------------------------
 customer_preferred_cust_flag | N    
-RECORD 28---------------------------
 customer_preferred_cust_flag | N    
-RECORD 29---------------------------
 customer_preferred_cust_flag | N    
-RECORD 30---------------------------
 customer_preferred_cust_flag | N    
-RECORD 31---------------------------
 customer_preferred_cust_flag | N    
-RECORD 32---------------------------
 customer_preferred_cust_flag | N    
-RECORD 33---------------------------
 customer_preferred_cust_flag | N    
-RECORD 34---------------------------
 customer_preferred_cust_flag | N    
-RECORD 35---------------------------
 customer_preferred_cust_flag | N    
-RECORD 36---------------------------
 customer_preferred_cust_flag | N    
-RECORD 37---------------------------
 customer_preferred_cust_flag | N    
-RECORD 38---------------------------
 customer_preferred_cust_flag | N    
-RECORD 39---------------------------
 customer_preferred_cust_flag | N    
-RECORD 40---------------------------
 customer_preferred_cust_flag | N    
-RECORD 41---------------------------
 customer_preferred_cust_flag | N    
-RECORD 42---------------------------
 customer_preferred_cust_flag | N    
-RECORD 43---------------------------
 customer_preferred_cust_flag | N    
-RECORD 44---------------------------
 customer_preferred_cust_flag | N    
-RECORD 45---------------------------
 customer_preferred_cust_flag | Y    
-RECORD 46---------------------------
 customer_preferred_cust_flag | Y    
-RECORD 47---------------------------
 customer_preferred_cust_flag | Y    
-RECORD 48---------------------------
 customer_preferred_cust_flag | Y    
-RECORD 49---------------------------
 customer_preferred_cust_flag | Y    
-RECORD 50---------------------------
 customer_preferred_cust_flag | Y    
-RECORD 51---------------------------
 customer_preferred_cust_flag | Y    
-RECORD 52---------------------------
 customer_preferred_cust_flag | Y    
-RECORD 53---------------------------
 customer_preferred_cust_flag | Y    
-RECORD 54---------------------------
 customer_preferred_cust_flag | Y    
-RECORD 55---------------------------
 customer_preferred_cust_flag | Y    
-RECORD 56---------------------------
 customer_preferred_cust_flag | Y    
-RECORD 57---------------------------
 customer_preferred_cust_flag | Y    
-RECORD 58---------------------------
 customer_preferred_cust_flag | Y    
-RECORD 59---------------------------
 customer_preferred_cust_flag | Y    
-RECORD 60---------------------------
 customer_preferred_cust_flag | Y    
-RECORD 61---------------------------
 customer_preferred_cust_flag | Y    
-RECORD 62---------------------------
 customer_preferred_cust_flag | Y    
-RECORD 63---------------------------
 customer_preferred_cust_flag | Y    
-RECORD 64---------------------------
 customer_preferred_cust_flag | Y    
-RECORD 65---------------------------
 customer_preferred_cust_flag | Y    
-RECORD 66---------------------------
 customer_preferred_cust_flag | Y    
-RECORD 67---------------------------
 customer_preferred_cust_flag | Y    
-RECORD 68---------------------------
 customer_preferred_cust_flag | Y    
-RECORD 69---------------------------
 customer_preferred_cust_flag | Y    
-RECORD 70---------------------------
 customer_preferred_cust_flag | Y    
-RECORD 71---------------------------
 customer_preferred_cust_flag | Y    
-RECORD 72---------------------------
 customer_preferred_cust_flag | Y    
-RECORD 73---------------------------
 customer_preferred_cust_flag | Y    
-RECORD 74---------------------------
 customer_preferred_cust_flag | Y    
-RECORD 75---------------------------
 customer_preferred_cust_flag | Y    
-RECORD 76---------------------------
 customer_preferred_cust_flag | Y    
-RECORD 77---------------------------
 customer_preferred_cust_flag | Y    
-RECORD 78---------------------------
 customer_preferred_cust_flag | Y    
-RECORD 79---------------------------
 customer_preferred_cust_flag | Y    
-RECORD 80---------------------------
 customer_preferred_cust_flag | Y    
-RECORD 81---------------------------
 customer_preferred_cust_flag | Y    
-RECORD 82---------------------------
 customer_preferred_cust_flag | Y    
-RECORD 83---------------------------
 customer_preferred_cust_flag | Y    
-RECORD 84---------------------------
 customer_preferred_cust_flag | Y    
-RECORD 85---------------------------
 customer_preferred_cust_flag | Y    
-RECORD 86---------------------------
 customer_preferred_cust_flag | Y    
-RECORD 87---------------------------
 customer_preferred_cust_flag | Y
           