-- Automatically generated by TPCDSQueryValidator$
-RECORD 0-------------------
 channel       | store      
 i_brand_id    | 1001001    
 i_class_id    | 1          
 i_category_id | 1          
 sales         | 372549.59  
 number_sales  | 137        
 channel       | store      
 i_brand_id    | 1001001    
 i_class_id    | 1          
 i_category_id | 1          
 sales         | 1316197.43 
 number_sales  | 340        
-RECORD 1-------------------
 channel       | store      
 i_brand_id    | 1001002    
 i_class_id    | 1          
 i_category_id | 1          
 sales         | 799646.86  
 number_sales  | 229        
 channel       | store      
 i_brand_id    | 1001002    
 i_class_id    | 1          
 i_category_id | 1          
 sales         | 775776.63  
 number_sales  | 188        
-RECORD 2-------------------
 channel       | store      
 i_brand_id    | 1002001    
 i_class_id    | 2          
 i_category_id | 1          
 sales         | 765555.91  
 number_sales  | 202        
 channel       | store      
 i_brand_id    | 1002001    
 i_class_id    | 2          
 i_category_id | 1          
 sales         | 1218310.82 
 number_sales  | 337        
-RECORD 3-------------------
 channel       | store      
 i_brand_id    | 1002002    
 i_class_id    | 2          
 i_category_id | 1          
 sales         | 1030666.65 
 number_sales  | 250        
 channel       | store      
 i_brand_id    | 1002002    
 i_class_id    | 2          
 i_category_id | 1          
 sales         | 605616.79  
 number_sales  | 166        
-RECORD 4-------------------
 channel       | store      
 i_brand_id    | 1003001    
 i_class_id    | 3          
 i_category_id | 1          
 sales         | 547136.96  
 number_sales  | 167        
 channel       | store      
 i_brand_id    | 1003001    
 i_class_id    | 3          
 i_category_id | 1          
 sales         | 1172847.07 
 number_sales  | 341        
-RECORD 5-------------------
 channel       | store      
 i_brand_id    | 1003002    
 i_class_id    | 3          
 i_category_id | 1          
 sales         | 674007.12  
 number_sales  | 188        
 channel       | store      
 i_brand_id    | 1003002    
 i_class_id    | 3          
 i_category_id | 1          
 sales         | 607135.04  
 number_sales  | 154        
-RECORD 6-------------------
 channel       | store      
 i_brand_id    | 1004001    
 i_class_id    | 4          
 i_category_id | 1          
 sales         | 682747.23  
 number_sales  | 187        
 channel       | store      
 i_brand_id    | 1004001    
 i_class_id    | 4          
 i_category_id | 1          
 sales         | 1171699.76 
 number_sales  | 311        
-RECORD 7-------------------
 channel       | store      
 i_brand_id    | 1004002    
 i_class_id    | 4          
 i_category_id | 1          
 sales         | 739362.16  
 number_sales  | 210        
 channel       | store      
 i_brand_id    | 1004002    
 i_class_id    | 4          
 i_category_id | 1          
 sales         | 649347.19  
 number_sales  | 184        
-RECORD 8-------------------
 channel       | store      
 i_brand_id    | 2001001    
 i_class_id    | 1          
 i_category_id | 2          
 sales         | 688211.08  
 number_sales  | 216        
 channel       | store      
 i_brand_id    | 2001001    
 i_class_id    | 1          
 i_category_id | 2          
 sales         | 1342495.45 
 number_sales  | 365        
-RECORD 9-------------------
 channel       | store      
 i_brand_id    | 2001002    
 i_class_id    | 1          
 i_category_id | 2          
 sales         | 906330.70  
 number_sales  | 237        
 channel       | store      
 i_brand_id    | 2001002    
 i_class_id    | 1          
 i_category_id | 2          
 sales         | 541063.50  
 number_sales  | 153        
-RECORD 10------------------
 channel       | store      
 i_brand_id    | 2002001    
 i_class_id    | 2          
 i_category_id | 2          
 sales         | 868177.87  
 number_sales  | 211        
 channel       | store      
 i_brand_id    | 2002001    
 i_class_id    | 2          
 i_category_id | 2          
 sales         | 1514792.19 
 number_sales  | 402        
-RECORD 11------------------
 channel       | store      
 i_brand_id    | 2002002    
 i_class_id    | 2          
 i_category_id | 2          
 sales         | 648459.06  
 number_sales  | 179        
 channel       | store      
 i_brand_id    | 2002002    
 i_class_id    | 2          
 i_category_id | 2          
 sales         | 588040.22  
 number_sales  | 159        
-RECORD 12------------------
 channel       | store      
 i_brand_id    | 2003001    
 i_class_id    | 3          
 i_category_id | 2          
 sales         | 559505.35  
 number_sales  | 151        
 channel       | store      
 i_brand_id    | 2003001    
 i_class_id    | 3          
 i_category_id | 2          
 sales         | 1171821.55 
 number_sales  | 300        
-RECORD 13------------------
 channel       | store      
 i_brand_id    | 2003002    
 i_class_id    | 3          
 i_category_id | 2          
 sales         | 746714.11  
 number_sales  | 219        
 channel       | store      
 i_brand_id    | 2003002    
 i_class_id    | 3          
 i_category_id | 2          
 sales         | 695877.16  
 number_sales  | 171        
-RECORD 14------------------
 channel       | store      
 i_brand_id    | 2004001    
 i_class_id    | 4          
 i_category_id | 2          
 sales         | 772046.77  
 number_sales  | 235        
 channel       | store      
 i_brand_id    | 2004001    
 i_class_id    | 4          
 i_category_id | 2          
 sales         | 1371151.70 
 number_sales  | 362        
-RECORD 15------------------
 channel       | store      
 i_brand_id    | 2004002    
 i_class_id    | 4          
 i_category_id | 2          
 sales         | 685029.29  
 number_sales  | 192        
 channel       | store      
 i_brand_id    | 2004002    
 i_class_id    | 4          
 i_category_id | 2          
 sales         | 646760.33  
 number_sales  | 187        
-RECORD 16------------------
 channel       | store      
 i_brand_id    | 3001001    
 i_class_id    | 1          
 i_category_id | 3          
 sales         | 596684.04  
 number_sales  | 165        
 channel       | store      
 i_brand_id    | 3001001    
 i_class_id    | 1          
 i_category_id | 3          
 sales         | 1059529.81 
 number_sales  | 312        
-RECORD 17------------------
 channel       | store      
 i_brand_id    | 3001002    
 i_class_id    | 1          
 i_category_id | 3          
 sales         | 795882.47  
 number_sales  | 202        
 channel       | store      
 i_brand_id    | 3001002    
 i_class_id    | 1          
 i_category_id | 3          
 sales         | 494739.47  
 number_sales  | 142        
-RECORD 18------------------
 channel       | store      
 i_brand_id    | 3002001    
 i_class_id    | 2          
 i_category_id | 3          
 sales         | 661760.58  
 number_sales  | 181        
 channel       | store      
 i_brand_id    | 3002001    
 i_class_id    | 2          
 i_category_id | 3          
 sales         | 1411948.74 
 number_sales  | 380        
-RECORD 19------------------
 channel       | store      
 i_brand_id    | 3002002    
 i_class_id    | 2          
 i_category_id | 3          
 sales         | 864250.11  
 number_sales  | 244        
 channel       | store      
 i_brand_id    | 3002002    
 i_class_id    | 2          
 i_category_id | 3          
 sales         | 630689.30  
 number_sales  | 183        
-RECORD 20------------------
 channel       | store      
 i_brand_id    | 3003001    
 i_class_id    | 3          
 i_category_id | 3          
 sales         | 749054.16  
 number_sales  | 224        
 channel       | store      
 i_brand_id    | 3003001    
 i_class_id    | 3          
 i_category_id | 3          
 sales         | 1513634.71 
 number_sales  | 381        
-RECORD 21------------------
 channel       | store      
 i_brand_id    | 3003002    
 i_class_id    | 3          
 i_category_id | 3          
 sales         | 737460.71  
 number_sales  | 194        
 channel       | store      
 i_brand_id    | 3003002    
 i_class_id    | 3          
 i_category_id | 3          
 sales         | 713930.86  
 number_sales  | 164        
-RECORD 22------------------
 channel       | store      
 i_brand_id    | 3004001    
 i_class_id    | 4          
 i_category_id | 3          
 sales         | 508491.02  
 number_sales  | 161        
 channel       | store      
 i_brand_id    | 3004001    
 i_class_id    | 4          
 i_category_id | 3          
 sales         | 1082215.49 
 number_sales  | 293        
-RECORD 23------------------
 channel       | store      
 i_brand_id    | 3004002    
 i_class_id    | 4          
 i_category_id | 3          
 sales         | 867362.83  
 number_sales  | 220        
 channel       | store      
 i_brand_id    | 3004002    
 i_class_id    | 4          
 i_category_id | 3          
 sales         | 630978.56  
 number_sales  | 172        
-RECORD 24------------------
 channel       | store      
 i_brand_id    | 4001001    
 i_class_id    | 1          
 i_category_id | 4          
 sales         | 847845.40  
 number_sales  | 207        
 channel       | store      
 i_brand_id    | 4001001    
 i_class_id    | 1          
 i_category_id | 4          
 sales         | 1291518.97 
 number_sales  | 340        
-RECORD 25------------------
 channel       | store      
 i_brand_id    | 4001002    
 i_class_id    | 1          
 i_category_id | 4          
 sales         | 841877.80  
 number_sales  | 232        
 channel       | store      
 i_brand_id    | 4001002    
 i_class_id    | 1          
 i_category_id | 4          
 sales         | 520226.86  
 number_sales  | 143        
-RECORD 26------------------
 channel       | store      
 i_brand_id    | 4002001    
 i_class_id    | 2          
 i_category_id | 4          
 sales         | 543692.20  
 number_sales  | 162        
 channel       | store      
 i_brand_id    | 4002001    
 i_class_id    | 2          
 i_category_id | 4          
 sales         | 1378081.90 
 number_sales  | 362        
-RECORD 27------------------
 channel       | store      
 i_brand_id    | 4002002    
 i_class_id    | 2          
 i_category_id | 4          
 sales         | 912449.68  
 number_sales  | 256        
 channel       | store      
 i_brand_id    | 4002002    
 i_class_id    | 2          
 i_category_id | 4          
 sales         | 713528.38  
 number_sales  | 200        
-RECORD 28------------------
 channel       | store      
 i_brand_id    | 4003001    
 i_class_id    | 3          
 i_category_id | 4          
 sales         | 725565.22  
 number_sales  | 189        
 channel       | store      
 i_brand_id    | 4003001    
 i_class_id    | 3          
 i_category_id | 4          
 sales         | 1285387.49 
 number_sales  | 311        
-RECORD 29------------------
 channel       | store      
 i_brand_id    | 4003002    
 i_class_id    | 3          
 i_category_id | 4          
 sales         | 686780.88  
 number_sales  | 197        
 channel       | store      
 i_brand_id    | 4003002    
 i_class_id    | 3          
 i_category_id | 4          
 sales         | 623656.88  
 number_sales  | 160        
-RECORD 30------------------
 channel       | store      
 i_brand_id    | 4004001    
 i_class_id    | 4          
 i_category_id | 4          
 sales         | 665419.78  
 number_sales  | 170        
 channel       | store      
 i_brand_id    | 4004001    
 i_class_id    | 4          
 i_category_id | 4          
 sales         | 1141222.24 
 number_sales  | 334        
-RECORD 31------------------
 channel       | store      
 i_brand_id    | 4004002    
 i_class_id    | 4          
 i_category_id | 4          
 sales         | 866534.14  
 number_sales  | 204        
 channel       | store      
 i_brand_id    | 4004002    
 i_class_id    | 4          
 i_category_id | 4          
 sales         | 644963.98  
 number_sales  | 168        
-RECORD 32------------------
 channel       | store      
 i_brand_id    | 5001001    
 i_class_id    | 1          
 i_category_id | 5          
 sales         | 626379.58  
 number_sales  | 167        
 channel       | store      
 i_brand_id    | 5001001    
 i_class_id    | 1          
 i_category_id | 5          
 sales         | 1258495.82 
 number_sales  | 336        
-RECORD 33------------------
 channel       | store      
 i_brand_id    | 5001002    
 i_class_id    | 1          
 i_category_id | 5          
 sales         | 813592.70  
 number_sales  | 198        
 channel       | store      
 i_brand_id    | 5001002    
 i_class_id    | 1          
 i_category_id | 5          
 sales         | 671017.15  
 number_sales  | 179        
-RECORD 34------------------
 channel       | store      
 i_brand_id    | 5002001    
 i_class_id    | 2          
 i_category_id | 5          
 sales         | 468954.69  
 number_sales  | 153        
 channel       | store      
 i_brand_id    | 5002001    
 i_class_id    | 2          
 i_category_id | 5          
 sales         | 1195162.42 
 number_sales  | 297        
-RECORD 35------------------
 channel       | store      
 i_brand_id    | 5002002    
 i_class_id    | 2          
 i_category_id | 5          
 sales         | 885968.60  
 number_sales  | 211        
 channel       | store      
 i_brand_id    | 5002002    
 i_class_id    | 2          
 i_category_id | 5          
 sales         | 691132.99  
 number_sales  | 183        
-RECORD 36------------------
 channel       | store      
 i_brand_id    | 5003001    
 i_class_id    | 3          
 i_category_id | 5          
 sales         | 709102.64  
 number_sales  | 206        
 channel       | store      
 i_brand_id    | 5003001    
 i_class_id    | 3          
 i_category_id | 5          
 sales         | 1369869.31 
 number_sales  | 375        
-RECORD 37------------------
 channel       | store      
 i_brand_id    | 5003002    
 i_class_id    | 3          
 i_category_id | 5          
 sales         | 1019553.87 
 number_sales  | 266        
 channel       | store      
 i_brand_id    | 5003002    
 i_class_id    | 3          
 i_category_id | 5          
 sales         | 671873.72  
 number_sales  | 181        
-RECORD 38------------------
 channel       | store      
 i_brand_id    | 5004001    
 i_class_id    | 4          
 i_category_id | 5          
 sales         | 801416.97  
 number_sales  | 219        
 channel       | store      
 i_brand_id    | 5004001    
 i_class_id    | 4          
 i_category_id | 5          
 sales         | 1405232.18 
 number_sales  | 371        
-RECORD 39------------------
 channel       | store      
 i_brand_id    | 5004002    
 i_class_id    | 4          
 i_category_id | 5          
 sales         | 1061684.64 
 number_sales  | 273        
 channel       | store      
 i_brand_id    | 5004002    
 i_class_id    | 4          
 i_category_id | 5          
 sales         | 790288.63  
 number_sales  | 209        
-RECORD 40------------------
 channel       | store      
 i_brand_id    | 6001001    
 i_class_id    | 1          
 i_category_id | 6          
 sales         | 24105.89   
 number_sales  | 9          
 channel       | store      
 i_brand_id    | 6001001    
 i_class_id    | 1          
 i_category_id | 6          
 sales         | 43566.03   
 number_sales  | 11         
-RECORD 41------------------
 channel       | store      
 i_brand_id    | 6001002    
 i_class_id    | 1          
 i_category_id | 6          
 sales         | 40621.71   
 number_sales  | 10         
 channel       | store      
 i_brand_id    | 6001002    
 i_class_id    | 1          
 i_category_id | 6          
 sales         | 31684.03   
 number_sales  | 10         
-RECORD 42------------------
 channel       | store      
 i_brand_id    | 6001003    
 i_class_id    | 1          
 i_category_id | 6          
 sales         | 23365.00   
 number_sales  | 8          
 channel       | store      
 i_brand_id    | 6001003    
 i_class_id    | 1          
 i_category_id | 6          
 sales         | 25117.82   
 number_sales  | 10         
-RECORD 43------------------
 channel       | store      
 i_brand_id    | 6001004    
 i_class_id    | 1          
 i_category_id | 6          
 sales         | 29458.48   
 number_sales  | 6          
 channel       | store      
 i_brand_id    | 6001004    
 i_class_id    | 1          
 i_category_id | 6          
 sales         | 29630.40   
 number_sales  | 7          
-RECORD 44------------------
 channel       | store      
 i_brand_id    | 6001005    
 i_class_id    | 1          
 i_category_id | 6          
 sales         | 40555.76   
 number_sales  | 13         
 channel       | store      
 i_brand_id    | 6001005    
 i_class_id    | 1          
 i_category_id | 6          
 sales         | 67204.16   
 number_sales  | 14         
-RECORD 45------------------
 channel       | store      
 i_brand_id    | 6001006    
 i_class_id    | 1          
 i_category_id | 6          
 sales         | 49871.82   
 number_sales  | 10         
 channel       | store      
 i_brand_id    | 6001006    
 i_class_id    | 1          
 i_category_id | 6          
 sales         | 17872.80   
 number_sales  | 6          
-RECORD 46------------------
 channel       | store      
 i_brand_id    | 6001007    
 i_class_id    | 1          
 i_category_id | 6          
 sales         | 23526.21   
 number_sales  | 8          
 channel       | store      
 i_brand_id    | 6001007    
 i_class_id    | 1          
 i_category_id | 6          
 sales         | 34341.06   
 number_sales  | 13         
-RECORD 47------------------
 channel       | store      
 i_brand_id    | 6001008    
 i_class_id    | 1          
 i_category_id | 6          
 sales         | 74782.90   
 number_sales  | 20         
 channel       | store      
 i_brand_id    | 6001008    
 i_class_id    | 1          
 i_category_id | 6          
 sales         | 127415.74  
 number_sales  | 33         
-RECORD 48------------------
 channel       | store      
 i_brand_id    | 6002001    
 i_class_id    | 2          
 i_category_id | 6          
 sales         | 55244.23   
 number_sales  | 15         
 channel       | store      
 i_brand_id    | 6002001    
 i_class_id    | 2          
 i_category_id | 6          
 sales         | 67018.71   
 number_sales  | 20         
-RECORD 49------------------
 channel       | store      
 i_brand_id    | 6002002    
 i_class_id    | 2          
 i_category_id | 6          
 sales         | 24045.72   
 number_sales  | 11         
 channel       | store      
 i_brand_id    | 6002002    
 i_class_id    | 2          
 i_category_id | 6          
 sales         | 73776.49   
 number_sales  | 17         
-RECORD 50------------------
 channel       | store      
 i_brand_id    | 6002004    
 i_class_id    | 2          
 i_category_id | 6          
 sales         | 45590.44   
 number_sales  | 15         
 channel       | store      
 i_brand_id    | 6002004    
 i_class_id    | 2          
 i_category_id | 6          
 sales         | 13288.01   
 number_sales  | 5          
-RECORD 51------------------
 channel       | store      
 i_brand_id    | 6002005    
 i_class_id    | 2          
 i_category_id | 6          
 sales         | 53619.89   
 number_sales  | 11         
 channel       | store      
 i_brand_id    | 6002005    
 i_class_id    | 2          
 i_category_id | 6          
 sales         | 57765.00   
 number_sales  | 12         
-RECORD 52------------------
 channel       | store      
 i_brand_id    | 6002006    
 i_class_id    | 2          
 i_category_id | 6          
 sales         | 36339.64   
 number_sales  | 12         
 channel       | store      
 i_brand_id    | 6002006    
 i_class_id    | 2          
 i_category_id | 6          
 sales         | 28988.99   
 number_sales  | 8          
-RECORD 53------------------
 channel       | store      
 i_brand_id    | 6002007    
 i_class_id    | 2          
 i_category_id | 6          
 sales         | 33520.91   
 number_sales  | 9          
 channel       | store      
 i_brand_id    | 6002007    
 i_class_id    | 2          
 i_category_id | 6          
 sales         | 55473.59   
 number_sales  | 15         
-RECORD 54------------------
 channel       | store      
 i_brand_id    | 6002008    
 i_class_id    | 2          
 i_category_id | 6          
 sales         | 24710.01   
 number_sales  | 7          
 channel       | store      
 i_brand_id    | 6002008    
 i_class_id    | 2          
 i_category_id | 6          
 sales         | 25085.33   
 number_sales  | 11         
-RECORD 55------------------
 channel       | store      
 i_brand_id    | 6003001    
 i_class_id    | 3          
 i_category_id | 6          
 sales         | 33165.63   
 number_sales  | 9          
 channel       | store      
 i_brand_id    | 6003001    
 i_class_id    | 3          
 i_category_id | 6          
 sales         | 84144.62   
 number_sales  | 18         
-RECORD 56------------------
 channel       | store      
 i_brand_id    | 6003002    
 i_class_id    | 3          
 i_category_id | 6          
 sales         | 52293.57   
 number_sales  | 15         
 channel       | store      
 i_brand_id    | 6003002    
 i_class_id    | 3          
 i_category_id | 6          
 sales         | 59151.70   
 number_sales  | 15         
-RECORD 57------------------
 channel       | store      
 i_brand_id    | 6003003    
 i_class_id    | 3          
 i_category_id | 6          
 sales         | 33342.98   
 number_sales  | 7          
 channel       | store      
 i_brand_id    | 6003003    
 i_class_id    | 3          
 i_category_id | 6          
 sales         | 43720.13   
 number_sales  | 20         
-RECORD 58------------------
 channel       | store      
 i_brand_id    | 6003004    
 i_class_id    | 3          
 i_category_id | 6          
 sales         | 26344.41   
 number_sales  | 9          
 channel       | store      
 i_brand_id    | 6003004    
 i_class_id    | 3          
 i_category_id | 6          
 sales         | 30930.85   
 number_sales  | 9          
-RECORD 59------------------
 channel       | store      
 i_brand_id    | 6003005    
 i_class_id    | 3          
 i_category_id | 6          
 sales         | 89998.03   
 number_sales  | 26         
 channel       | store      
 i_brand_id    | 6003005    
 i_class_id    | 3          
 i_category_id | 6          
 sales         | 95491.00   
 number_sales  | 29         
-RECORD 60------------------
 channel       | store      
 i_brand_id    | 6003006    
 i_class_id    | 3          
 i_category_id | 6          
 sales         | 31862.34   
 number_sales  | 10         
 channel       | store      
 i_brand_id    | 6003006    
 i_class_id    | 3          
 i_category_id | 6          
 sales         | 24121.07   
 number_sales  | 3          
-RECORD 61------------------
 channel       | store      
 i_brand_id    | 6003007    
 i_class_id    | 3          
 i_category_id | 6          
 sales         | 92405.03   
 number_sales  | 24         
 channel       | store      
 i_brand_id    | 6003007    
 i_class_id    | 3          
 i_category_id | 6          
 sales         | 129219.46  
 number_sales  | 31         
-RECORD 62------------------
 channel       | store      
 i_brand_id    | 6003008    
 i_class_id    | 3          
 i_category_id | 6          
 sales         | 46145.62   
 number_sales  | 13         
 channel       | store      
 i_brand_id    | 6003008    
 i_class_id    | 3          
 i_category_id | 6          
 sales         | 41948.28   
 number_sales  | 19         
-RECORD 63------------------
 channel       | store      
 i_brand_id    | 6004001    
 i_class_id    | 4          
 i_category_id | 6          
 sales         | 12839.97   
 number_sales  | 5          
 channel       | store      
 i_brand_id    | 6004001    
 i_class_id    | 4          
 i_category_id | 6          
 sales         | 74616.32   
 number_sales  | 16         
-RECORD 64------------------
 channel       | store      
 i_brand_id    | 6004002    
 i_class_id    | 4          
 i_category_id | 6          
 sales         | 33700.51   
 number_sales  | 11         
 channel       | store      
 i_brand_id    | 6004002    
 i_class_id    | 4          
 i_category_id | 6          
 sales         | 45202.40   
 number_sales  | 11         
-RECORD 65------------------
 channel       | store      
 i_brand_id    | 6004003    
 i_class_id    | 4          
 i_category_id | 6          
 sales         | 31387.04   
 number_sales  | 12         
 channel       | store      
 i_brand_id    | 6004003    
 i_class_id    | 4          
 i_category_id | 6          
 sales         | 103532.44  
 number_sales  | 21         
-RECORD 66------------------
 channel       | store      
 i_brand_id    | 6004004    
 i_class_id    | 4          
 i_category_id | 6          
 sales         | 42644.68   
 number_sales  | 8          
 channel       | store      
 i_brand_id    | 6004004    
 i_class_id    | 4          
 i_category_id | 6          
 sales         | 15287.71   
 number_sales  | 6          
-RECORD 67------------------
 channel       | store      
 i_brand_id    | 6004005    
 i_class_id    | 4          
 i_category_id | 6          
 sales         | 15515.22   
 number_sales  | 3          
 channel       | store      
 i_brand_id    | 6004005    
 i_class_id    | 4          
 i_category_id | 6          
 sales         | 60172.67   
 number_sales  | 16         
-RECORD 68------------------
 channel       | store      
 i_brand_id    | 6004006    
 i_class_id    | 4          
 i_category_id | 6          
 sales         | 60466.48   
 number_sales  | 15         
 channel       | store      
 i_brand_id    | 6004006    
 i_class_id    | 4          
 i_category_id | 6          
 sales         | 38426.04   
 number_sales  | 10         
-RECORD 69------------------
 channel       | store      
 i_brand_id    | 6004007    
 i_class_id    | 4          
 i_category_id | 6          
 sales         | 48158.78   
 number_sales  | 12         
 channel       | store      
 i_brand_id    | 6004007    
 i_class_id    | 4          
 i_category_id | 6          
 sales         | 55265.06   
 number_sales  | 13         
-RECORD 70------------------
 channel       | store      
 i_brand_id    | 6004008    
 i_class_id    | 4          
 i_category_id | 6          
 sales         | 110528.92  
 number_sales  | 26         
 channel       | store      
 i_brand_id    | 6004008    
 i_class_id    | 4          
 i_category_id | 6          
 sales         | 17409.99   
 number_sales  | 6          
-RECORD 71------------------
 channel       | store      
 i_brand_id    | 6005001    
 i_class_id    | 5          
 i_category_id | 6          
 sales         | 38589.67   
 number_sales  | 11         
 channel       | store      
 i_brand_id    | 6005001    
 i_class_id    | 5          
 i_category_id | 6          
 sales         | 135393.23  
 number_sales  | 42         
-RECORD 72------------------
 channel       | store      
 i_brand_id    | 6005002    
 i_class_id    | 5          
 i_category_id | 6          
 sales         | 47495.55   
 number_sales  | 8          
 channel       | store      
 i_brand_id    | 6005002    
 i_class_id    | 5          
 i_category_id | 6          
 sales         | 49267.29   
 number_sales  | 12         
-RECORD 73------------------
 channel       | store      
 i_brand_id    | 6005003    
 i_class_id    | 5          
 i_category_id | 6          
 sales         | 14884.61   
 number_sales  | 3          
 channel       | store      
 i_brand_id    | 6005003    
 i_class_id    | 5          
 i_category_id | 6          
 sales         | 74851.15   
 number_sales  | 16         
-RECORD 74------------------
 channel       | store      
 i_brand_id    | 6005005    
 i_class_id    | 5          
 i_category_id | 6          
 sales         | 37483.24   
 number_sales  | 12         
 channel       | store      
 i_brand_id    | 6005005    
 i_class_id    | 5          
 i_category_id | 6          
 sales         | 73876.82   
 number_sales  | 18         
-RECORD 75------------------
 channel       | store      
 i_brand_id    | 6005006    
 i_class_id    | 5          
 i_category_id | 6          
 sales         | 61699.19   
 number_sales  | 17         
 channel       | store      
 i_brand_id    | 6005006    
 i_class_id    | 5          
 i_category_id | 6          
 sales         | 52082.17   
 number_sales  | 11         
-RECORD 76------------------
 channel       | store      
 i_brand_id    | 6005007    
 i_class_id    | 5          
 i_category_id | 6          
 sales         | 18764.89   
 number_sales  | 5          
 channel       | store      
 i_brand_id    | 6005007    
 i_class_id    | 5          
 i_category_id | 6          
 sales         | 48445.43   
 number_sales  | 16         
-RECORD 77------------------
 channel       | store      
 i_brand_id    | 6005008    
 i_class_id    | 5          
 i_category_id | 6          
 sales         | 25927.83   
 number_sales  | 9          
 channel       | store      
 i_brand_id    | 6005008    
 i_class_id    | 5          
 i_category_id | 6          
 sales         | 16473.68   
 number_sales  | 7          
-RECORD 78------------------
 channel       | store      
 i_brand_id    | 6006001    
 i_class_id    | 6          
 i_category_id | 6          
 sales         | 36995.31   
 number_sales  | 14         
 channel       | store      
 i_brand_id    | 6006001    
 i_class_id    | 6          
 i_category_id | 6          
 sales         | 69739.81   
 number_sales  | 24         
-RECORD 79------------------
 channel       | store      
 i_brand_id    | 6006002    
 i_class_id    | 6          
 i_category_id | 6          
 sales         | 85385.16   
 number_sales  | 22         
 channel       | store      
 i_brand_id    | 6006002    
 i_class_id    | 6          
 i_category_id | 6          
 sales         | 87585.47   
 number_sales  | 23         
-RECORD 80------------------
 channel       | store      
 i_brand_id    | 6006003    
 i_class_id    | 6          
 i_category_id | 6          
 sales         | 47063.87   
 number_sales  | 11         
 channel       | store      
 i_brand_id    | 6006003    
 i_class_id    | 6          
 i_category_id | 6          
 sales         | 114431.48  
 number_sales  | 29         
-RECORD 81------------------
 channel       | store      
 i_brand_id    | 6006004    
 i_class_id    | 6          
 i_category_id | 6          
 sales         | 20527.50   
 number_sales  | 8          
 channel       | store      
 i_brand_id    | 6006004    
 i_class_id    | 6          
 i_category_id | 6          
 sales         | 23213.37   
 number_sales  | 3          
-RECORD 82------------------
 channel       | store      
 i_brand_id    | 6006005    
 i_class_id    | 6          
 i_category_id | 6          
 sales         | 7442.61    
 number_sales  | 4          
 channel       | store      
 i_brand_id    | 6006005    
 i_class_id    | 6          
 i_category_id | 6          
 sales         | 93912.14   
 number_sales  | 18         
-RECORD 83------------------
 channel       | store      
 i_brand_id    | 6006006    
 i_class_id    | 6          
 i_category_id | 6          
 sales         | 25335.02   
 number_sales  | 8          
 channel       | store      
 i_brand_id    | 6006006    
 i_class_id    | 6          
 i_category_id | 6          
 sales         | 24102.43   
 number_sales  | 5          
-RECORD 84------------------
 channel       | store      
 i_brand_id    | 6006007    
 i_class_id    | 6          
 i_category_id | 6          
 sales         | 12901.85   
 number_sales  | 6          
 channel       | store      
 i_brand_id    | 6006007    
 i_class_id    | 6          
 i_category_id | 6          
 sales         | 107194.04  
 number_sales  | 30         
-RECORD 85------------------
 channel       | store      
 i_brand_id    | 6006008    
 i_class_id    | 6          
 i_category_id | 6          
 sales         | 39533.23   
 number_sales  | 14         
 channel       | store      
 i_brand_id    | 6006008    
 i_class_id    | 6          
 i_category_id | 6          
 sales         | 48680.37   
 number_sales  | 14         
-RECORD 86------------------
 channel       | store      
 i_brand_id    | 6007001    
 i_class_id    | 7          
 i_category_id | 6          
 sales         | 9032.59    
 number_sales  | 3          
 channel       | store      
 i_brand_id    | 6007001    
 i_class_id    | 7          
 i_category_id | 6          
 sales         | 15183.24   
 number_sales  | 6          
-RECORD 87------------------
 channel       | store      
 i_brand_id    | 6007002    
 i_class_id    | 7          
 i_category_id | 6          
 sales         | 57662.38   
 number_sales  | 13         
 channel       | store      
 i_brand_id    | 6007002    
 i_class_id    | 7          
 i_category_id | 6          
 sales         | 42989.39   
 number_sales  | 13         
-RECORD 88------------------
 channel       | store      
 i_brand_id    | 6007003    
 i_class_id    | 7          
 i_category_id | 6          
 sales         | 44207.42   
 number_sales  | 17         
 channel       | store      
 i_brand_id    | 6007003    
 i_class_id    | 7          
 i_category_id | 6          
 sales         | 141091.04  
 number_sales  | 39         
-RECORD 89------------------
 channel       | store      
 i_brand_id    | 6007004    
 i_class_id    | 7          
 i_category_id | 6          
 sales         | 147787.95  
 number_sales  | 29         
 channel       | store      
 i_brand_id    | 6007004    
 i_class_id    | 7          
 i_category_id | 6          
 sales         | 69437.35   
 number_sales  | 16         
-RECORD 90------------------
 channel       | store      
 i_brand_id    | 6007005    
 i_class_id    | 7          
 i_category_id | 6          
 sales         | 33681.87   
 number_sales  | 9          
 channel       | store      
 i_brand_id    | 6007005    
 i_class_id    | 7          
 i_category_id | 6          
 sales         | 49926.37   
 number_sales  | 15         
-RECORD 91------------------
 channel       | store      
 i_brand_id    | 6007006    
 i_class_id    | 7          
 i_category_id | 6          
 sales         | 50875.60   
 number_sales  | 16         
 channel       | store      
 i_brand_id    | 6007006    
 i_class_id    | 7          
 i_category_id | 6          
 sales         | 75381.63   
 number_sales  | 24         
-RECORD 92------------------
 channel       | store      
 i_brand_id    | 6007007    
 i_class_id    | 7          
 i_category_id | 6          
 sales         | 13622.22   
 number_sales  | 7          
 channel       | store      
 i_brand_id    | 6007007    
 i_class_id    | 7          
 i_category_id | 6          
 sales         | 102650.94  
 number_sales  | 31         
-RECORD 93------------------
 channel       | store      
 i_brand_id    | 6007008    
 i_class_id    | 7          
 i_category_id | 6          
 sales         | 34697.31   
 number_sales  | 12         
 channel       | store      
 i_brand_id    | 6007008    
 i_class_id    | 7          
 i_category_id | 6          
 sales         | 49841.13   
 number_sales  | 18         
-RECORD 94------------------
 channel       | store      
 i_brand_id    | 6008001    
 i_class_id    | 8          
 i_category_id | 6          
 sales         | 44993.33   
 number_sales  | 10         
 channel       | store      
 i_brand_id    | 6008001    
 i_class_id    | 8          
 i_category_id | 6          
 sales         | 57972.98   
 number_sales  | 22         
-RECORD 95------------------
 channel       | store      
 i_brand_id    | 6008002    
 i_class_id    | 8          
 i_category_id | 6          
 sales         | 39437.31   
 number_sales  | 8          
 channel       | store      
 i_brand_id    | 6008002    
 i_class_id    | 8          
 i_category_id | 6          
 sales         | 48434.65   
 number_sales  | 14         
-RECORD 96------------------
 channel       | store      
 i_brand_id    | 6008003    
 i_class_id    | 8          
 i_category_id | 6          
 sales         | 59905.77   
 number_sales  | 14         
 channel       | store      
 i_brand_id    | 6008003    
 i_class_id    | 8          
 i_category_id | 6          
 sales         | 60930.66   
 number_sales  | 20         
-RECORD 97------------------
 channel       | store      
 i_brand_id    | 6008004    
 i_class_id    | 8          
 i_category_id | 6          
 sales         | 36676.25   
 number_sales  | 9          
 channel       | store      
 i_brand_id    | 6008004    
 i_class_id    | 8          
 i_category_id | 6          
 sales         | 31817.07   
 number_sales  | 9          
-RECORD 98------------------
 channel       | store      
 i_brand_id    | 6008005    
 i_class_id    | 8          
 i_category_id | 6          
 sales         | 84238.28   
 number_sales  | 27         
 channel       | store      
 i_brand_id    | 6008005    
 i_class_id    | 8          
 i_category_id | 6          
 sales         | 136071.70  
 number_sales  | 27         
-RECORD 99------------------
 channel       | store      
 i_brand_id    | 6008007    
 i_class_id    | 8          
 i_category_id | 6          
 sales         | 14672.77   
 number_sales  | 7          
 channel       | store      
 i_brand_id    | 6008007    
 i_class_id    | 8          
 i_category_id | 6          
 sales         | 59474.21   
 number_sales  | 18
           