-- Automatically generated by TPCDSQueryValidator$
-RECORD 0-------------------
 c_last_name  | Winchester  
 c_first_name | Margaret    
 s_store_name | bar         
 paid         | 14269.20    
-RECORD 1-------------------
 c_last_name  | Townsend    
 c_first_name | Franklin    
 s_store_name | able        
 paid         | 68983.20    
-RECORD 2-------------------
 c_last_name  | Littlefield 
 c_first_name | Clarence    
 s_store_name | able        
 paid         | 127380.00   
-RECORD 3-------------------
 c_last_name  | Pettit      
 c_first_name | Richard     
 s_store_name | able        
 paid         | 3930.52     
-RECORD 4-------------------
 c_last_name  | Kunz        
 c_first_name | Lee         
 s_store_name | able        
 paid         | 34631.52    
-RECORD 5-------------------
 c_last_name  | null        
 c_first_name | Tommy       
 s_store_name | able        
 paid         | 38118.08    
-RECORD 6-------------------
 c_last_name  | Holt        
 c_first_name | Curtis      
 s_store_name | able        
 paid         | 8225.80
           