-- Automatically generated by TPCDSQueryValidator$
-RECORD 0-----------------------
 i_item_id | AAAAAAAAAAAEAAAA   
 agg1      | 63.0               
 agg2      | 30.010000          
 agg3      | 0.000000           
 agg4      | 25.290000          
-RECORD 1-----------------------
 i_item_id | AAAAAAAAAABEAAAA   
 agg1      | 96.0               
 agg2      | 75.340000          
 agg3      | 0.000000           
 agg4      | 10.540000          
-RECORD 2-----------------------
 i_item_id | AAAAAAAAAACAAAAA   
 agg1      | 73.0               
 agg2      | 199.770000         
 agg3      | 0.000000           
 agg4      | 41.950000          
-RECORD 3-----------------------
 i_item_id | AAAAAAAAAACCAAAA   
 agg1      | 23.5               
 agg2      | 26.620000          
 agg3      | 110.970000         
 agg4      | 14.200000          
-RECORD 4-----------------------
 i_item_id | AAAAAAAAAADBAAAA   
 agg1      | 23.0               
 agg2      | 131.560000         
 agg3      | 0.000000           
 agg4      | 26.310000          
-RECORD 5-----------------------
 i_item_id | AAAAAAAAAADEAAAA   
 agg1      | 15.0               
 agg2      | 283.910000         
 agg3      | 0.000000           
 agg4      | 19.870000          
-RECORD 6-----------------------
 i_item_id | AAAAAAAAAAEAAAAA   
 agg1      | 71.0               
 agg2      | 176.713333         
 agg3      | 0.000000           
 agg4      | 142.693333         
-RECORD 7-----------------------
 i_item_id | AAAAAAAAAAEBAAAA   
 agg1      | 96.0               
 agg2      | 66.740000          
 agg3      | 1014.390000        
 agg4      | 16.010000          
-RECORD 8-----------------------
 i_item_id | AAAAAAAAAAFCAAAA   
 agg1      | 85.0               
 agg2      | 76.810000          
 agg3      | 143.610000         
 agg4      | 42.240000          
-RECORD 9-----------------------
 i_item_id | AAAAAAAAAAGEAAAA   
 agg1      | 47.0               
 agg2      | 136.925000         
 agg3      | 0.000000           
 agg4      | 95.275000          
-RECORD 10----------------------
 i_item_id | AAAAAAAAAAHBAAAA   
 agg1      | 27.0               
 agg2      | 105.840000         
 agg3      | 0.000000           
 agg4      | 35.980000          
-RECORD 11----------------------
 i_item_id | AAAAAAAAAAIDAAAA   
 agg1      | 78.33333333333333  
 agg2      | 126.370000         
 agg3      | 0.000000           
 agg4      | 61.943333          
-RECORD 12----------------------
 i_item_id | AAAAAAAAAAJBAAAA   
 agg1      | 60.333333333333336 
 agg2      | 85.596667          
 agg3      | 23.200000          
 agg4      | 15.500000          
-RECORD 13----------------------
 i_item_id | AAAAAAAAAAKDAAAA   
 agg1      | 21.0               
 agg2      | 84.415000          
 agg3      | 0.000000           
 agg4      | 26.850000          
-RECORD 14----------------------
 i_item_id | AAAAAAAAAALCAAAA   
 agg1      | 20.0               
 agg2      | 62.790000          
 agg3      | 0.000000           
 agg4      | 48.970000          
-RECORD 15----------------------
 i_item_id | AAAAAAAAAALDAAAA   
 agg1      | 49.0               
 agg2      | 73.155000          
 agg3      | 0.000000           
 agg4      | 21.005000          
-RECORD 16----------------------
 i_item_id | AAAAAAAAAAMCAAAA   
 agg1      | 81.0               
 agg2      | 229.620000         
 agg3      | 15221.170000       
 agg4      | 202.060000         
-RECORD 17----------------------
 i_item_id | AAAAAAAAAANAAAAA   
 agg1      | 42.0               
 agg2      | 79.990000          
 agg3      | 0.000000           
 agg4      | 76.790000          
-RECORD 18----------------------
 i_item_id | AAAAAAAAAANDAAAA   
 agg1      | 94.0               
 agg2      | 27.920000          
 agg3      | 0.000000           
 agg4      | 1.670000           
-RECORD 19----------------------
 i_item_id | AAAAAAAAAAOAAAAA   
 agg1      | 66.0               
 agg2      | 44.295000          
 agg3      | 25.820000          
 agg4      | 10.055000          
-RECORD 20----------------------
 i_item_id | AAAAAAAAAAOCAAAA   
 agg1      | 34.333333333333336 
 agg2      | 84.496667          
 agg3      | 1133.953333        
 agg4      | 63.430000          
-RECORD 21----------------------
 i_item_id | AAAAAAAAABABAAAA   
 agg1      | 45.0               
 agg2      | 79.820000          
 agg3      | 0.000000           
 agg4      | 67.840000          
-RECORD 22----------------------
 i_item_id | AAAAAAAAABAEAAAA   
 agg1      | 1.0                
 agg2      | 171.540000         
 agg3      | 0.000000           
 agg4      | 49.740000          
-RECORD 23----------------------
 i_item_id | AAAAAAAAABBAAAAA   
 agg1      | 8.0                
 agg2      | 279.080000         
 agg3      | 0.000000           
 agg4      | 55.810000          
-RECORD 24----------------------
 i_item_id | AAAAAAAAABBCAAAA   
 agg1      | 56.0               
 agg2      | 45.970000          
 agg3      | 1286.380000        
 agg4      | 23.440000          
-RECORD 25----------------------
 i_item_id | AAAAAAAAABBDAAAA   
 agg1      | 47.0               
 agg2      | 22.440000          
 agg3      | 0.000000           
 agg4      | 21.990000          
-RECORD 26----------------------
 i_item_id | AAAAAAAAABCBAAAA   
 agg1      | 84.0               
 agg2      | 43.870000          
 agg3      | 0.000000           
 agg4      | 28.510000          
-RECORD 27----------------------
 i_item_id | AAAAAAAAABEDAAAA   
 agg1      | 43.0               
 agg2      | 105.770000         
 agg3      | 668.400000         
 agg4      | 37.010000          
-RECORD 28----------------------
 i_item_id | AAAAAAAAABFEAAAA   
 agg1      | 66.0               
 agg2      | 239.550000         
 agg3      | 0.000000           
 agg4      | 184.450000         
-RECORD 29----------------------
 i_item_id | AAAAAAAAABJAAAAA   
 agg1      | 49.0               
 agg2      | 10.240000          
 agg3      | 0.000000           
 agg4      | 8.080000           
-RECORD 30----------------------
 i_item_id | AAAAAAAAABKAAAAA   
 agg1      | 71.0               
 agg2      | 99.420000          
 agg3      | 0.000000           
 agg4      | 15.900000          
-RECORD 31----------------------
 i_item_id | AAAAAAAAABLBAAAA   
 agg1      | 40.0               
 agg2      | 233.600000         
 agg3      | 0.000000           
 agg4      | 93.440000          
-RECORD 32----------------------
 i_item_id | AAAAAAAAABOCAAAA   
 agg1      | 51.0               
 agg2      | 4.550000           
 agg3      | 0.000000           
 agg4      | 4.140000           
-RECORD 33----------------------
 i_item_id | AAAAAAAAACCAAAAA   
 agg1      | 39.0               
 agg2      | 63.745000          
 agg3      | 22.260000          
 agg4      | 17.785000          
-RECORD 34----------------------
 i_item_id | AAAAAAAAACDCAAAA   
 agg1      | 51.0               
 agg2      | 158.975000         
 agg3      | 1334.070000        
 agg4      | 124.785000         
-RECORD 35----------------------
 i_item_id | AAAAAAAAACDDAAAA   
 agg1      | 85.5               
 agg2      | 75.735000          
 agg3      | 0.000000           
 agg4      | 36.285000          
-RECORD 36----------------------
 i_item_id | AAAAAAAAACEEAAAA   
 agg1      | 38.0               
 agg2      | 78.690000          
 agg3      | 0.000000           
 agg4      | 19.670000          
-RECORD 37----------------------
 i_item_id | AAAAAAAAACFDAAAA   
 agg1      | 93.0               
 agg2      | 59.440000          
 agg3      | 0.000000           
 agg4      | 7.720000           
-RECORD 38----------------------
 i_item_id | AAAAAAAAACGCAAAA   
 agg1      | 55.0               
 agg2      | 103.210000         
 agg3      | 0.000000           
 agg4      | 27.860000          
-RECORD 39----------------------
 i_item_id | AAAAAAAAACHBAAAA   
 agg1      | 62.0               
 agg2      | 180.290000         
 agg3      | 0.000000           
 agg4      | 32.450000          
-RECORD 40----------------------
 i_item_id | AAAAAAAAACIBAAAA   
 agg1      | 95.0               
 agg2      | 214.400000         
 agg3      | 0.000000           
 agg4      | 4.280000           
-RECORD 41----------------------
 i_item_id | AAAAAAAAACKBAAAA   
 agg1      | 59.0               
 agg2      | 92.910000          
 agg3      | 0.000000           
 agg4      | 29.675000          
-RECORD 42----------------------
 i_item_id | AAAAAAAAACMCAAAA   
 agg1      | 65.0               
 agg2      | 119.550000         
 agg3      | 0.000000           
 agg4      | 84.880000          
-RECORD 43----------------------
 i_item_id | AAAAAAAAACNBAAAA   
 agg1      | 65.0               
 agg2      | 169.290000         
 agg3      | 0.000000           
 agg4      | 121.880000         
-RECORD 44----------------------
 i_item_id | AAAAAAAAACNCAAAA   
 agg1      | 12.0               
 agg2      | 64.160000          
 agg3      | 0.000000           
 agg4      | 16.040000          
-RECORD 45----------------------
 i_item_id | AAAAAAAAACOBAAAA   
 agg1      | 90.0               
 agg2      | 50.840000          
 agg3      | 0.000000           
 agg4      | 6.100000           
-RECORD 46----------------------
 i_item_id | AAAAAAAAACODAAAA   
 agg1      | 46.0               
 agg2      | 35.840000          
 agg3      | 0.000000           
 agg4      | 16.276667          
-RECORD 47----------------------
 i_item_id | AAAAAAAAACPAAAAA   
 agg1      | 62.0               
 agg2      | 191.000000         
 agg3      | 823.815000         
 agg4      | 132.195000         
-RECORD 48----------------------
 i_item_id | AAAAAAAAADABAAAA   
 agg1      | 31.0               
 agg2      | 30.660000          
 agg3      | 0.000000           
 agg4      | 2.450000           
-RECORD 49----------------------
 i_item_id | AAAAAAAAADACAAAA   
 agg1      | 31.0               
 agg2      | 174.060000         
 agg3      | 0.000000           
 agg4      | 46.990000          
-RECORD 50----------------------
 i_item_id | AAAAAAAAADAEAAAA   
 agg1      | 21.0               
 agg2      | 65.430000          
 agg3      | 0.000000           
 agg4      | 62.150000          
-RECORD 51----------------------
 i_item_id | AAAAAAAAADBAAAAA   
 agg1      | 88.0               
 agg2      | 102.570000         
 agg3      | 7392.180000        
 agg4      | 92.310000          
-RECORD 52----------------------
 i_item_id | AAAAAAAAADBDAAAA   
 agg1      | 67.0               
 agg2      | 221.220000         
 agg3      | 0.000000           
 agg4      | 79.630000          
-RECORD 53----------------------
 i_item_id | AAAAAAAAADCAAAAA   
 agg1      | 67.0               
 agg2      | 70.160000          
 agg3      | 2248.620000        
 agg4      | 36.480000          
-RECORD 54----------------------
 i_item_id | AAAAAAAAADCDAAAA   
 agg1      | 37.0               
 agg2      | 92.280000          
 agg3      | 0.000000           
 agg4      | 31.660000          
-RECORD 55----------------------
 i_item_id | AAAAAAAAADDCAAAA   
 agg1      | 27.0               
 agg2      | 133.790000         
 agg3      | 0.000000           
 agg4      | 14.710000          
-RECORD 56----------------------
 i_item_id | AAAAAAAAADEAAAAA   
 agg1      | 99.0               
 agg2      | 26.540000          
 agg3      | 0.000000           
 agg4      | 8.750000           
-RECORD 57----------------------
 i_item_id | AAAAAAAAADFDAAAA   
 agg1      | 49.0               
 agg2      | 56.580000          
 agg3      | 0.000000           
 agg4      | 5.650000           
-RECORD 58----------------------
 i_item_id | AAAAAAAAADGEAAAA   
 agg1      | 49.0               
 agg2      | 87.960000          
 agg3      | 0.000000           
 agg4      | 15.830000          
-RECORD 59----------------------
 i_item_id | AAAAAAAAADHAAAAA   
 agg1      | 36.0               
 agg2      | 32.890000          
 agg3      | 849.520000         
 agg4      | 25.650000          
-RECORD 60----------------------
 i_item_id | AAAAAAAAADIAAAAA   
 agg1      | 98.0               
 agg2      | 168.890000         
 agg3      | 0.000000           
 agg4      | 69.240000          
-RECORD 61----------------------
 i_item_id | AAAAAAAAADIDAAAA   
 agg1      | 5.0                
 agg2      | 99.295000          
 agg3      | 0.000000           
 agg4      | 86.445000          
-RECORD 62----------------------
 i_item_id | AAAAAAAAADJBAAAA   
 agg1      | 87.0               
 agg2      | 88.350000          
 agg3      | 7.680000           
 agg4      | 8.830000           
-RECORD 63----------------------
 i_item_id | AAAAAAAAADJCAAAA   
 agg1      | 71.0               
 agg2      | 30.500000          
 agg3      | 0.000000           
 agg4      | 7.010000           
-RECORD 64----------------------
 i_item_id | AAAAAAAAADKAAAAA   
 agg1      | 40.5               
 agg2      | 123.010000         
 agg3      | 0.000000           
 agg4      | 8.120000           
-RECORD 65----------------------
 i_item_id | AAAAAAAAADKBAAAA   
 agg1      | 23.0               
 agg2      | 61.770000          
 agg3      | 0.000000           
 agg4      | 52.500000          
-RECORD 66----------------------
 i_item_id | AAAAAAAAADLAAAAA   
 agg1      | 35.0               
 agg2      | 108.690000         
 agg3      | 0.000000           
 agg4      | 78.250000          
-RECORD 67----------------------
 i_item_id | AAAAAAAAADMBAAAA   
 agg1      | 14.0               
 agg2      | 181.430000         
 agg3      | 0.000000           
 agg4      | 170.540000         
-RECORD 68----------------------
 i_item_id | AAAAAAAAADNAAAAA   
 agg1      | 23.0               
 agg2      | 43.280000          
 agg3      | 0.000000           
 agg4      | 5.620000           
-RECORD 69----------------------
 i_item_id | AAAAAAAAADNBAAAA   
 agg1      | 19.0               
 agg2      | 119.640000         
 agg3      | 0.000000           
 agg4      | 7.170000           
-RECORD 70----------------------
 i_item_id | AAAAAAAAADOCAAAA   
 agg1      | 37.5               
 agg2      | 30.225000          
 agg3      | 0.000000           
 agg4      | 19.355000          
-RECORD 71----------------------
 i_item_id | AAAAAAAAADODAAAA   
 agg1      | 66.0               
 agg2      | 4.610000           
 agg3      | 0.000000           
 agg4      | 2.530000           
-RECORD 72----------------------
 i_item_id | AAAAAAAAAEADAAAA   
 agg1      | 63.0               
 agg2      | 153.040000         
 agg3      | 0.000000           
 agg4      | 148.440000         
-RECORD 73----------------------
 i_item_id | AAAAAAAAAEAEAAAA   
 agg1      | 25.0               
 agg2      | 189.940000         
 agg3      | 0.000000           
 agg4      | 144.350000         
-RECORD 74----------------------
 i_item_id | AAAAAAAAAEBAAAAA   
 agg1      | 15.0               
 agg2      | 96.740000          
 agg3      | 0.000000           
 agg4      | 10.640000          
-RECORD 75----------------------
 i_item_id | AAAAAAAAAECBAAAA   
 agg1      | 57.0               
 agg2      | 31.660000          
 agg3      | 0.000000           
 agg4      | 11.390000          
-RECORD 76----------------------
 i_item_id | AAAAAAAAAEDBAAAA   
 agg1      | 90.0               
 agg2      | 185.310000         
 agg3      | 0.000000           
 agg4      | 18.530000          
-RECORD 77----------------------
 i_item_id | AAAAAAAAAEFBAAAA   
 agg1      | 44.0               
 agg2      | 56.320000          
 agg3      | 0.000000           
 agg4      | 39.495000          
-RECORD 78----------------------
 i_item_id | AAAAAAAAAEFCAAAA   
 agg1      | 14.0               
 agg2      | 136.800000         
 agg3      | 735.430000         
 agg4      | 82.080000          
-RECORD 79----------------------
 i_item_id | AAAAAAAAAEGBAAAA   
 agg1      | 93.0               
 agg2      | 138.200000         
 agg3      | 0.000000           
 agg4      | 134.050000         
-RECORD 80----------------------
 i_item_id | AAAAAAAAAEGDAAAA   
 agg1      | 71.0               
 agg2      | 109.730000         
 agg3      | 332.440000         
 agg4      | 59.200000          
-RECORD 81----------------------
 i_item_id | AAAAAAAAAEHCAAAA   
 agg1      | 73.0               
 agg2      | 216.230000         
 agg3      | 0.000000           
 agg4      | 211.900000         
-RECORD 82----------------------
 i_item_id | AAAAAAAAAEHDAAAA   
 agg1      | 28.0               
 agg2      | 85.425000          
 agg3      | 0.000000           
 agg4      | 38.965000          
-RECORD 83----------------------
 i_item_id | AAAAAAAAAEJBAAAA   
 agg1      | 46.0               
 agg2      | 85.180000          
 agg3      | 0.000000           
 agg4      | 79.210000          
-RECORD 84----------------------
 i_item_id | AAAAAAAAAEKCAAAA   
 agg1      | 59.0               
 agg2      | 69.260000          
 agg3      | 0.000000           
 agg4      | 2.070000           
-RECORD 85----------------------
 i_item_id | AAAAAAAAAEMDAAAA   
 agg1      | 3.0                
 agg2      | 183.780000         
 agg3      | 0.000000           
 agg4      | 134.150000         
-RECORD 86----------------------
 i_item_id | AAAAAAAAAFAAAAAA   
 agg1      | 54.0               
 agg2      | 255.710000         
 agg3      | 0.000000           
 agg4      | 86.940000          
-RECORD 87----------------------
 i_item_id | AAAAAAAAAFADAAAA   
 agg1      | 90.0               
 agg2      | 51.000000          
 agg3      | 0.000000           
 agg4      | 7.650000           
-RECORD 88----------------------
 i_item_id | AAAAAAAAAFBEAAAA   
 agg1      | 34.5               
 agg2      | 105.160000         
 agg3      | 0.000000           
 agg4      | 37.665000          
-RECORD 89----------------------
 i_item_id | AAAAAAAAAFCDAAAA   
 agg1      | 81.0               
 agg2      | 66.525000          
 agg3      | 0.000000           
 agg4      | 54.125000          
-RECORD 90----------------------
 i_item_id | AAAAAAAAAFDDAAAA   
 agg1      | 24.0               
 agg2      | 110.745000         
 agg3      | 0.000000           
 agg4      | 56.095000          
-RECORD 91----------------------
 i_item_id | AAAAAAAAAFEEAAAA   
 agg1      | 44.0               
 agg2      | 78.870000          
 agg3      | 2115.770000        
 agg4      | 71.770000          
-RECORD 92----------------------
 i_item_id | AAAAAAAAAFFBAAAA   
 agg1      | 39.5               
 agg2      | 189.825000         
 agg3      | 0.000000           
 agg4      | 56.225000          
-RECORD 93----------------------
 i_item_id | AAAAAAAAAFFDAAAA   
 agg1      | 27.0               
 agg2      | 73.310000          
 agg3      | 37.250000          
 agg4      | 2.190000           
-RECORD 94----------------------
 i_item_id | AAAAAAAAAFGCAAAA   
 agg1      | 64.0               
 agg2      | 164.065000         
 agg3      | 883.155000         
 agg4      | 150.200000         
-RECORD 95----------------------
 i_item_id | AAAAAAAAAFHBAAAA   
 agg1      | 18.0               
 agg2      | 92.060000          
 agg3      | 0.000000           
 agg4      | 26.690000          
-RECORD 96----------------------
 i_item_id | AAAAAAAAAFIDAAAA   
 agg1      | 26.0               
 agg2      | 165.650000         
 agg3      | 409.990000         
 agg4      | 46.380000          
-RECORD 97----------------------
 i_item_id | AAAAAAAAAFLBAAAA   
 agg1      | 12.5               
 agg2      | 146.010000         
 agg3      | 13.645000          
 agg4      | 118.775000         
-RECORD 98----------------------
 i_item_id | AAAAAAAAAFMCAAAA   
 agg1      | 41.0               
 agg2      | 37.880000          
 agg3      | 0.000000           
 agg4      | 13.630000          
-RECORD 99----------------------
 i_item_id | AAAAAAAAAFMDAAAA   
 agg1      | 72.0               
 agg2      | 97.770000          
 agg3      | 0.000000           
 agg4      | 24.440000
           