-- Automatically generated by TPCDSQueryValidator$
-RECORD 0----------------------
 i_item_id | null              
 s_state   | null              
 g_state   | 1                 
 agg1      | 51.05758807588076 
 agg2      | 75.659586         
 agg3      | 194.407904        
 agg4      | 38.256373         
-RECORD 1----------------------
 i_item_id | AAAAAAAAAAABAAAA  
 s_state   | null              
 g_state   | 1                 
 agg1      | 46.0              
 agg2      | 114.720000        
 agg3      | 0.000000          
 agg4      | 32.120000         
-RECORD 2----------------------
 i_item_id | AAAAAAAAAAABAAAA  
 s_state   | TN                
 g_state   | 0                 
 agg1      | 46.0              
 agg2      | 114.720000        
 agg3      | 0.000000          
 agg4      | 32.120000         
-RECORD 3----------------------
 i_item_id | AAAAAAAAAAAEAAAA  
 s_state   | null              
 g_state   | 1                 
 agg1      | 100.0             
 agg2      | 77.970000         
 agg3      | 0.000000          
 agg4      | 57.690000         
-RECORD 4----------------------
 i_item_id | AAAAAAAAAAAEAAAA  
 s_state   | TN                
 g_state   | 0                 
 agg1      | 100.0             
 agg2      | 77.970000         
 agg3      | 0.000000          
 agg4      | 57.690000         
-RECORD 5----------------------
 i_item_id | AAAAAAAAAABAAAAA  
 s_state   | null              
 g_state   | 1                 
 agg1      | 6.0               
 agg2      | 48.890000         
 agg3      | 13.610000         
 agg4      | 2.440000          
-RECORD 6----------------------
 i_item_id | AAAAAAAAAABAAAAA  
 s_state   | TN                
 g_state   | 0                 
 agg1      | 6.0               
 agg2      | 48.890000         
 agg3      | 13.610000         
 agg4      | 2.440000          
-RECORD 7----------------------
 i_item_id | AAAAAAAAAACAAAAA  
 s_state   | null              
 g_state   | 1                 
 agg1      | 62.0              
 agg2      | 32.213333         
 agg3      | 0.000000          
 agg4      | 5.506667          
-RECORD 8----------------------
 i_item_id | AAAAAAAAAACAAAAA  
 s_state   | TN                
 g_state   | 0                 
 agg1      | 62.0              
 agg2      | 32.213333         
 agg3      | 0.000000          
 agg4      | 5.506667          
-RECORD 9----------------------
 i_item_id | AAAAAAAAAACDAAAA  
 s_state   | null              
 g_state   | 1                 
 agg1      | 97.0              
 agg2      | 161.780000        
 agg3      | 0.000000          
 agg4      | 55.000000         
-RECORD 10---------------------
 i_item_id | AAAAAAAAAACDAAAA  
 s_state   | TN                
 g_state   | 0                 
 agg1      | 97.0              
 agg2      | 161.780000        
 agg3      | 0.000000          
 agg4      | 55.000000         
-RECORD 11---------------------
 i_item_id | AAAAAAAAAADBAAAA  
 s_state   | null              
 g_state   | 1                 
 agg1      | 28.0              
 agg2      | 136.010000        
 agg3      | 575.760000        
 agg4      | 73.440000         
-RECORD 12---------------------
 i_item_id | AAAAAAAAAADBAAAA  
 s_state   | TN                
 g_state   | 0                 
 agg1      | 28.0              
 agg2      | 136.010000        
 agg3      | 575.760000        
 agg4      | 73.440000         
-RECORD 13---------------------
 i_item_id | AAAAAAAAAADCAAAA  
 s_state   | null              
 g_state   | 1                 
 agg1      | 64.0              
 agg2      | 116.140000        
 agg3      | 0.000000          
 agg4      | 108.010000        
-RECORD 14---------------------
 i_item_id | AAAAAAAAAADCAAAA  
 s_state   | TN                
 g_state   | 0                 
 agg1      | 64.0              
 agg2      | 116.140000        
 agg3      | 0.000000          
 agg4      | 108.010000        
-RECORD 15---------------------
 i_item_id | AAAAAAAAAAEBAAAA  
 s_state   | null              
 g_state   | 1                 
 agg1      | 9.0               
 agg2      | 5.430000          
 agg3      | 0.000000          
 agg4      | 5.210000          
-RECORD 16---------------------
 i_item_id | AAAAAAAAAAEBAAAA  
 s_state   | TN                
 g_state   | 0                 
 agg1      | 9.0               
 agg2      | 5.430000          
 agg3      | 0.000000          
 agg4      | 5.210000          
-RECORD 17---------------------
 i_item_id | AAAAAAAAAAEDAAAA  
 s_state   | null              
 g_state   | 1                 
 agg1      | 45.5              
 agg2      | 87.635000         
 agg3      | 0.000000          
 agg4      | 51.840000         
-RECORD 18---------------------
 i_item_id | AAAAAAAAAAEDAAAA  
 s_state   | TN                
 g_state   | 0                 
 agg1      | 45.5              
 agg2      | 87.635000         
 agg3      | 0.000000          
 agg4      | 51.840000         
-RECORD 19---------------------
 i_item_id | AAAAAAAAAAGBAAAA  
 s_state   | null              
 g_state   | 1                 
 agg1      | 29.0              
 agg2      | 101.940000        
 agg3      | 0.000000          
 agg4      | 100.920000        
-RECORD 20---------------------
 i_item_id | AAAAAAAAAAGBAAAA  
 s_state   | TN                
 g_state   | 0                 
 agg1      | 29.0              
 agg2      | 101.940000        
 agg3      | 0.000000          
 agg4      | 100.920000        
-RECORD 21---------------------
 i_item_id | AAAAAAAAAAGCAAAA  
 s_state   | null              
 g_state   | 1                 
 agg1      | 97.0              
 agg2      | 65.270000         
 agg3      | 0.000000          
 agg4      | 21.530000         
-RECORD 22---------------------
 i_item_id | AAAAAAAAAAGCAAAA  
 s_state   | TN                
 g_state   | 0                 
 agg1      | 97.0              
 agg2      | 65.270000         
 agg3      | 0.000000          
 agg4      | 21.530000         
-RECORD 23---------------------
 i_item_id | AAAAAAAAAAGEAAAA  
 s_state   | null              
 g_state   | 1                 
 agg1      | 55.0              
 agg2      | 73.875000         
 agg3      | 0.000000          
 agg4      | 71.000000         
-RECORD 24---------------------
 i_item_id | AAAAAAAAAAGEAAAA  
 s_state   | TN                
 g_state   | 0                 
 agg1      | 55.0              
 agg2      | 73.875000         
 agg3      | 0.000000          
 agg4      | 71.000000         
-RECORD 25---------------------
 i_item_id | AAAAAAAAAAHAAAAA  
 s_state   | null              
 g_state   | 1                 
 agg1      | 20.0              
 agg2      | 134.300000        
 agg3      | 0.000000          
 agg4      | 119.520000        
-RECORD 26---------------------
 i_item_id | AAAAAAAAAAHAAAAA  
 s_state   | TN                
 g_state   | 0                 
 agg1      | 20.0              
 agg2      | 134.300000        
 agg3      | 0.000000          
 agg4      | 119.520000        
-RECORD 27---------------------
 i_item_id | AAAAAAAAAAHBAAAA  
 s_state   | null              
 g_state   | 1                 
 agg1      | 97.0              
 agg2      | 7.400000          
 agg3      | 0.000000          
 agg4      | 6.730000          
-RECORD 28---------------------
 i_item_id | AAAAAAAAAAHBAAAA  
 s_state   | TN                
 g_state   | 0                 
 agg1      | 97.0              
 agg2      | 7.400000          
 agg3      | 0.000000          
 agg4      | 6.730000          
-RECORD 29---------------------
 i_item_id | AAAAAAAAAAHDAAAA  
 s_state   | null              
 g_state   | 1                 
 agg1      | 69.0              
 agg2      | 5.620000          
 agg3      | 0.000000          
 agg4      | 0.330000          
-RECORD 30---------------------
 i_item_id | AAAAAAAAAAHDAAAA  
 s_state   | TN                
 g_state   | 0                 
 agg1      | 69.0              
 agg2      | 5.620000          
 agg3      | 0.000000          
 agg4      | 0.330000          
-RECORD 31---------------------
 i_item_id | AAAAAAAAAAIAAAAA  
 s_state   | null              
 g_state   | 1                 
 agg1      | 87.0              
 agg2      | 106.980000        
 agg3      | 0.000000          
 agg4      | 27.810000         
-RECORD 32---------------------
 i_item_id | AAAAAAAAAAIAAAAA  
 s_state   | TN                
 g_state   | 0                 
 agg1      | 87.0              
 agg2      | 106.980000        
 agg3      | 0.000000          
 agg4      | 27.810000         
-RECORD 33---------------------
 i_item_id | AAAAAAAAAAKBAAAA  
 s_state   | null              
 g_state   | 1                 
 agg1      | 84.5              
 agg2      | 66.175000         
 agg3      | 847.835000        
 agg4      | 57.380000         
-RECORD 34---------------------
 i_item_id | AAAAAAAAAAKBAAAA  
 s_state   | TN                
 g_state   | 0                 
 agg1      | 84.5              
 agg2      | 66.175000         
 agg3      | 847.835000        
 agg4      | 57.380000         
-RECORD 35---------------------
 i_item_id | AAAAAAAAAALAAAAA  
 s_state   | null              
 g_state   | 1                 
 agg1      | 6.0               
 agg2      | 32.280000         
 agg3      | 0.000000          
 agg4      | 7.420000          
-RECORD 36---------------------
 i_item_id | AAAAAAAAAALAAAAA  
 s_state   | TN                
 g_state   | 0                 
 agg1      | 6.0               
 agg2      | 32.280000         
 agg3      | 0.000000          
 agg4      | 7.420000          
-RECORD 37---------------------
 i_item_id | AAAAAAAAAALCAAAA  
 s_state   | null              
 g_state   | 1                 
 agg1      | 98.0              
 agg2      | 34.310000         
 agg3      | 55.300000         
 agg4      | 1.710000          
-RECORD 38---------------------
 i_item_id | AAAAAAAAAALCAAAA  
 s_state   | TN                
 g_state   | 0                 
 agg1      | 98.0              
 agg2      | 34.310000         
 agg3      | 55.300000         
 agg4      | 1.710000          
-RECORD 39---------------------
 i_item_id | AAAAAAAAAALDAAAA  
 s_state   | null              
 g_state   | 1                 
 agg1      | 59.0              
 agg2      | 129.470000        
 agg3      | 713.900000        
 agg4      | 22.000000         
-RECORD 40---------------------
 i_item_id | AAAAAAAAAALDAAAA  
 s_state   | TN                
 g_state   | 0                 
 agg1      | 59.0              
 agg2      | 129.470000        
 agg3      | 713.900000        
 agg4      | 22.000000         
-RECORD 41---------------------
 i_item_id | AAAAAAAAAANAAAAA  
 s_state   | null              
 g_state   | 1                 
 agg1      | 74.0              
 agg2      | 60.875000         
 agg3      | 0.000000          
 agg4      | 13.200000         
-RECORD 42---------------------
 i_item_id | AAAAAAAAAANAAAAA  
 s_state   | TN                
 g_state   | 0                 
 agg1      | 74.0              
 agg2      | 60.875000         
 agg3      | 0.000000          
 agg4      | 13.200000         
-RECORD 43---------------------
 i_item_id | AAAAAAAAAANBAAAA  
 s_state   | null              
 g_state   | 1                 
 agg1      | 96.0              
 agg2      | 130.790000        
 agg3      | 1864.510000       
 agg4      | 129.480000        
-RECORD 44---------------------
 i_item_id | AAAAAAAAAANBAAAA  
 s_state   | TN                
 g_state   | 0                 
 agg1      | 96.0              
 agg2      | 130.790000        
 agg3      | 1864.510000       
 agg4      | 129.480000        
-RECORD 45---------------------
 i_item_id | AAAAAAAAAAOAAAAA  
 s_state   | null              
 g_state   | 1                 
 agg1      | 85.0              
 agg2      | 130.340000        
 agg3      | 0.000000          
 agg4      | 122.510000        
-RECORD 46---------------------
 i_item_id | AAAAAAAAAAOAAAAA  
 s_state   | TN                
 g_state   | 0                 
 agg1      | 85.0              
 agg2      | 130.340000        
 agg3      | 0.000000          
 agg4      | 122.510000        
-RECORD 47---------------------
 i_item_id | AAAAAAAAAAOCAAAA  
 s_state   | null              
 g_state   | 1                 
 agg1      | 14.0              
 agg2      | 64.575000         
 agg3      | 0.000000          
 agg4      | 33.975000         
-RECORD 48---------------------
 i_item_id | AAAAAAAAAAOCAAAA  
 s_state   | TN                
 g_state   | 0                 
 agg1      | 14.0              
 agg2      | 64.575000         
 agg3      | 0.000000          
 agg4      | 33.975000         
-RECORD 49---------------------
 i_item_id | AAAAAAAAAAODAAAA  
 s_state   | null              
 g_state   | 1                 
 agg1      | 84.0              
 agg2      | 30.500000         
 agg3      | 0.000000          
 agg4      | 28.970000         
-RECORD 50---------------------
 i_item_id | AAAAAAAAAAODAAAA  
 s_state   | TN                
 g_state   | 0                 
 agg1      | 84.0              
 agg2      | 30.500000         
 agg3      | 0.000000          
 agg4      | 28.970000         
-RECORD 51---------------------
 i_item_id | AAAAAAAAAAPBAAAA  
 s_state   | null              
 g_state   | 1                 
 agg1      | 45.0              
 agg2      | 118.890000        
 agg3      | 2380.595000       
 agg4      | 84.715000         
-RECORD 52---------------------
 i_item_id | AAAAAAAAAAPBAAAA  
 s_state   | TN                
 g_state   | 0                 
 agg1      | 45.0              
 agg2      | 118.890000        
 agg3      | 2380.595000       
 agg4      | 84.715000         
-RECORD 53---------------------
 i_item_id | AAAAAAAAABAAAAAA  
 s_state   | null              
 g_state   | 1                 
 agg1      | 97.0              
 agg2      | 124.750000        
 agg3      | 0.000000          
 agg4      | 74.850000         
-RECORD 54---------------------
 i_item_id | AAAAAAAAABAAAAAA  
 s_state   | TN                
 g_state   | 0                 
 agg1      | 97.0              
 agg2      | 124.750000        
 agg3      | 0.000000          
 agg4      | 74.850000         
-RECORD 55---------------------
 i_item_id | AAAAAAAAABABAAAA  
 s_state   | null              
 g_state   | 1                 
 agg1      | 31.0              
 agg2      | 29.980000         
 agg3      | 17.090000         
 agg4      | 27.580000         
-RECORD 56---------------------
 i_item_id | AAAAAAAAABABAAAA  
 s_state   | TN                
 g_state   | 0                 
 agg1      | 31.0              
 agg2      | 29.980000         
 agg3      | 17.090000         
 agg4      | 27.580000         
-RECORD 57---------------------
 i_item_id | AAAAAAAAABAEAAAA  
 s_state   | null              
 g_state   | 1                 
 agg1      | 34.0              
 agg2      | 17.210000         
 agg3      | 0.000000          
 agg4      | 13.420000         
-RECORD 58---------------------
 i_item_id | AAAAAAAAABAEAAAA  
 s_state   | TN                
 g_state   | 0                 
 agg1      | 34.0              
 agg2      | 17.210000         
 agg3      | 0.000000          
 agg4      | 13.420000         
-RECORD 59---------------------
 i_item_id | AAAAAAAAABCBAAAA  
 s_state   | null              
 g_state   | 1                 
 agg1      | 38.0              
 agg2      | 131.375000        
 agg3      | 0.000000          
 agg4      | 52.320000         
-RECORD 60---------------------
 i_item_id | AAAAAAAAABCBAAAA  
 s_state   | TN                
 g_state   | 0                 
 agg1      | 38.0              
 agg2      | 131.375000        
 agg3      | 0.000000          
 agg4      | 52.320000         
-RECORD 61---------------------
 i_item_id | AAAAAAAAABDAAAAA  
 s_state   | null              
 g_state   | 1                 
 agg1      | 31.5              
 agg2      | 68.345000         
 agg3      | 0.000000          
 agg4      | 63.275000         
-RECORD 62---------------------
 i_item_id | AAAAAAAAABDAAAAA  
 s_state   | TN                
 g_state   | 0                 
 agg1      | 31.5              
 agg2      | 68.345000         
 agg3      | 0.000000          
 agg4      | 63.275000         
-RECORD 63---------------------
 i_item_id | AAAAAAAAABDBAAAA  
 s_state   | null              
 g_state   | 1                 
 agg1      | 56.0              
 agg2      | 103.850000        
 agg3      | 1624.170000       
 agg4      | 59.190000         
-RECORD 64---------------------
 i_item_id | AAAAAAAAABDBAAAA  
 s_state   | TN                
 g_state   | 0                 
 agg1      | 56.0              
 agg2      | 103.850000        
 agg3      | 1624.170000       
 agg4      | 59.190000         
-RECORD 65---------------------
 i_item_id | AAAAAAAAABDDAAAA  
 s_state   | null              
 g_state   | 1                 
 agg1      | 67.33333333333333 
 agg2      | 119.420000        
 agg3      | 23.186667         
 agg4      | 38.720000         
-RECORD 66---------------------
 i_item_id | AAAAAAAAABDDAAAA  
 s_state   | TN                
 g_state   | 0                 
 agg1      | 67.33333333333333 
 agg2      | 119.420000        
 agg3      | 23.186667         
 agg4      | 38.720000         
-RECORD 67---------------------
 i_item_id | AAAAAAAAABDEAAAA  
 s_state   | null              
 g_state   | 1                 
 agg1      | 61.0              
 agg2      | 85.950000         
 agg3      | 2282.360000       
 agg4      | 44.605000         
-RECORD 68---------------------
 i_item_id | AAAAAAAAABDEAAAA  
 s_state   | TN                
 g_state   | 0                 
 agg1      | 61.0              
 agg2      | 85.950000         
 agg3      | 2282.360000       
 agg4      | 44.605000         
-RECORD 69---------------------
 i_item_id | AAAAAAAAABEDAAAA  
 s_state   | null              
 g_state   | 1                 
 agg1      | 61.0              
 agg2      | 85.140000         
 agg3      | 0.000000          
 agg4      | 50.230000         
-RECORD 70---------------------
 i_item_id | AAAAAAAAABEDAAAA  
 s_state   | TN                
 g_state   | 0                 
 agg1      | 61.0              
 agg2      | 85.140000         
 agg3      | 0.000000          
 agg4      | 50.230000         
-RECORD 71---------------------
 i_item_id | AAAAAAAAABFBAAAA  
 s_state   | null              
 g_state   | 1                 
 agg1      | 31.0              
 agg2      | 23.550000         
 agg3      | 0.000000          
 agg4      | 13.650000         
-RECORD 72---------------------
 i_item_id | AAAAAAAAABFBAAAA  
 s_state   | TN                
 g_state   | 0                 
 agg1      | 31.0              
 agg2      | 23.550000         
 agg3      | 0.000000          
 agg4      | 13.650000         
-RECORD 73---------------------
 i_item_id | AAAAAAAAABFCAAAA  
 s_state   | null              
 g_state   | 1                 
 agg1      | 83.0              
 agg2      | 15.500000         
 agg3      | 0.000000          
 agg4      | 0.000000          
-RECORD 74---------------------
 i_item_id | AAAAAAAAABFCAAAA  
 s_state   | TN                
 g_state   | 0                 
 agg1      | 83.0              
 agg2      | 15.500000         
 agg3      | 0.000000          
 agg4      | 0.000000          
-RECORD 75---------------------
 i_item_id | AAAAAAAAABGAAAAA  
 s_state   | null              
 g_state   | 1                 
 agg1      | 64.0              
 agg2      | 35.080000         
 agg3      | 0.000000          
 agg4      | 3.150000          
-RECORD 76---------------------
 i_item_id | AAAAAAAAABGAAAAA  
 s_state   | TN                
 g_state   | 0                 
 agg1      | 64.0              
 agg2      | 35.080000         
 agg3      | 0.000000          
 agg4      | 3.150000          
-RECORD 77---------------------
 i_item_id | AAAAAAAAABGBAAAA  
 s_state   | null              
 g_state   | 1                 
 agg1      | 40.0              
 agg2      | 25.070000         
 agg3      | 0.000000          
 agg4      | 16.040000         
-RECORD 78---------------------
 i_item_id | AAAAAAAAABGBAAAA  
 s_state   | TN                
 g_state   | 0                 
 agg1      | 40.0              
 agg2      | 25.070000         
 agg3      | 0.000000          
 agg4      | 16.040000         
-RECORD 79---------------------
 i_item_id | AAAAAAAAABGEAAAA  
 s_state   | null              
 g_state   | 1                 
 agg1      | 39.5              
 agg2      | 56.765000         
 agg3      | 14.255000         
 agg4      | 36.005000         
-RECORD 80---------------------
 i_item_id | AAAAAAAAABGEAAAA  
 s_state   | TN                
 g_state   | 0                 
 agg1      | 39.5              
 agg2      | 56.765000         
 agg3      | 14.255000         
 agg4      | 36.005000         
-RECORD 81---------------------
 i_item_id | AAAAAAAAABHAAAAA  
 s_state   | null              
 g_state   | 1                 
 agg1      | 93.0              
 agg2      | 74.800000         
 agg3      | 0.000000          
 agg4      | 21.690000         
-RECORD 82---------------------
 i_item_id | AAAAAAAAABHAAAAA  
 s_state   | TN                
 g_state   | 0                 
 agg1      | 93.0              
 agg2      | 74.800000         
 agg3      | 0.000000          
 agg4      | 21.690000         
-RECORD 83---------------------
 i_item_id | AAAAAAAAABHCAAAA  
 s_state   | null              
 g_state   | 1                 
 agg1      | 31.5              
 agg2      | 79.835000         
 agg3      | 181.380000        
 agg4      | 61.935000         
-RECORD 84---------------------
 i_item_id | AAAAAAAAABHCAAAA  
 s_state   | TN                
 g_state   | 0                 
 agg1      | 31.5              
 agg2      | 79.835000         
 agg3      | 181.380000        
 agg4      | 61.935000         
-RECORD 85---------------------
 i_item_id | AAAAAAAAABIBAAAA  
 s_state   | null              
 g_state   | 1                 
 agg1      | 48.0              
 agg2      | 170.890000        
 agg3      | 0.000000          
 agg4      | 140.120000        
-RECORD 86---------------------
 i_item_id | AAAAAAAAABIBAAAA  
 s_state   | TN                
 g_state   | 0                 
 agg1      | 48.0              
 agg2      | 170.890000        
 agg3      | 0.000000          
 agg4      | 140.120000        
-RECORD 87---------------------
 i_item_id | AAAAAAAAABJAAAAA  
 s_state   | null              
 g_state   | 1                 
 agg1      | 46.5              
 agg2      | 82.325000         
 agg3      | 0.000000          
 agg4      | 44.985000         
-RECORD 88---------------------
 i_item_id | AAAAAAAAABJAAAAA  
 s_state   | TN                
 g_state   | 0                 
 agg1      | 46.5              
 agg2      | 82.325000         
 agg3      | 0.000000          
 agg4      | 44.985000         
-RECORD 89---------------------
 i_item_id | AAAAAAAAABJBAAAA  
 s_state   | null              
 g_state   | 1                 
 agg1      | 76.0              
 agg2      | 12.400000         
 agg3      | 0.000000          
 agg4      | 3.960000          
-RECORD 90---------------------
 i_item_id | AAAAAAAAABJBAAAA  
 s_state   | TN                
 g_state   | 0                 
 agg1      | 76.0              
 agg2      | 12.400000         
 agg3      | 0.000000          
 agg4      | 3.960000          
-RECORD 91---------------------
 i_item_id | AAAAAAAAABJDAAAA  
 s_state   | null              
 g_state   | 1                 
 agg1      | 34.0              
 agg2      | 118.505000        
 agg3      | 0.000000          
 agg4      | 61.205000         
-RECORD 92---------------------
 i_item_id | AAAAAAAAABJDAAAA  
 s_state   | TN                
 g_state   | 0                 
 agg1      | 34.0              
 agg2      | 118.505000        
 agg3      | 0.000000          
 agg4      | 61.205000         
-RECORD 93---------------------
 i_item_id | AAAAAAAAABKAAAAA  
 s_state   | null              
 g_state   | 1                 
 agg1      | 65.0              
 agg2      | 8.775000          
 agg3      | 0.000000          
 agg4      | 5.180000          
-RECORD 94---------------------
 i_item_id | AAAAAAAAABKAAAAA  
 s_state   | TN                
 g_state   | 0                 
 agg1      | 65.0              
 agg2      | 8.775000          
 agg3      | 0.000000          
 agg4      | 5.180000          
-RECORD 95---------------------
 i_item_id | AAAAAAAAABKCAAAA  
 s_state   | null              
 g_state   | 1                 
 agg1      | 26.0              
 agg2      | 51.570000         
 agg3      | 0.000000          
 agg4      | 41.250000         
-RECORD 96---------------------
 i_item_id | AAAAAAAAABKCAAAA  
 s_state   | TN                
 g_state   | 0                 
 agg1      | 26.0              
 agg2      | 51.570000         
 agg3      | 0.000000          
 agg4      | 41.250000         
-RECORD 97---------------------
 i_item_id | AAAAAAAAABLBAAAA  
 s_state   | null              
 g_state   | 1                 
 agg1      | 61.5              
 agg2      | 149.120000        
 agg3      | 0.000000          
 agg4      | 82.540000         
-RECORD 98---------------------
 i_item_id | AAAAAAAAABLBAAAA  
 s_state   | TN                
 g_state   | 0                 
 agg1      | 61.5              
 agg2      | 149.120000        
 agg3      | 0.000000          
 agg4      | 82.540000         
-RECORD 99---------------------
 i_item_id | AAAAAAAAABMAAAAA  
 s_state   | null              
 g_state   | 1                 
 agg1      | 14.0              
 agg2      | 109.970000        
 agg3      | 0.000000          
 agg4      | 10.990000
           