-- Automatically generated by TPCDSQueryValidator$
-RECORD 0----------------------------------------------------------
 c_customer_id         | AAAAAAAAAAAIBAAA                          
 c_salutation          | Mr.                                       
 c_first_name          | Eduardo                                   
 c_last_name           | Goodwin                                   
 c_preferred_cust_flag | Y                                         
 c_birth_day           | 24                                        
 c_birth_month         | 11                                        
 c_birth_year          | 1950                                      
 c_birth_country       | GHANA                                     
 c_login               | null                                      
 c_email_address       | Eduardo.Goodwin@rolemn2xusv5Ot0.edu       
 c_last_review_date    | 2452312                                   
 ctr_total_return      | 3838.00                                   
-RECORD 1----------------------------------------------------------
 c_customer_id         | AAAAAAAAABHAAAAA                          
 c_salutation          | Sir                                       
 c_first_name          | Robert                                    
 c_last_name           | Thornton                                  
 c_preferred_cust_flag | Y                                         
 c_birth_day           | 24                                        
 c_birth_month         | 5                                         
 c_birth_year          | 1924                                      
 c_birth_country       | HONG KONG                                 
 c_login               | null                                      
 c_email_address       | Robert.Thornton@jas.edu                   
 c_last_review_date    | 2452431                                   
 ctr_total_return      | 2434.58                                   
-RECORD 2----------------------------------------------------------
 c_customer_id         | AAAAAAAAABPNAAAA                          
 c_salutation          | Mr.                                       
 c_first_name          | Alonzo                                    
 c_last_name           | Huddleston                                
 c_preferred_cust_flag | Y                                         
 c_birth_day           | 19                                        
 c_birth_month         | 4                                         
 c_birth_year          | 1957                                      
 c_birth_country       | FAROE ISLANDS                             
 c_login               | null                                      
 c_email_address       | Alonzo.Huddleston@g.edu                   
 c_last_review_date    | 2452289                                   
 ctr_total_return      | 2813.00                                   
-RECORD 3----------------------------------------------------------
 c_customer_id         | AAAAAAAAAFCGBAAA                          
 c_salutation          | Ms.                                       
 c_first_name          | Pamela                                    
 c_last_name           | Slater                                    
 c_preferred_cust_flag | Y                                         
 c_birth_day           | 2                                         
 c_birth_month         | 6                                         
 c_birth_year          | 1931                                      
 c_birth_country       | GAMBIA                                    
 c_login               | null                                      
 c_email_address       | Pamela.Slater@ajU1sMrf5vC7.com            
 c_last_review_date    | 2452613                                   
 ctr_total_return      | 1746.58                                   
-RECORD 4----------------------------------------------------------
 c_customer_id         | AAAAAAAAAFLBAAAA                          
 c_salutation          | Sir                                       
 c_first_name          | Keith                                     
 c_last_name           | Stern                                     
 c_preferred_cust_flag | N                                         
 c_birth_day           | 18                                        
 c_birth_month         | 2                                         
 c_birth_year          | 1925                                      
 c_birth_country       | ICELAND                                   
 c_login               | null                                      
 c_email_address       | Keith.Stern@34Hb991eohmd.com              
 c_last_review_date    | 2452549                                   
 ctr_total_return      | 1850.70                                   
-RECORD 5----------------------------------------------------------
 c_customer_id         | AAAAAAAAAFLBAAAA                          
 c_salutation          | Sir                                       
 c_first_name          | Keith                                     
 c_last_name           | Stern                                     
 c_preferred_cust_flag | N                                         
 c_birth_day           | 18                                        
 c_birth_month         | 2                                         
 c_birth_year          | 1925                                      
 c_birth_country       | ICELAND                                   
 c_login               | null                                      
 c_email_address       | Keith.Stern@34Hb991eohmd.com              
 c_last_review_date    | 2452549                                   
 ctr_total_return      | 10898.40                                  
-RECORD 6----------------------------------------------------------
 c_customer_id         | AAAAAAAAAFOEBAAA                          
 c_salutation          | Dr.                                       
 c_first_name          | Trevor                                    
 c_last_name           | Battle                                    
 c_preferred_cust_flag | N                                         
 c_birth_day           | 12                                        
 c_birth_month         | 8                                         
 c_birth_year          | 1953                                      
 c_birth_country       | THAILAND                                  
 c_login               | null                                      
 c_email_address       | Trevor.Battle@0F.com                      
 c_last_review_date    | 2452643                                   
 ctr_total_return      | 3556.00                                   
-RECORD 7----------------------------------------------------------
 c_customer_id         | AAAAAAAAAIKEAAAA                          
 c_salutation          | Dr.                                       
 c_first_name          | Joseph                                    
 c_last_name           | Miller                                    
 c_preferred_cust_flag | N                                         
 c_birth_day           | 17                                        
 c_birth_month         | 12                                        
 c_birth_year          | 1930                                      
 c_birth_country       | MONACO                                    
 c_login               | null                                      
 c_email_address       | Joseph.Miller@Ampmde.edu                  
 c_last_review_date    | 2452332                                   
 ctr_total_return      | 7037.55                                   
-RECORD 8----------------------------------------------------------
 c_customer_id         | AAAAAAAAAJMABAAA                          
 c_salutation          | Miss                                      
 c_first_name          | Brenda                                    
 c_last_name           | Sloan                                     
 c_preferred_cust_flag | Y                                         
 c_birth_day           | 23                                        
 c_birth_month         | 3                                         
 c_birth_year          | 1982                                      
 c_birth_country       | MALAYSIA                                  
 c_login               | null                                      
 c_email_address       | Brenda.Sloan@csCoX.edu                    
 c_last_review_date    | 2452336                                   
 ctr_total_return      | 1783.19                                   
-RECORD 9----------------------------------------------------------
 c_customer_id         | AAAAAAAAAKDNAAAA                          
 c_salutation          | null                                      
 c_first_name          | null                                      
 c_last_name           | null                                      
 c_preferred_cust_flag | null                                      
 c_birth_day           | null                                      
 c_birth_month         | 12                                        
 c_birth_year          | null                                      
 c_birth_country       | null                                      
 c_login               | null                                      
 c_email_address       | null                                      
 c_last_review_date    | 2452544                                   
 ctr_total_return      | 2448.03                                   
-RECORD 10---------------------------------------------------------
 c_customer_id         | AAAAAAAAANCLAAAA                          
 c_salutation          | Mr.                                       
 c_first_name          | Raymond                                   
 c_last_name           | Dixon                                     
 c_preferred_cust_flag | N                                         
 c_birth_day           | 31                                        
 c_birth_month         | 12                                        
 c_birth_year          | 1977                                      
 c_birth_country       | MONTENEGRO                                
 c_login               | null                                      
 c_email_address       | Raymond.Dixon@07IH.edu                    
 c_last_review_date    | 2452514                                   
 ctr_total_return      | 1785.96                                   
-RECORD 11---------------------------------------------------------
 c_customer_id         | AAAAAAAAANNNAAAA                          
 c_salutation          | Ms.                                       
 c_first_name          | Cindy                                     
 c_last_name           | Julian                                    
 c_preferred_cust_flag | Y                                         
 c_birth_day           | 4                                         
 c_birth_month         | 8                                         
 c_birth_year          | 1982                                      
 c_birth_country       | UGANDA                                    
 c_login               | null                                      
 c_email_address       | Cindy.Julian@ChEB5eyUCBe.org              
 c_last_review_date    | 2452368                                   
 ctr_total_return      | 2449.04                                   
-RECORD 12---------------------------------------------------------
 c_customer_id         | AAAAAAAAAPKJAAAA                          
 c_salutation          | Ms.                                       
 c_first_name          | Elizabeth                                 
 c_last_name           | Pepper                                    
 c_preferred_cust_flag | Y                                         
 c_birth_day           | 28                                        
 c_birth_month         | 12                                        
 c_birth_year          | 1930                                      
 c_birth_country       | NICARAGUA                                 
 c_login               | null                                      
 c_email_address       | Elizabeth.Pepper@xlygC22.org              
 c_last_review_date    | 2452645                                   
 ctr_total_return      | 1764.40                                   
-RECORD 13---------------------------------------------------------
 c_customer_id         | AAAAAAAABAKCBAAA                          
 c_salutation          | Miss                                      
 c_first_name          | Denise                                    
 c_last_name           | Brock                                     
 c_preferred_cust_flag | Y                                         
 c_birth_day           | 10                                        
 c_birth_month         | 4                                         
 c_birth_year          | 1958                                      
 c_birth_country       | JAMAICA                                   
 c_login               | null                                      
 c_email_address       | Denise.Brock@7ffTBTNaX7is.com             
 c_last_review_date    | 2452435                                   
 ctr_total_return      | 1618.24                                   
-RECORD 14---------------------------------------------------------
 c_customer_id         | AAAAAAAABBMDAAAA                          
 c_salutation          | Dr.                                       
 c_first_name          | Walter                                    
 c_last_name           | Bernard                                   
 c_preferred_cust_flag | Y                                         
 c_birth_day           | 2                                         
 c_birth_month         | 10                                        
 c_birth_year          | 1948                                      
 c_birth_country       | BELARUS                                   
 c_login               | null                                      
 c_email_address       | Walter.Bernard@Th.org                     
 c_last_review_date    | 2452628                                   
 ctr_total_return      | 1755.66                                   
-RECORD 15---------------------------------------------------------
 c_customer_id         | AAAAAAAABIBBBAAA                          
 c_salutation          | Miss                                      
 c_first_name          | Lorene                                    
 c_last_name           | Mayfield                                  
 c_preferred_cust_flag | N                                         
 c_birth_day           | 17                                        
 c_birth_month         | 12                                        
 c_birth_year          | 1947                                      
 c_birth_country       | ALBANIA                                   
 c_login               | null                                      
 c_email_address       | Lorene.Mayfield@ECni6UFkF2.edu            
 c_last_review_date    | 2452450                                   
 ctr_total_return      | 3157.70                                   
-RECORD 16---------------------------------------------------------
 c_customer_id         | AAAAAAAABIIDAAAA                          
 c_salutation          | Mr.                                       
 c_first_name          | Paul                                      
 c_last_name           | Stevenson                                 
 c_preferred_cust_flag | N                                         
 c_birth_day           | 26                                        
 c_birth_month         | 2                                         
 c_birth_year          | 1953                                      
 c_birth_country       | BARBADOS                                  
 c_login               | null                                      
 c_email_address       | Paul.Stevenson@tHMZG9.com                 
 c_last_review_date    | 2452488                                   
 ctr_total_return      | 1947.77                                   
-RECORD 17---------------------------------------------------------
 c_customer_id         | AAAAAAAABMJAAAAA                          
 c_salutation          | Dr.                                       
 c_first_name          | Marion                                    
 c_last_name           | Mclain                                    
 c_preferred_cust_flag | N                                         
 c_birth_day           | 16                                        
 c_birth_month         | 2                                         
 c_birth_year          | 1931                                      
 c_birth_country       | ANGUILLA                                  
 c_login               | null                                      
 c_email_address       | Marion.Mclain@PKik2BMH.com                
 c_last_review_date    | 2452382                                   
 ctr_total_return      | 3134.46                                   
-RECORD 18---------------------------------------------------------
 c_customer_id         | AAAAAAAABNFHBAAA                          
 c_salutation          | Mr.                                       
 c_first_name          | Kristofer                                 
 c_last_name           | Payne                                     
 c_preferred_cust_flag | N                                         
 c_birth_day           | 12                                        
 c_birth_month         | 5                                         
 c_birth_year          | 1945                                      
 c_birth_country       | SYRIAN ARAB REPUBLIC                      
 c_login               | null                                      
 c_email_address       | Kristofer.Payne@nc70sAM.com               
 c_last_review_date    | 2452436                                   
 ctr_total_return      | 3813.33                                   
-RECORD 19---------------------------------------------------------
 c_customer_id         | AAAAAAAABOLLAAAA                          
 c_salutation          | Miss                                      
 c_first_name          | Lisa                                      
 c_last_name           | Way                                       
 c_preferred_cust_flag | N                                         
 c_birth_day           | 11                                        
 c_birth_month         | 1                                         
 c_birth_year          | 1941                                      
 c_birth_country       | LEBANON                                   
 c_login               | null                                      
 c_email_address       | Lisa.Way@nnVbE2MvTT.com                   
 c_last_review_date    | 2452383                                   
 ctr_total_return      | 1829.88                                   
-RECORD 20---------------------------------------------------------
 c_customer_id         | AAAAAAAABPHKAAAA                          
 c_salutation          | Dr.                                       
 c_first_name          | Gabriela                                  
 c_last_name           | Jerome                                    
 c_preferred_cust_flag | Y                                         
 c_birth_day           | 9                                         
 c_birth_month         | 7                                         
 c_birth_year          | 1969                                      
 c_birth_country       | IRAQ                                      
 c_login               | null                                      
 c_email_address       | Gabriela.Jerome@Hay.com                   
 c_last_review_date    | 2452567                                   
 ctr_total_return      | 5360.55                                   
-RECORD 21---------------------------------------------------------
 c_customer_id         | AAAAAAAACBAFAAAA                          
 c_salutation          | Dr.                                       
 c_first_name          | Timothy                                   
 c_last_name           | Carroll                                   
 c_preferred_cust_flag | Y                                         
 c_birth_day           | 14                                        
 c_birth_month         | 8                                         
 c_birth_year          | 1957                                      
 c_birth_country       | UGANDA                                    
 c_login               | null                                      
 c_email_address       | Timothy.Carroll@pUcgCvxC4nkcM.edu         
 c_last_review_date    | 2452535                                   
 ctr_total_return      | 1642.80                                   
-RECORD 22---------------------------------------------------------
 c_customer_id         | AAAAAAAACBPMAAAA                          
 c_salutation          | Ms.                                       
 c_first_name          | Shana                                     
 c_last_name           | Fulton                                    
 c_preferred_cust_flag | N                                         
 c_birth_day           | 10                                        
 c_birth_month         | 2                                         
 c_birth_year          | 1955                                      
 c_birth_country       | RWANDA                                    
 c_login               | null                                      
 c_email_address       | Shana.Fulton@2CAVqR7d.org                 
 c_last_review_date    | 2452378                                   
 ctr_total_return      | 2089.36                                   
-RECORD 23---------------------------------------------------------
 c_customer_id         | AAAAAAAACCFCBAAA                          
 c_salutation          | Mr.                                       
 c_first_name          | Mark                                      
 c_last_name           | Pacheco                                   
 c_preferred_cust_flag | N                                         
 c_birth_day           | 9                                         
 c_birth_month         | 3                                         
 c_birth_year          | 1956                                      
 c_birth_country       | YEMEN                                     
 c_login               | null                                      
 c_email_address       | Mark.Pacheco@NMMki.edu                    
 c_last_review_date    | 2452377                                   
 ctr_total_return      | 1838.48                                   
-RECORD 24---------------------------------------------------------
 c_customer_id         | AAAAAAAACCMEAAAA                          
 c_salutation          | Dr.                                       
 c_first_name          | Adriane                                   
 c_last_name           | Harmon                                    
 c_preferred_cust_flag | N                                         
 c_birth_day           | 1                                         
 c_birth_month         | 10                                        
 c_birth_year          | 1964                                      
 c_birth_country       | ARGENTINA                                 
 c_login               | null                                      
 c_email_address       | Adriane.Harmon@X0nMJZPDL.com              
 c_last_review_date    | 2452562                                   
 ctr_total_return      | 8986.95                                   
-RECORD 25---------------------------------------------------------
 c_customer_id         | AAAAAAAACCNJAAAA                          
 c_salutation          | Dr.                                       
 c_first_name          | Elizabeth                                 
 c_last_name           | Gilbreath                                 
 c_preferred_cust_flag | Y                                         
 c_birth_day           | 17                                        
 c_birth_month         | 1                                         
 c_birth_year          | 1985                                      
 c_birth_country       | KIRIBATI                                  
 c_login               | null                                      
 c_email_address       | Elizabeth.Gilbreath@4LxlO8fArnEeEavQe.com 
 c_last_review_date    | 2452485                                   
 ctr_total_return      | 2450.86                                   
-RECORD 26---------------------------------------------------------
 c_customer_id         | AAAAAAAACDDNAAAA                          
 c_salutation          | Ms.                                       
 c_first_name          | Holly                                     
 c_last_name           | Kim                                       
 c_preferred_cust_flag | N                                         
 c_birth_day           | 15                                        
 c_birth_month         | 6                                         
 c_birth_year          | 1941                                      
 c_birth_country       | ICELAND                                   
 c_login               | null                                      
 c_email_address       | Holly.Kim@OkTfC7tRYgy4.edu                
 c_last_review_date    | 2452580                                   
 ctr_total_return      | 2719.44                                   
-RECORD 27---------------------------------------------------------
 c_customer_id         | AAAAAAAACGILAAAA                          
 c_salutation          | Sir                                       
 c_first_name          | Nolan                                     
 c_last_name           | Mosley                                    
 c_preferred_cust_flag | N                                         
 c_birth_day           | 20                                        
 c_birth_month         | 3                                         
 c_birth_year          | 1980                                      
 c_birth_country       | KENYA                                     
 c_login               | null                                      
 c_email_address       | Nolan.Mosley@5E.org                       
 c_last_review_date    | 2452317                                   
 ctr_total_return      | 1865.64                                   
-RECORD 28---------------------------------------------------------
 c_customer_id         | AAAAAAAACHFHBAAA                          
 c_salutation          | Mr.                                       
 c_first_name          | Dallas                                    
 c_last_name           | Courtney                                  
 c_preferred_cust_flag | Y                                         
 c_birth_day           | 21                                        
 c_birth_month         | 5                                         
 c_birth_year          | 1928                                      
 c_birth_country       | CÔTE D'IVOIRE                             
 c_login               | null                                      
 c_email_address       | Dallas.Courtney@c7.org                    
 c_last_review_date    | 2452496                                   
 ctr_total_return      | 4394.79                                   
-RECORD 29---------------------------------------------------------
 c_customer_id         | AAAAAAAACKOFAAAA                          
 c_salutation          | Dr.                                       
 c_first_name          | Eric                                      
 c_last_name           | Bucher                                    
 c_preferred_cust_flag | Y                                         
 c_birth_day           | 19                                        
 c_birth_month         | 9                                         
 c_birth_year          | 1979                                      
 c_birth_country       | ALBANIA                                   
 c_login               | null                                      
 c_email_address       | Eric.Bucher@sxSne.org                     
 c_last_review_date    | 2452541                                   
 ctr_total_return      | 4662.35                                   
-RECORD 30---------------------------------------------------------
 c_customer_id         | AAAAAAAACMHNAAAA                          
 c_salutation          | Miss                                      
 c_first_name          | Lisa                                      
 c_last_name           | Dukes                                     
 c_preferred_cust_flag | Y                                         
 c_birth_day           | 4                                         
 c_birth_month         | 3                                         
 c_birth_year          | 1964                                      
 c_birth_country       | SOLOMON ISLANDS                           
 c_login               | null                                      
 c_email_address       | Lisa.Dukes@tuRJRXkQm.com                  
 c_last_review_date    | 2452303                                   
 ctr_total_return      | 10387.84                                  
-RECORD 31---------------------------------------------------------
 c_customer_id         | AAAAAAAACNGBAAAA                          
 c_salutation          | Mr.                                       
 c_first_name          | Michael                                   
 c_last_name           | Haley                                     
 c_preferred_cust_flag | Y                                         
 c_birth_day           | 10                                        
 c_birth_month         | 5                                         
 c_birth_year          | 1933                                      
 c_birth_country       | SWAZILAND                                 
 c_login               | null                                      
 c_email_address       | Michael.Haley@OfAOvhrm.com                
 c_last_review_date    | 2452359                                   
 ctr_total_return      | 4187.82                                   
-RECORD 32---------------------------------------------------------
 c_customer_id         | AAAAAAAACOFAAAAA                          
 c_salutation          | Ms.                                       
 c_first_name          | Tammy                                     
 c_last_name           | Searcy                                    
 c_preferred_cust_flag | N                                         
 c_birth_day           | 6                                         
 c_birth_month         | 5                                         
 c_birth_year          | 1989                                      
 c_birth_country       | SURINAME                                  
 c_login               | null                                      
 c_email_address       | Tammy.Searcy@6ZFFGtIuCqT.com              
 c_last_review_date    | 2452295                                   
 ctr_total_return      | 5091.84                                   
-RECORD 33---------------------------------------------------------
 c_customer_id         | AAAAAAAADBBHAAAA                          
 c_salutation          | Dr.                                       
 c_first_name          | Charles                                   
 c_last_name           | Fernandez                                 
 c_preferred_cust_flag | N                                         
 c_birth_day           | 8                                         
 c_birth_month         | 12                                        
 c_birth_year          | 1992                                      
 c_birth_country       | CAMBODIA                                  
 c_login               | null                                      
 c_email_address       | Charles.Fernandez@MVhjrzVNVY.com          
 c_last_review_date    | 2452574                                   
 ctr_total_return      | 4640.37                                   
-RECORD 34---------------------------------------------------------
 c_customer_id         | AAAAAAAADFCBBAAA                          
 c_salutation          | Dr.                                       
 c_first_name          | Micheal                                   
 c_last_name           | Collier                                   
 c_preferred_cust_flag | N                                         
 c_birth_day           | 1                                         
 c_birth_month         | 9                                         
 c_birth_year          | 1934                                      
 c_birth_country       | HONDURAS                                  
 c_login               | null                                      
 c_email_address       | Micheal.Collier@NztJvzb.org               
 c_last_review_date    | 2452446                                   
 ctr_total_return      | 15944.40                                  
-RECORD 35---------------------------------------------------------
 c_customer_id         | AAAAAAAADIHHAAAA                          
 c_salutation          | Miss                                      
 c_first_name          | Vikki                                     
 c_last_name           | Garza                                     
 c_preferred_cust_flag | Y                                         
 c_birth_day           | 29                                        
 c_birth_month         | 8                                         
 c_birth_year          | 1950                                      
 c_birth_country       | NAMIBIA                                   
 c_login               | null                                      
 c_email_address       | Vikki.Garza@v.edu                         
 c_last_review_date    | 2452608                                   
 ctr_total_return      | 2373.84                                   
-RECORD 36---------------------------------------------------------
 c_customer_id         | AAAAAAAADJAPAAAA                          
 c_salutation          | Ms.                                       
 c_first_name          | Angel                                     
 c_last_name           | Dodd                                      
 c_preferred_cust_flag | Y                                         
 c_birth_day           | 22                                        
 c_birth_month         | 12                                        
 c_birth_year          | 1950                                      
 c_birth_country       | TIMOR-LESTE                               
 c_login               | null                                      
 c_email_address       | Angel.Dodd@gQOLRKqU285BfTIT.edu           
 c_last_review_date    | 2452634                                   
 ctr_total_return      | 2227.83                                   
-RECORD 37---------------------------------------------------------
 c_customer_id         | AAAAAAAADKEFAAAA                          
 c_salutation          | Ms.                                       
 c_first_name          | Martha                                    
 c_last_name           | Dillon                                    
 c_preferred_cust_flag | N                                         
 c_birth_day           | 9                                         
 c_birth_month         | 12                                        
 c_birth_year          | 1971                                      
 c_birth_country       | VANUATU                                   
 c_login               | null                                      
 c_email_address       | Martha.Dillon@iKkeDtKERbu.org             
 c_last_review_date    | 2452404                                   
 ctr_total_return      | 1863.40                                   
-RECORD 38---------------------------------------------------------
 c_customer_id         | AAAAAAAADKIFAAAA                          
 c_salutation          | Sir                                       
 c_first_name          | Walter                                    
 c_last_name           | Stout                                     
 c_preferred_cust_flag | Y                                         
 c_birth_day           | 18                                        
 c_birth_month         | 1                                         
 c_birth_year          | 1970                                      
 c_birth_country       | BURUNDI                                   
 c_login               | null                                      
 c_email_address       | Walter.Stout@Q961tU4iePsOy.org            
 c_last_review_date    | 2452449                                   
 ctr_total_return      | 2465.55                                   
-RECORD 39---------------------------------------------------------
 c_customer_id         | AAAAAAAADLHNAAAA                          
 c_salutation          | Mr.                                       
 c_first_name          | Joseph                                    
 c_last_name           | Mckinney                                  
 c_preferred_cust_flag | Y                                         
 c_birth_day           | 23                                        
 c_birth_month         | 3                                         
 c_birth_year          | 1940                                      
 c_birth_country       | ARMENIA                                   
 c_login               | null                                      
 c_email_address       | Joseph.Mckinney@4YYp7B8ccPz.edu           
 c_last_review_date    | 2452595                                   
 ctr_total_return      | 1820.02                                   
-RECORD 40---------------------------------------------------------
 c_customer_id         | AAAAAAAADMMDBAAA                          
 c_salutation          | Mr.                                       
 c_first_name          | Darrell                                   
 c_last_name           | Padgett                                   
 c_preferred_cust_flag | Y                                         
 c_birth_day           | 17                                        
 c_birth_month         | 3                                         
 c_birth_year          | 1992                                      
 c_birth_country       | HONDURAS                                  
 c_login               | null                                      
 c_email_address       | Darrell.Padgett@IrqARXX.org               
 c_last_review_date    | 2452554                                   
 ctr_total_return      | 2052.54                                   
-RECORD 41---------------------------------------------------------
 c_customer_id         | AAAAAAAADNHPAAAA                          
 c_salutation          | Mr.                                       
 c_first_name          | John                                      
 c_last_name           | Mathews                                   
 c_preferred_cust_flag | N                                         
 c_birth_day           | 23                                        
 c_birth_month         | 2                                         
 c_birth_year          | 1925                                      
 c_birth_country       | NICARAGUA                                 
 c_login               | null                                      
 c_email_address       | John.Mathews@UOtpEd.edu                   
 c_last_review_date    | 2452543                                   
 ctr_total_return      | 7883.40                                   
-RECORD 42---------------------------------------------------------
 c_customer_id         | AAAAAAAADOCMAAAA                          
 c_salutation          | Dr.                                       
 c_first_name          | Yvonne                                    
 c_last_name           | Poirier                                   
 c_preferred_cust_flag | Y                                         
 c_birth_day           | 30                                        
 c_birth_month         | 1                                         
 c_birth_year          | 1950                                      
 c_birth_country       | ESTONIA                                   
 c_login               | null                                      
 c_email_address       | Yvonne.Poirier@l.org                      
 c_last_review_date    | 2452648                                   
 ctr_total_return      | 4075.55                                   
-RECORD 43---------------------------------------------------------
 c_customer_id         | AAAAAAAADODBAAAA                          
 c_salutation          | Mrs.                                      
 c_first_name          | Elizabeth                                 
 c_last_name           | Spalding                                  
 c_preferred_cust_flag | N                                         
 c_birth_day           | 27                                        
 c_birth_month         | 11                                        
 c_birth_year          | 1947                                      
 c_birth_country       | KAZAKHSTAN                                
 c_login               | null                                      
 c_email_address       | Elizabeth.Spalding@ihnjlmxMbs.edu         
 c_last_review_date    | 2452318                                   
 ctr_total_return      | 10349.68                                  
-RECORD 44---------------------------------------------------------
 c_customer_id         | AAAAAAAAEBAOAAAA                          
 c_salutation          | Miss                                      
 c_first_name          | Amy                                       
 c_last_name           | Causey                                    
 c_preferred_cust_flag | N                                         
 c_birth_day           | 21                                        
 c_birth_month         | 9                                         
 c_birth_year          | 1951                                      
 c_birth_country       | COMOROS                                   
 c_login               | null                                      
 c_email_address       | Amy.Causey@7EvHzf02opq6QlO.com            
 c_last_review_date    | 2452443                                   
 ctr_total_return      | 8005.40                                   
-RECORD 45---------------------------------------------------------
 c_customer_id         | AAAAAAAAEBLEAAAA                          
 c_salutation          | Mr.                                       
 c_first_name          | Leroy                                     
 c_last_name           | Couture                                   
 c_preferred_cust_flag | N                                         
 c_birth_day           | 7                                         
 c_birth_month         | 5                                         
 c_birth_year          | 1938                                      
 c_birth_country       | SWITZERLAND                               
 c_login               | null                                      
 c_email_address       | Leroy.Couture@vqrL.com                    
 c_last_review_date    | 2452595                                   
 ctr_total_return      | 1683.88                                   
-RECORD 46---------------------------------------------------------
 c_customer_id         | AAAAAAAAEEADAAAA                          
 c_salutation          | Mr.                                       
 c_first_name          | Robert                                    
 c_last_name           | Donohue                                   
 c_preferred_cust_flag | Y                                         
 c_birth_day           | 21                                        
 c_birth_month         | 8                                         
 c_birth_year          | 1938                                      
 c_birth_country       | SWAZILAND                                 
 c_login               | null                                      
 c_email_address       | Robert.Donohue@U2xz7.org                  
 c_last_review_date    | 2452436                                   
 ctr_total_return      | 11083.80                                  
-RECORD 47---------------------------------------------------------
 c_customer_id         | AAAAAAAAEHAABAAA                          
 c_salutation          | Dr.                                       
 c_first_name          | Victoria                                  
 c_last_name           | Morgan                                    
 c_preferred_cust_flag | Y                                         
 c_birth_day           | 31                                        
 c_birth_month         | 5                                         
 c_birth_year          | 1960                                      
 c_birth_country       | JERSEY                                    
 c_login               | null                                      
 c_email_address       | Victoria.Morgan@Sk3jzrDZTq.org            
 c_last_review_date    | 2452646                                   
 ctr_total_return      | 1712.16                                   
-RECORD 48---------------------------------------------------------
 c_customer_id         | AAAAAAAAEHGOAAAA                          
 c_salutation          | Miss                                      
 c_first_name          | Jillian                                   
 c_last_name           | Nelson                                    
 c_preferred_cust_flag | Y                                         
 c_birth_day           | 27                                        
 c_birth_month         | 7                                         
 c_birth_year          | 1978                                      
 c_birth_country       | TURKMENISTAN                              
 c_login               | null                                      
 c_email_address       | Jillian.Nelson@ph0qObqh3fbv.com           
 c_last_review_date    | 2452315                                   
 ctr_total_return      | 4432.69                                   
-RECORD 49---------------------------------------------------------
 c_customer_id         | AAAAAAAAEHPNAAAA                          
 c_salutation          | Dr.                                       
 c_first_name          | Rachael                                   
 c_last_name           | King                                      
 c_preferred_cust_flag | Y                                         
 c_birth_day           | 28                                        
 c_birth_month         | 11                                        
 c_birth_year          | 1927                                      
 c_birth_country       | PANAMA                                    
 c_login               | null                                      
 c_email_address       | Rachael.King@t8dA2klrEIBiCd.edu           
 c_last_review_date    | 2452438                                   
 ctr_total_return      | 2251.50                                   
-RECORD 50---------------------------------------------------------
 c_customer_id         | AAAAAAAAEIDHAAAA                          
 c_salutation          | Sir                                       
 c_first_name          | George                                    
 c_last_name           | Garcia                                    
 c_preferred_cust_flag | Y                                         
 c_birth_day           | 21                                        
 c_birth_month         | 4                                         
 c_birth_year          | 1960                                      
 c_birth_country       | CROATIA                                   
 c_login               | null                                      
 c_email_address       | George.Garcia@uzGHyYUnvs.edu              
 c_last_review_date    | 2452306                                   
 ctr_total_return      | 1783.12                                   
-RECORD 51---------------------------------------------------------
 c_customer_id         | AAAAAAAAEIDHAAAA                          
 c_salutation          | Sir                                       
 c_first_name          | George                                    
 c_last_name           | Garcia                                    
 c_preferred_cust_flag | Y                                         
 c_birth_day           | 21                                        
 c_birth_month         | 4                                         
 c_birth_year          | 1960                                      
 c_birth_country       | CROATIA                                   
 c_login               | null                                      
 c_email_address       | George.Garcia@uzGHyYUnvs.edu              
 c_last_review_date    | 2452306                                   
 ctr_total_return      | 1857.63                                   
-RECORD 52---------------------------------------------------------
 c_customer_id         | AAAAAAAAEIOBBAAA                          
 c_salutation          | Mr.                                       
 c_first_name          | Gary                                      
 c_last_name           | Davis                                     
 c_preferred_cust_flag | N                                         
 c_birth_day           | 9                                         
 c_birth_month         | 6                                         
 c_birth_year          | 1992                                      
 c_birth_country       | KYRGYZSTAN                                
 c_login               | null                                      
 c_email_address       | Gary.Davis@GTXc2AbKvkM.edu                
 c_last_review_date    | 2452322                                   
 ctr_total_return      | 1652.70                                   
-RECORD 53---------------------------------------------------------
 c_customer_id         | AAAAAAAAEJFNAAAA                          
 c_salutation          | Dr.                                       
 c_first_name          | Chad                                      
 c_last_name           | Baldwin                                   
 c_preferred_cust_flag | Y                                         
 c_birth_day           | 11                                        
 c_birth_month         | 11                                        
 c_birth_year          | 1937                                      
 c_birth_country       | BULGARIA                                  
 c_login               | null                                      
 c_email_address       | Chad.Baldwin@cN988.org                    
 c_last_review_date    | 2452560                                   
 ctr_total_return      | 11133.36                                  
-RECORD 54---------------------------------------------------------
 c_customer_id         | AAAAAAAAEJOPAAAA                          
 c_salutation          | Dr.                                       
 c_first_name          | Alexandra                                 
 c_last_name           | Henderson                                 
 c_preferred_cust_flag | N                                         
 c_birth_day           | 4                                         
 c_birth_month         | 2                                         
 c_birth_year          | 1986                                      
 c_birth_country       | MONTENEGRO                                
 c_login               | null                                      
 c_email_address       | Alexandra.Henderson@4FCXABbkVkrLK.com     
 c_last_review_date    | 2452376                                   
 ctr_total_return      | 3426.36                                   
-RECORD 55---------------------------------------------------------
 c_customer_id         | AAAAAAAAELEBAAAA                          
 c_salutation          | Mrs.                                      
 c_first_name          | Dianne                                    
 c_last_name           | Ross                                      
 c_preferred_cust_flag | Y                                         
 c_birth_day           | 19                                        
 c_birth_month         | 7                                         
 c_birth_year          | 1949                                      
 c_birth_country       | ICELAND                                   
 c_login               | null                                      
 c_email_address       | Dianne.Ross@D4VH75e9n.org                 
 c_last_review_date    | 2452429                                   
 ctr_total_return      | 4018.30                                   
-RECORD 56---------------------------------------------------------
 c_customer_id         | AAAAAAAAEMDIBAAA                          
 c_salutation          | Sir                                       
 c_first_name          | Scott                                     
 c_last_name           | Obrien                                    
 c_preferred_cust_flag | Y                                         
 c_birth_day           | 3                                         
 c_birth_month         | 8                                         
 c_birth_year          | 1926                                      
 c_birth_country       | JERSEY                                    
 c_login               | null                                      
 c_email_address       | Scott.Obrien@a84VTAJCTB.com               
 c_last_review_date    | 2452504                                   
 ctr_total_return      | 1456.67                                   
-RECORD 57---------------------------------------------------------
 c_customer_id         | AAAAAAAAEMIAAAAA                          
 c_salutation          | Dr.                                       
 c_first_name          | Danny                                     
 c_last_name           | Ness                                      
 c_preferred_cust_flag | Y                                         
 c_birth_day           | 25                                        
 c_birth_month         | 10                                        
 c_birth_year          | 1955                                      
 c_birth_country       | IRAQ                                      
 c_login               | null                                      
 c_email_address       | Danny.Ness@CC8vAp.edu                     
 c_last_review_date    | 2452487                                   
 ctr_total_return      | 5569.50                                   
-RECORD 58---------------------------------------------------------
 c_customer_id         | AAAAAAAAEMNGBAAA                          
 c_salutation          | Mr.                                       
 c_first_name          | Milton                                    
 c_last_name           | Oakley                                    
 c_preferred_cust_flag | Y                                         
 c_birth_day           | 10                                        
 c_birth_month         | 10                                        
 c_birth_year          | 1976                                      
 c_birth_country       | FINLAND                                   
 c_login               | null                                      
 c_email_address       | Milton.Oakley@O4DHXT.com                  
 c_last_review_date    | 2452355                                   
 ctr_total_return      | 1505.16                                   
-RECORD 59---------------------------------------------------------
 c_customer_id         | AAAAAAAAEMPKAAAA                          
 c_salutation          | Sir                                       
 c_first_name          | Gilbert                                   
 c_last_name           | Palmer                                    
 c_preferred_cust_flag | N                                         
 c_birth_day           | 23                                        
 c_birth_month         | 10                                        
 c_birth_year          | 1933                                      
 c_birth_country       | BRUNEI DARUSSALAM                         
 c_login               | null                                      
 c_email_address       | Gilbert.Palmer@7UYjIOOIg0.org             
 c_last_review_date    | 2452463                                   
 ctr_total_return      | 2391.95                                   
-RECORD 60---------------------------------------------------------
 c_customer_id         | AAAAAAAAENFLAAAA                          
 c_salutation          | Sir                                       
 c_first_name          | Joseph                                    
 c_last_name           | Gaffney                                   
 c_preferred_cust_flag | N                                         
 c_birth_day           | 22                                        
 c_birth_month         | 1                                         
 c_birth_year          | 1967                                      
 c_birth_country       | BULGARIA                                  
 c_login               | null                                      
 c_email_address       | Joseph.Gaffney@nBDj.org                   
 c_last_review_date    | 2452608                                   
 ctr_total_return      | 6135.48                                   
-RECORD 61---------------------------------------------------------
 c_customer_id         | AAAAAAAAEPELAAAA                          
 c_salutation          | Dr.                                       
 c_first_name          | Emily                                     
 c_last_name           | Thomas                                    
 c_preferred_cust_flag | Y                                         
 c_birth_day           | 14                                        
 c_birth_month         | 3                                         
 c_birth_year          | 1981                                      
 c_birth_country       | MOZAMBIQUE                                
 c_login               | null                                      
 c_email_address       | Emily.Thomas@qtJnzLvYcK598T.edu           
 c_last_review_date    | 2452617                                   
 ctr_total_return      | 3239.04                                   
-RECORD 62---------------------------------------------------------
 c_customer_id         | AAAAAAAAFBLHAAAA                          
 c_salutation          | Mr.                                       
 c_first_name          | Carter                                    
 c_last_name           | Lombardo                                  
 c_preferred_cust_flag | N                                         
 c_birth_day           | 22                                        
 c_birth_month         | 11                                        
 c_birth_year          | 1950                                      
 c_birth_country       | MONACO                                    
 c_login               | null                                      
 c_email_address       | Carter.Lombardo@X.edu                     
 c_last_review_date    | 2452582                                   
 ctr_total_return      | 3965.43                                   
-RECORD 63---------------------------------------------------------
 c_customer_id         | AAAAAAAAFHODBAAA                          
 c_salutation          | Ms.                                       
 c_first_name          | Diana                                     
 c_last_name           | Hall                                      
 c_preferred_cust_flag | N                                         
 c_birth_day           | 14                                        
 c_birth_month         | 7                                         
 c_birth_year          | 1934                                      
 c_birth_country       | LATVIA                                    
 c_login               | null                                      
 c_email_address       | Diana.Hall@Be.com                         
 c_last_review_date    | 2452546                                   
 ctr_total_return      | 9391.76                                   
-RECORD 64---------------------------------------------------------
 c_customer_id         | AAAAAAAAFLAJAAAA                          
 c_salutation          | Mr.                                       
 c_first_name          | John                                      
 c_last_name           | Hardy                                     
 c_preferred_cust_flag | Y                                         
 c_birth_day           | 4                                         
 c_birth_month         | 9                                         
 c_birth_year          | 1977                                      
 c_birth_country       | ANGUILLA                                  
 c_login               | null                                      
 c_email_address       | John.Hardy@LnaYnyZ9AYee.edu               
 c_last_review_date    | 2452289                                   
 ctr_total_return      | 1640.80                                   
-RECORD 65---------------------------------------------------------
 c_customer_id         | AAAAAAAAFLDFBAAA                          
 c_salutation          | Mr.                                       
 c_first_name          | Demetrius                                 
 c_last_name           | Hunt                                      
 c_preferred_cust_flag | N                                         
 c_birth_day           | 30                                        
 c_birth_month         | 8                                         
 c_birth_year          | 1956                                      
 c_birth_country       | ZAMBIA                                    
 c_login               | null                                      
 c_email_address       | Demetrius.Hunt@J3.com                     
 c_last_review_date    | 2452647                                   
 ctr_total_return      | 3673.60                                   
-RECORD 66---------------------------------------------------------
 c_customer_id         | AAAAAAAAFMCFBAAA                          
 c_salutation          | Mrs.                                      
 c_first_name          | Karen                                     
 c_last_name           | Middleton                                 
 c_preferred_cust_flag | Y                                         
 c_birth_day           | 21                                        
 c_birth_month         | 10                                        
 c_birth_year          | 1934                                      
 c_birth_country       | GUADELOUPE                                
 c_login               | null                                      
 c_email_address       | Karen.Middleton@q.com                     
 c_last_review_date    | 2452343                                   
 ctr_total_return      | 1415.70                                   
-RECORD 67---------------------------------------------------------
 c_customer_id         | AAAAAAAAFMENAAAA                          
 c_salutation          | Ms.                                       
 c_first_name          | Anne                                      
 c_last_name           | Jernigan                                  
 c_preferred_cust_flag | Y                                         
 c_birth_day           | 14                                        
 c_birth_month         | 8                                         
 c_birth_year          | 1952                                      
 c_birth_country       | ITALY                                     
 c_login               | null                                      
 c_email_address       | Anne.Jernigan@BBtNT7SneOEKG.edu           
 c_last_review_date    | 2452612                                   
 ctr_total_return      | 1735.14                                   
-RECORD 68---------------------------------------------------------
 c_customer_id         | AAAAAAAAFMLEAAAA                          
 c_salutation          | Mr.                                       
 c_first_name          | Gavin                                     
 c_last_name           | null                                      
 c_preferred_cust_flag | null                                      
 c_birth_day           | 21                                        
 c_birth_month         | null                                      
 c_birth_year          | 1933                                      
 c_birth_country       | BRAZIL                                    
 c_login               | null                                      
 c_email_address       | Gavin.Maples@AT6ClrGUc79.com              
 c_last_review_date    | null                                      
 ctr_total_return      | 4882.15                                   
-RECORD 69---------------------------------------------------------
 c_customer_id         | AAAAAAAAFMPMAAAA                          
 c_salutation          | Sir                                       
 c_first_name          | Jack                                      
 c_last_name           | Thomas                                    
 c_preferred_cust_flag | Y                                         
 c_birth_day           | 12                                        
 c_birth_month         | 1                                         
 c_birth_year          | 1971                                      
 c_birth_country       | ARMENIA                                   
 c_login               | null                                      
 c_email_address       | Jack.Thomas@dn0mBXIEu7XPH.com             
 c_last_review_date    | 2452409                                   
 ctr_total_return      | 2501.94                                   
-RECORD 70---------------------------------------------------------
 c_customer_id         | AAAAAAAAFNHBBAAA                          
 c_salutation          | Miss                                      
 c_first_name          | Jennifer                                  
 c_last_name           | Long                                      
 c_preferred_cust_flag | Y                                         
 c_birth_day           | 12                                        
 c_birth_month         | 6                                         
 c_birth_year          | 1984                                      
 c_birth_country       | VENEZUELA                                 
 c_login               | null                                      
 c_email_address       | Jennifer.Long@RyRC5oxxCoVPG.com           
 c_last_review_date    | 2452285                                   
 ctr_total_return      | 4430.88                                   
-RECORD 71---------------------------------------------------------
 c_customer_id         | AAAAAAAAGAGEAAAA                          
 c_salutation          | Sir                                       
 c_first_name          | Jeffrey                                   
 c_last_name           | Cleveland                                 
 c_preferred_cust_flag | N                                         
 c_birth_day           | 2                                         
 c_birth_month         | 8                                         
 c_birth_year          | 1974                                      
 c_birth_country       | GUADELOUPE                                
 c_login               | null                                      
 c_email_address       | Jeffrey.Cleveland@ijNnAoDZQajhuz.edu      
 c_last_review_date    | 2452380                                   
 ctr_total_return      | 4215.15                                   
-RECORD 72---------------------------------------------------------
 c_customer_id         | AAAAAAAAGCNPAAAA                          
 c_salutation          | Sir                                       
 c_first_name          | Jack                                      
 c_last_name           | Stewart                                   
 c_preferred_cust_flag | N                                         
 c_birth_day           | 19                                        
 c_birth_month         | 12                                        
 c_birth_year          | 1926                                      
 c_birth_country       | SAN MARINO                                
 c_login               | null                                      
 c_email_address       | Jack.Stewart@G6N710E1oO.edu               
 c_last_review_date    | 2452618                                   
 ctr_total_return      | 2859.50                                   
-RECORD 73---------------------------------------------------------
 c_customer_id         | AAAAAAAAGFKEAAAA                          
 c_salutation          | Dr.                                       
 c_first_name          | null                                      
 c_last_name           | Brown                                     
 c_preferred_cust_flag | null                                      
 c_birth_day           | null                                      
 c_birth_month         | 4                                         
 c_birth_year          | 1933                                      
 c_birth_country       | ROMANIA                                   
 c_login               | null                                      
 c_email_address       | null                                      
 c_last_review_date    | null                                      
 ctr_total_return      | 11364.32                                  
-RECORD 74---------------------------------------------------------
 c_customer_id         | AAAAAAAAGGBIBAAA                          
 c_salutation          | Dr.                                       
 c_first_name          | Michael                                   
 c_last_name           | Christiansen                              
 c_preferred_cust_flag | Y                                         
 c_birth_day           | 4                                         
 c_birth_month         | 3                                         
 c_birth_year          | 1947                                      
 c_birth_country       | ISRAEL                                    
 c_login               | null                                      
 c_email_address       | Michael.Christiansen@kQmauEb.org          
 c_last_review_date    | 2452583                                   
 ctr_total_return      | 1726.20                                   
-RECORD 75---------------------------------------------------------
 c_customer_id         | AAAAAAAAGHHEAAAA                          
 c_salutation          | Sir                                       
 c_first_name          | Jerry                                     
 c_last_name           | Glover                                    
 c_preferred_cust_flag | Y                                         
 c_birth_day           | 3                                         
 c_birth_month         | 6                                         
 c_birth_year          | 1942                                      
 c_birth_country       | ANTIGUA AND BARBUDA                       
 c_login               | null                                      
 c_email_address       | Jerry.Glover@yCUI3N8C0o7LPvL.edu          
 c_last_review_date    | 2452645                                   
 ctr_total_return      | 6382.26                                   
-RECORD 76---------------------------------------------------------
 c_customer_id         | AAAAAAAAGICFAAAA                          
 c_salutation          | Mr.                                       
 c_first_name          | Charles                                   
 c_last_name           | Sloan                                     
 c_preferred_cust_flag | Y                                         
 c_birth_day           | 8                                         
 c_birth_month         | 4                                         
 c_birth_year          | 1991                                      
 c_birth_country       | KOREA, REPUBLIC OF                        
 c_login               | null                                      
 c_email_address       | Charles.Sloan@gnfGZRA0F.com               
 c_last_review_date    | 2452431                                   
 ctr_total_return      | 2793.57                                   
-RECORD 77---------------------------------------------------------
 c_customer_id         | AAAAAAAAGIFHBAAA                          
 c_salutation          | Sir                                       
 c_first_name          | Joe                                       
 c_last_name           | Jackson                                   
 c_preferred_cust_flag | N                                         
 c_birth_day           | 31                                        
 c_birth_month         | 10                                        
 c_birth_year          | 1969                                      
 c_birth_country       | FRENCH POLYNESIA                          
 c_login               | null                                      
 c_email_address       | Joe.Jackson@eHmBJ4QqjNKJypF.com           
 c_last_review_date    | 2452534                                   
 ctr_total_return      | 1692.69                                   
-RECORD 78---------------------------------------------------------
 c_customer_id         | AAAAAAAAGJEGBAAA                          
 c_salutation          | Dr.                                       
 c_first_name          | Carlos                                    
 c_last_name           | Hampton                                   
 c_preferred_cust_flag | N                                         
 c_birth_day           | 18                                        
 c_birth_month         | 11                                        
 c_birth_year          | 1947                                      
 c_birth_country       | DOMINICA                                  
 c_login               | null                                      
 c_email_address       | Carlos.Hampton@nrYQ8MXgIunX6gf.com        
 c_last_review_date    | 2452470                                   
 ctr_total_return      | 5556.75                                   
-RECORD 79---------------------------------------------------------
 c_customer_id         | AAAAAAAAGMDJAAAA                          
 c_salutation          | Dr.                                       
 c_first_name          | Christopher                               
 c_last_name           | Payne                                     
 c_preferred_cust_flag | Y                                         
 c_birth_day           | 30                                        
 c_birth_month         | 12                                        
 c_birth_year          | 1958                                      
 c_birth_country       | DJIBOUTI                                  
 c_login               | null                                      
 c_email_address       | Christopher.Payne@R6POV.org               
 c_last_review_date    | 2452350                                   
 ctr_total_return      | 1638.72                                   
-RECORD 80---------------------------------------------------------
 c_customer_id         | AAAAAAAAGOPMAAAA                          
 c_salutation          | Mrs.                                      
 c_first_name          | Donna                                     
 c_last_name           | West                                      
 c_preferred_cust_flag | N                                         
 c_birth_day           | 2                                         
 c_birth_month         | 12                                        
 c_birth_year          | 1977                                      
 c_birth_country       | SOLOMON ISLANDS                           
 c_login               | null                                      
 c_email_address       | Donna.West@6Q.com                         
 c_last_review_date    | 2452645                                   
 ctr_total_return      | 1623.20                                   
-RECORD 81---------------------------------------------------------
 c_customer_id         | AAAAAAAAHBBDBAAA                          
 c_salutation          | Mrs.                                      
 c_first_name          | null                                      
 c_last_name           | Henry                                     
 c_preferred_cust_flag | N                                         
 c_birth_day           | null                                      
 c_birth_month         | null                                      
 c_birth_year          | 1948                                      
 c_birth_country       | ARUBA                                     
 c_login               | null                                      
 c_email_address       | null                                      
 c_last_review_date    | 2452337                                   
 ctr_total_return      | 4377.30                                   
-RECORD 82---------------------------------------------------------
 c_customer_id         | AAAAAAAAHBBDBAAA                          
 c_salutation          | Mrs.                                      
 c_first_name          | null                                      
 c_last_name           | Henry                                     
 c_preferred_cust_flag | N                                         
 c_birth_day           | null                                      
 c_birth_month         | null                                      
 c_birth_year          | 1948                                      
 c_birth_country       | ARUBA                                     
 c_login               | null                                      
 c_email_address       | null                                      
 c_last_review_date    | 2452337                                   
 ctr_total_return      | 5013.12                                   
-RECORD 83---------------------------------------------------------
 c_customer_id         | AAAAAAAAHCJKAAAA                          
 c_salutation          | Ms.                                       
 c_first_name          | Emma                                      
 c_last_name           | Bailey                                    
 c_preferred_cust_flag | N                                         
 c_birth_day           | 2                                         
 c_birth_month         | 10                                        
 c_birth_year          | 1935                                      
 c_birth_country       | LATVIA                                    
 c_login               | null                                      
 c_email_address       | Emma.Bailey@beDlbUDUUcPhilRyy9.edu        
 c_last_review_date    | 2452491                                   
 ctr_total_return      | 5638.14                                   
-RECORD 84---------------------------------------------------------
 c_customer_id         | AAAAAAAAHGCHBAAA                          
 c_salutation          | Dr.                                       
 c_first_name          | Thomas                                    
 c_last_name           | Hull                                      
 c_preferred_cust_flag | Y                                         
 c_birth_day           | 24                                        
 c_birth_month         | 2                                         
 c_birth_year          | 1931                                      
 c_birth_country       | DENMARK                                   
 c_login               | null                                      
 c_email_address       | Thomas.Hull@XobY92y.com                   
 c_last_review_date    | 2452648                                   
 ctr_total_return      | 2487.60                                   
-RECORD 85---------------------------------------------------------
 c_customer_id         | AAAAAAAAHGIFAAAA                          
 c_salutation          | Sir                                       
 c_first_name          | James                                     
 c_last_name           | Turner                                    
 c_preferred_cust_flag | N                                         
 c_birth_day           | 25                                        
 c_birth_month         | 10                                        
 c_birth_year          | 1937                                      
 c_birth_country       | JERSEY                                    
 c_login               | null                                      
 c_email_address       | James.Turner@4RGTbOoV.org                 
 c_last_review_date    | 2452293                                   
 ctr_total_return      | 2757.44                                   
-RECORD 86---------------------------------------------------------
 c_customer_id         | AAAAAAAAHIIDBAAA                          
 c_salutation          | Mrs.                                      
 c_first_name          | Andrew                                    
 c_last_name           | Barrett                                   
 c_preferred_cust_flag | Y                                         
 c_birth_day           | 24                                        
 c_birth_month         | 5                                         
 c_birth_year          | 1992                                      
 c_birth_country       | GUERNSEY                                  
 c_login               | null                                      
 c_email_address       | Andrew.Barrett@i85phxAtKhZfES.com         
 c_last_review_date    | 2452319                                   
 ctr_total_return      | 7854.67                                   
-RECORD 87---------------------------------------------------------
 c_customer_id         | AAAAAAAAHJOBAAAA                          
 c_salutation          | Mrs.                                      
 c_first_name          | April                                     
 c_last_name           | Wallace                                   
 c_preferred_cust_flag | N                                         
 c_birth_day           | 19                                        
 c_birth_month         | 7                                         
 c_birth_year          | 1930                                      
 c_birth_country       | FIJI                                      
 c_login               | null                                      
 c_email_address       | April.Wallace@9iuUi3U0K.edu               
 c_last_review_date    | 2452382                                   
 ctr_total_return      | 4596.60                                   
-RECORD 88---------------------------------------------------------
 c_customer_id         | AAAAAAAAHMEFBAAA                          
 c_salutation          | null                                      
 c_first_name          | Joshua                                    
 c_last_name           | Bruno                                     
 c_preferred_cust_flag | null                                      
 c_birth_day           | 1                                         
 c_birth_month         | 11                                        
 c_birth_year          | null                                      
 c_birth_country       | null                                      
 c_login               | null                                      
 c_email_address       | Joshua.Bruno@7Ds6hF5nMgOTel9.org          
 c_last_review_date    | 2452303                                   
 ctr_total_return      | 1806.33                                   
-RECORD 89---------------------------------------------------------
 c_customer_id         | AAAAAAAAHMNNAAAA                          
 c_salutation          | Sir                                       
 c_first_name          | Jeffery                                   
 c_last_name           | Thomas                                    
 c_preferred_cust_flag | Y                                         
 c_birth_day           | 8                                         
 c_birth_month         | 3                                         
 c_birth_year          | 1929                                      
 c_birth_country       | MONTSERRAT                                
 c_login               | null                                      
 c_email_address       | Jeffery.Thomas@Ld7t.org                   
 c_last_review_date    | 2452598                                   
 ctr_total_return      | 2441.40                                   
-RECORD 90---------------------------------------------------------
 c_customer_id         | AAAAAAAAICMGAAAA                          
 c_salutation          | Miss                                      
 c_first_name          | Edith                                     
 c_last_name           | Robinson                                  
 c_preferred_cust_flag | Y                                         
 c_birth_day           | 11                                        
 c_birth_month         | 7                                         
 c_birth_year          | 1967                                      
 c_birth_country       | PUERTO RICO                               
 c_login               | null                                      
 c_email_address       | Edith.Robinson@zuf2DUz3bhKnEB.org         
 c_last_review_date    | 2452319                                   
 ctr_total_return      | 7193.61                                   
-RECORD 91---------------------------------------------------------
 c_customer_id         | AAAAAAAAIGLCBAAA                          
 c_salutation          | Miss                                      
 c_first_name          | Erika                                     
 c_last_name           | Edmondson                                 
 c_preferred_cust_flag | Y                                         
 c_birth_day           | 1                                         
 c_birth_month         | 8                                         
 c_birth_year          | 1944                                      
 c_birth_country       | DJIBOUTI                                  
 c_login               | null                                      
 c_email_address       | Erika.Edmondson@BuAbOSrTiD06f.edu         
 c_last_review_date    | 2452460                                   
 ctr_total_return      | 2381.83                                   
-RECORD 92---------------------------------------------------------
 c_customer_id         | AAAAAAAAIJGGBAAA                          
 c_salutation          | Ms.                                       
 c_first_name          | Carolyn                                   
 c_last_name           | Cardona                                   
 c_preferred_cust_flag | N                                         
 c_birth_day           | 15                                        
 c_birth_month         | 9                                         
 c_birth_year          | 1936                                      
 c_birth_country       | BULGARIA                                  
 c_login               | null                                      
 c_email_address       | Carolyn.Cardona@EhKjaAPoU8gf.edu          
 c_last_review_date    | 2452453                                   
 ctr_total_return      | 7659.19                                   
-RECORD 93---------------------------------------------------------
 c_customer_id         | AAAAAAAAIMAHBAAA                          
 c_salutation          | Mrs.                                      
 c_first_name          | Elizabeth                                 
 c_last_name           | Guzman                                    
 c_preferred_cust_flag | Y                                         
 c_birth_day           | 19                                        
 c_birth_month         | 9                                         
 c_birth_year          | 1950                                      
 c_birth_country       | GREECE                                    
 c_login               | null                                      
 c_email_address       | Elizabeth.Guzman@4Rq0Cyh9c.edu            
 c_last_review_date    | 2452315                                   
 ctr_total_return      | 1856.20                                   
-RECORD 94---------------------------------------------------------
 c_customer_id         | AAAAAAAAIMGFAAAA                          
 c_salutation          | Dr.                                       
 c_first_name          | Paul                                      
 c_last_name           | Powell                                    
 c_preferred_cust_flag | Y                                         
 c_birth_day           | 28                                        
 c_birth_month         | 11                                        
 c_birth_year          | 1935                                      
 c_birth_country       | GREECE                                    
 c_login               | null                                      
 c_email_address       | Paul.Powell@3EgM4I28gtaqb.org             
 c_last_review_date    | 2452320                                   
 ctr_total_return      | 8416.80                                   
-RECORD 95---------------------------------------------------------
 c_customer_id         | AAAAAAAAIMJCBAAA                          
 c_salutation          | Dr.                                       
 c_first_name          | Dennis                                    
 c_last_name           | Brown                                     
 c_preferred_cust_flag | Y                                         
 c_birth_day           | 24                                        
 c_birth_month         | 10                                        
 c_birth_year          | 1978                                      
 c_birth_country       | BULGARIA                                  
 c_login               | null                                      
 c_email_address       | Dennis.Brown@fAvOOY4Q13dVdPfb.com         
 c_last_review_date    | 2452404                                   
 ctr_total_return      | 1552.46                                   
-RECORD 96---------------------------------------------------------
 c_customer_id         | AAAAAAAAIMJCBAAA                          
 c_salutation          | Dr.                                       
 c_first_name          | Dennis                                    
 c_last_name           | Brown                                     
 c_preferred_cust_flag | Y                                         
 c_birth_day           | 24                                        
 c_birth_month         | 10                                        
 c_birth_year          | 1978                                      
 c_birth_country       | BULGARIA                                  
 c_login               | null                                      
 c_email_address       | Dennis.Brown@fAvOOY4Q13dVdPfb.com         
 c_last_review_date    | 2452404                                   
 ctr_total_return      | 2639.34                                   
-RECORD 97---------------------------------------------------------
 c_customer_id         | AAAAAAAAIMPNAAAA                          
 c_salutation          | Sir                                       
 c_first_name          | Charles                                   
 c_last_name           | Chadwick                                  
 c_preferred_cust_flag | N                                         
 c_birth_day           | 21                                        
 c_birth_month         | 1                                         
 c_birth_year          | 1936                                      
 c_birth_country       | ALAND ISLANDS                             
 c_login               | null                                      
 c_email_address       | Charles.Chadwick@ofbPzGan.org             
 c_last_review_date    | 2452414                                   
 ctr_total_return      | 4241.44                                   
-RECORD 98---------------------------------------------------------
 c_customer_id         | AAAAAAAAIPHCAAAA                          
 c_salutation          | Mr.                                       
 c_first_name          | Robert                                    
 c_last_name           | Parham                                    
 c_preferred_cust_flag | Y                                         
 c_birth_day           | 9                                         
 c_birth_month         | 2                                         
 c_birth_year          | 1967                                      
 c_birth_country       | ETHIOPIA                                  
 c_login               | null                                      
 c_email_address       | Robert.Parham@0GnPcZbUE.org               
 c_last_review_date    | 2452519                                   
 ctr_total_return      | 4317.18                                   
-RECORD 99---------------------------------------------------------
 c_customer_id         | AAAAAAAAJABDBAAA                          
 c_salutation          | null                                      
 c_first_name          | null                                      
 c_last_name           | null                                      
 c_preferred_cust_flag | null                                      
 c_birth_day           | 9                                         
 c_birth_month         | 6                                         
 c_birth_year          | 1972                                      
 c_birth_country       | TIMOR-LESTE                               
 c_login               | null                                      
 c_email_address       | null                                      
 c_last_review_date    | null                                      
 ctr_total_return      | 2387.28
           