-- Automatically generated by TPCDSQueryValidator$
-RECORD 0---------------------------------------
 ca_county            | Atchison County         
 d_year               | 2000                    
 web_q1_q2_increase   | 0.80022122255323317000  
 store_q1_q2_increase | 0.24296409050189942849  
 web_q2_q3_increase   | 11.94456037903146355226 
 store_q2_q3_increase | 3.16295390051170170763  
-RECORD 1---------------------------------------
 ca_county            | Bacon County            
 d_year               | 2000                    
 web_q1_q2_increase   | 1.16882639439524736666  
 store_q1_q2_increase | 0.39403766524802860090  
 web_q2_q3_increase   | 0.96879954629747597005  
 store_q2_q3_increase | 0.51074307597909569854  
-RECORD 2---------------------------------------
 ca_county            | Bourbon County          
 d_year               | 2000                    
 web_q1_q2_increase   | 1.91311509060926393907  
 store_q1_q2_increase | 0.98192792964261971464  
 web_q2_q3_increase   | 3.36480235006260707247  
 store_q2_q3_increase | 1.38012281034904128393  
-RECORD 3---------------------------------------
 ca_county            | Boyd County             
 d_year               | 2000                    
 web_q1_q2_increase   | 1.08632395123137284457  
 store_q1_q2_increase | 0.81150651538925166542  
 web_q2_q3_increase   | 1.16897233718456018406  
 store_q2_q3_increase | 0.74205710398976401757  
-RECORD 4---------------------------------------
 ca_county            | Bradley County          
 d_year               | 2000                    
 web_q1_q2_increase   | 1.48963163619571691601  
 store_q1_q2_increase | 0.57578486548522805647  
 web_q2_q3_increase   | 1.34438973649360942364  
 store_q2_q3_increase | 0.99891877138928417661  
-RECORD 5---------------------------------------
 ca_county            | Buchanan County         
 d_year               | 2000                    
 web_q1_q2_increase   | 1.19566727137363387847  
 store_q1_q2_increase | 0.74604885883738339356  
 web_q2_q3_increase   | 3.33290427837514742060  
 store_q2_q3_increase | 2.23978773438142572525  
-RECORD 6---------------------------------------
 ca_county            | Carter County           
 d_year               | 2000                    
 web_q1_q2_increase   | 3.95373858000429962456  
 store_q1_q2_increase | 1.15103299806721497936  
 web_q2_q3_increase   | 2.11928465969209945784  
 store_q2_q3_increase | 1.84449113264660250006  
-RECORD 7---------------------------------------
 ca_county            | Cass County             
 d_year               | 2000                    
 web_q1_q2_increase   | 2.39871955045681555703  
 store_q1_q2_increase | 1.19058197978290502997  
 web_q2_q3_increase   | 2.25716916969997271359  
 store_q2_q3_increase | 0.84780101549115186839  
-RECORD 8---------------------------------------
 ca_county            | Corson County           
 d_year               | 2000                    
 web_q1_q2_increase   | 0.56030923342547497714  
 store_q1_q2_increase | 0.17508101507548449599  
 web_q2_q3_increase   | 4.80740878627220555847  
 store_q2_q3_increase | 3.22714074515267865690  
-RECORD 9---------------------------------------
 ca_county            | Crockett County         
 d_year               | 2000                    
 web_q1_q2_increase   | 1.63710645180620765280  
 store_q1_q2_increase | 0.36046806152742691417  
 web_q2_q3_increase   | 2.13404230057910706355  
 store_q2_q3_increase | 1.83245132932599520497  
-RECORD 10--------------------------------------
 ca_county            | Culpeper County         
 d_year               | 2000                    
 web_q1_q2_increase   | 0.66175108378675541380  
 store_q1_q2_increase | 0.61901443941343764310  
 web_q2_q3_increase   | 1.65924813480490638521  
 store_q2_q3_increase | 1.22416906368605971701  
-RECORD 11--------------------------------------
 ca_county            | Edmonson County         
 d_year               | 2000                    
 web_q1_q2_increase   | 0.73244217660594344500  
 store_q1_q2_increase | 0.29975334157457252215  
 web_q2_q3_increase   | 1.60289705148679454873  
 store_q2_q3_increase | 1.49124566966590956426  
-RECORD 12--------------------------------------
 ca_county            | Ferry County            
 d_year               | 2000                    
 web_q1_q2_increase   | 0.70137257653502215768  
 store_q1_q2_increase | 0.34101041397923842861  
 web_q2_q3_increase   | 4.00291948296976322273  
 store_q2_q3_increase | 2.60346424433491811555  
-RECORD 13--------------------------------------
 ca_county            | Fillmore County         
 d_year               | 2000                    
 web_q1_q2_increase   | 0.50776892269141097567  
 store_q1_q2_increase | 0.34992122526149135952  
 web_q2_q3_increase   | 2.44316167851217836017  
 store_q2_q3_increase | 1.30113584148891856725  
-RECORD 14--------------------------------------
 ca_county            | Forest County           
 d_year               | 2000                    
 web_q1_q2_increase   | 0.64474509676311067690  
 store_q1_q2_increase | 0.34236715380074355949  
 web_q2_q3_increase   | 5.77102736641623072189  
 store_q2_q3_increase | 1.88107396292615725710  
-RECORD 15--------------------------------------
 ca_county            | Gaston County           
 d_year               | 2000                    
 web_q1_q2_increase   | 0.76377358550287164559  
 store_q1_q2_increase | 0.45549556863686726153  
 web_q2_q3_increase   | 3.95561127950703527358  
 store_q2_q3_increase | 2.14157208867586400248  
-RECORD 16--------------------------------------
 ca_county            | Grant County            
 d_year               | 2000                    
 web_q1_q2_increase   | 0.69333590652908074631  
 store_q1_q2_increase | 0.62287006574997139298  
 web_q2_q3_increase   | 1.78864440391255808704  
 store_q2_q3_increase | 1.72219698265008746344  
-RECORD 17--------------------------------------
 ca_county            | Green County            
 d_year               | 2000                    
 web_q1_q2_increase   | 0.76366674014323608886  
 store_q1_q2_increase | 0.32149850381679389313  
 web_q2_q3_increase   | 4.69415179614253064232  
 store_q2_q3_increase | 4.20703393156246569025  
-RECORD 18--------------------------------------
 ca_county            | Harlan County           
 d_year               | 2000                    
 web_q1_q2_increase   | 1.67035452402648727700  
 store_q1_q2_increase | 1.59011462583916549826  
 web_q2_q3_increase   | 2.47195880035173527035  
 store_q2_q3_increase | 2.10729423552902100895  
-RECORD 19--------------------------------------
 ca_county            | Harris County           
 d_year               | 2000                    
 web_q1_q2_increase   | 2.33756878339064961706  
 store_q1_q2_increase | 0.33312643409982710927  
 web_q2_q3_increase   | 2.41705787693964913783  
 store_q2_q3_increase | 1.02579422343889163671  
-RECORD 20--------------------------------------
 ca_county            | Heard County            
 d_year               | 2000                    
 web_q1_q2_increase   | 4.10255425797345111941  
 store_q1_q2_increase | 1.26694736944349772211  
 web_q2_q3_increase   | 3.50022796085130486101  
 store_q2_q3_increase | 1.12780400281997028726  
-RECORD 21--------------------------------------
 ca_county            | Houston County          
 d_year               | 2000                    
 web_q1_q2_increase   | 2.04532581379072173991  
 store_q1_q2_increase | 1.03898262024544230726  
 web_q2_q3_increase   | 1.96505101107434259024  
 store_q2_q3_increase | 1.42119328479424659036  
-RECORD 22--------------------------------------
 ca_county            | Ingham County           
 d_year               | 2000                    
 web_q1_q2_increase   | 0.57439040456317571111  
 store_q1_q2_increase | 0.38411364614137043667  
 web_q2_q3_increase   | 1.30651659021888851792  
 store_q2_q3_increase | 0.99206101318719730275  
-RECORD 23--------------------------------------
 ca_county            | Lake County             
 d_year               | 2000                    
 web_q1_q2_increase   | 1.25507734972894098443  
 store_q1_q2_increase | 0.74592816715512231750  
 web_q2_q3_increase   | 1.51514725864381842572  
 store_q2_q3_increase | 1.26566157863214393532  
-RECORD 24--------------------------------------
 ca_county            | Lamar County            
 d_year               | 2000                    
 web_q1_q2_increase   | 0.74935756785185025726  
 store_q1_q2_increase | 0.74561686926617447527  
 web_q2_q3_increase   | 4.26903583162332184191  
 store_q2_q3_increase | 2.02958382186798565684  
-RECORD 25--------------------------------------
 ca_county            | Lincoln County          
 d_year               | 2000                    
 web_q1_q2_increase   | 1.01913659071384428173  
 store_q1_q2_increase | 0.94484496987343286653  
 web_q2_q3_increase   | 2.33595981997358419041  
 store_q2_q3_increase | 1.77692773583797247242  
-RECORD 26--------------------------------------
 ca_county            | Marion County           
 d_year               | 2000                    
 web_q1_q2_increase   | 1.15899867146899535786  
 store_q1_q2_increase | 0.91651142001299549685  
 web_q2_q3_increase   | 2.44503995542958764571  
 store_q2_q3_increase | 1.85107281966013413618  
-RECORD 27--------------------------------------
 ca_county            | Mercer County           
 d_year               | 2000                    
 web_q1_q2_increase   | 0.73834174125133450643  
 store_q1_q2_increase | 0.60167821268000052444  
 web_q2_q3_increase   | 3.01245002846535210487  
 store_q2_q3_increase | 2.72447026833096876671  
-RECORD 28--------------------------------------
 ca_county            | Meriwether County       
 d_year               | 2000                    
 web_q1_q2_increase   | 0.36574758846944088321  
 store_q1_q2_increase | 0.30041718463447056981  
 web_q2_q3_increase   | 2.77227009866799734273  
 store_q2_q3_increase | 0.78776868963148061476  
-RECORD 29--------------------------------------
 ca_county            | Miller County           
 d_year               | 2000                    
 web_q1_q2_increase   | 2.57574486635571802638  
 store_q1_q2_increase | 1.31827331294324454530  
 web_q2_q3_increase   | 2.19196784625244992680  
 store_q2_q3_increase | 0.98221811316296353289  
-RECORD 30--------------------------------------
 ca_county            | Mitchell County         
 d_year               | 2000                    
 web_q1_q2_increase   | 4.43923300874974085759  
 store_q1_q2_increase | 1.16133474512593180929  
 web_q2_q3_increase   | 1.39403628066461255296  
 store_q2_q3_increase | 1.25607445425888971888  
-RECORD 31--------------------------------------
 ca_county            | Mora County             
 d_year               | 2000                    
 web_q1_q2_increase   | 1.18326068380690729344  
 store_q1_q2_increase | 0.63565423603324903385  
 web_q2_q3_increase   | 2.51312040659621924019  
 store_q2_q3_increase | 0.91856717529667620671  
-RECORD 32--------------------------------------
 ca_county            | Nantucket County        
 d_year               | 2000                    
 web_q1_q2_increase   | 1.43789670528374954374  
 store_q1_q2_increase | 0.72269208618896859355  
 web_q2_q3_increase   | 1.17548815032780566738  
 store_q2_q3_increase | 0.96230376242629915245  
-RECORD 33--------------------------------------
 ca_county            | New Kent County         
 d_year               | 2000                    
 web_q1_q2_increase   | 0.60261619426584361180  
 store_q1_q2_increase | 0.39906221113515664790  
 web_q2_q3_increase   | 2.86938639567487181076  
 store_q2_q3_increase | 2.62589483534122492728  
-RECORD 34--------------------------------------
 ca_county            | Nicholas County         
 d_year               | 2000                    
 web_q1_q2_increase   | 2.16511619646191995296  
 store_q1_q2_increase | 2.05627395349407767109  
 web_q2_q3_increase   | 6.02129981251529356489  
 store_q2_q3_increase | 1.26257658392038084654  
-RECORD 35--------------------------------------
 ca_county            | Otero County            
 d_year               | 2000                    
 web_q1_q2_increase   | 2.75465526787611351203  
 store_q1_q2_increase | 1.24629885719290895616  
 web_q2_q3_increase   | 2.97611082044226499804  
 store_q2_q3_increase | 2.24583464561823034066  
-RECORD 36--------------------------------------
 ca_county            | Oxford County           
 d_year               | 2000                    
 web_q1_q2_increase   | 0.97314297173872373148  
 store_q1_q2_increase | 0.75724045599001459667  
 web_q2_q3_increase   | 4.01268689882568157677  
 store_q2_q3_increase | 1.64075103593614289373  
-RECORD 37--------------------------------------
 ca_county            | Perry County            
 d_year               | 2000                    
 web_q1_q2_increase   | 1.58078031254531177495  
 store_q1_q2_increase | 0.76445318524892981780  
 web_q2_q3_increase   | 2.15336994924911466063  
 store_q2_q3_increase | 1.80241038564110521224  
-RECORD 38--------------------------------------
 ca_county            | Prince William County   
 d_year               | 2000                    
 web_q1_q2_increase   | 3.37637294390632576616  
 store_q1_q2_increase | 0.63078729636059462761  
 web_q2_q3_increase   | 1.70696672591256025796  
 store_q2_q3_increase | 0.93432375394637831912  
-RECORD 39--------------------------------------
 ca_county            | Refugio County          
 d_year               | 2000                    
 web_q1_q2_increase   | 1.81297643260970719702  
 store_q1_q2_increase | 0.58673180053863495251  
 web_q2_q3_increase   | 1.30198390085676088583  
 store_q2_q3_increase | 1.26960356663764360133  
-RECORD 40--------------------------------------
 ca_county            | Rice County             
 d_year               | 2000                    
 web_q1_q2_increase   | 1.13469845554799428548  
 store_q1_q2_increase | 0.73301764481377922410  
 web_q2_q3_increase   | 2.37814935529700688682  
 store_q2_q3_increase | 1.98640182855261776228  
-RECORD 41--------------------------------------
 ca_county            | Richmond County         
 d_year               | 2000                    
 web_q1_q2_increase   | 1.57166529010943629981  
 store_q1_q2_increase | 1.29401499151472667973  
 web_q2_q3_increase   | 2.30959201118034046830  
 store_q2_q3_increase | 1.77801574004216753435  
-RECORD 42--------------------------------------
 ca_county            | Sheridan County         
 d_year               | 2000                    
 web_q1_q2_increase   | 1.38602993112914940937  
 store_q1_q2_increase | 1.25065703628942682513  
 web_q2_q3_increase   | 1.57593627431305158027  
 store_q2_q3_increase | 0.53788607762307843012  
-RECORD 43--------------------------------------
 ca_county            | Smith County            
 d_year               | 2000                    
 web_q1_q2_increase   | 0.63693574125248122057  
 store_q1_q2_increase | 0.42788183437540550995  
 web_q2_q3_increase   | 5.74484457179102206628  
 store_q2_q3_increase | 4.47795842098561613796  
-RECORD 44--------------------------------------
 ca_county            | Stark County            
 d_year               | 2000                    
 web_q1_q2_increase   | 7.33821959455125692531  
 store_q1_q2_increase | 1.41758911718790894451  
 web_q2_q3_increase   | 1.86383952742221993890  
 store_q2_q3_increase | 1.22736577699011640744  
-RECORD 45--------------------------------------
 ca_county            | Steele County           
 d_year               | 2000                    
 web_q1_q2_increase   | 1.37741333938882476057  
 store_q1_q2_increase | 0.76651250341980977052  
 web_q2_q3_increase   | 1.24797335804696750207  
 store_q2_q3_increase | 0.93119537471174059736  
-RECORD 46--------------------------------------
 ca_county            | Stone County            
 d_year               | 2000                    
 web_q1_q2_increase   | 1.90004219386908689286  
 store_q1_q2_increase | 0.81192032477816489356  
 web_q2_q3_increase   | 3.69936110579529869550  
 store_q2_q3_increase | 1.52166194955095355112  
-RECORD 47--------------------------------------
 ca_county            | Tooele County           
 d_year               | 2000                    
 web_q1_q2_increase   | 6.59030285094209332150  
 store_q1_q2_increase | 0.76891048907427463498  
 web_q2_q3_increase   | 1.78863718124696571211  
 store_q2_q3_increase | 0.34006728939756397967  
-RECORD 48--------------------------------------
 ca_county            | Vernon County           
 d_year               | 2000                    
 web_q1_q2_increase   | 0.97445432611778328311  
 store_q1_q2_increase | 0.91594620425255140696  
 web_q2_q3_increase   | 1.36880362121572107271  
 store_q2_q3_increase | 1.04171186172364664013  
-RECORD 49--------------------------------------
 ca_county            | Williamson County       
 d_year               | 2000                    
 web_q1_q2_increase   | 2.98510216435126620827  
 store_q1_q2_increase | 0.39141774151209165379  
 web_q2_q3_increase   | 5.80596457866338618084  
 store_q2_q3_increase | 4.39669909544374083772  
-RECORD 50--------------------------------------
 ca_county            | Wright County           
 d_year               | 2000                    
 web_q1_q2_increase   | 5.02933513881997226847  
 store_q1_q2_increase | 1.97080989390700524628  
 web_q2_q3_increase   | 4.07652891489033681973  
 store_q2_q3_increase | 1.96647245178231099547
           