-- Automatically generated by TPCDSQueryValidator$
-RECORD 0-------------------------------------
 gross_margin       | -0.43462724506002262370 
 i_category         | null                    
 i_class            | null                    
 lochierarchy       | 2                       
 rank_within_parent | 1                       
-RECORD 1-------------------------------------
 gross_margin       | -0.44572554799116219144 
 i_category         | Electronics             
 i_class            | null                    
 lochierarchy       | 1                       
 rank_within_parent | 1                       
-RECORD 2-------------------------------------
 gross_margin       | -0.43905844420578105228 
 i_category         | Children                
 i_class            | null                    
 lochierarchy       | 1                       
 rank_within_parent | 2                       
-RECORD 3-------------------------------------
 gross_margin       | -0.43537480144353351811 
 i_category         | Home                    
 i_class            | null                    
 lochierarchy       | 1                       
 rank_within_parent | 3                       
-RECORD 4-------------------------------------
 gross_margin       | -0.43513489629708125698 
 i_category         | Sports                  
 i_class            | null                    
 lochierarchy       | 1                       
 rank_within_parent | 4                       
-RECORD 5-------------------------------------
 gross_margin       | -0.43478698928992011318 
 i_category         | Shoes                   
 i_class            | null                    
 lochierarchy       | 1                       
 rank_within_parent | 5                       
-RECORD 6-------------------------------------
 gross_margin       | -0.43393697804808898647 
 i_category         | Men                     
 i_class            | null                    
 lochierarchy       | 1                       
 rank_within_parent | 6                       
-RECORD 7-------------------------------------
 gross_margin       | -0.43281415543162804755 
 i_category         | Books                   
 i_class            | null                    
 lochierarchy       | 1                       
 rank_within_parent | 7                       
-RECORD 8-------------------------------------
 gross_margin       | -0.43278560834074678585 
 i_category         | Women                   
 i_class            | null                    
 lochierarchy       | 1                       
 rank_within_parent | 8                       
-RECORD 9-------------------------------------
 gross_margin       | -0.42883926078775451741 
 i_category         | Jewelry                 
 i_class            | null                    
 lochierarchy       | 1                       
 rank_within_parent | 9                       
-RECORD 10------------------------------------
 gross_margin       | -0.42839677730714699934 
 i_category         | Music                   
 i_class            | null                    
 lochierarchy       | 1                       
 rank_within_parent | 10                      
-RECORD 11------------------------------------
 gross_margin       | -0.40836402008057582653 
 i_category         | null                    
 i_class            | null                    
 lochierarchy       | 1                       
 rank_within_parent | 11                      
-RECORD 12------------------------------------
 gross_margin       | -0.57506229781958116689 
 i_category         | null                    
 i_class            | swimwear                
 lochierarchy       | 0                       
 rank_within_parent | 1                       
-RECORD 13------------------------------------
 gross_margin       | -0.52477558789270398353 
 i_category         | null                    
 i_class            | pants                   
 lochierarchy       | 0                       
 rank_within_parent | 2                       
-RECORD 14------------------------------------
 gross_margin       | -0.51634800723316361608 
 i_category         | null                    
 i_class            | sports-apparel          
 lochierarchy       | 0                       
 rank_within_parent | 3                       
-RECORD 15------------------------------------
 gross_margin       | -0.49701734380944367559 
 i_category         | null                    
 i_class            | flatware                
 lochierarchy       | 0                       
 rank_within_parent | 4                       
-RECORD 16------------------------------------
 gross_margin       | -0.42115697861057938103 
 i_category         | null                    
 i_class            | scanners                
 lochierarchy       | 0                       
 rank_within_parent | 5                       
-RECORD 17------------------------------------
 gross_margin       | -0.41495404146284130562 
 i_category         | null                    
 i_class            | null                    
 lochierarchy       | 0                       
 rank_within_parent | 6                       
-RECORD 18------------------------------------
 gross_margin       | -0.41212458162913484759 
 i_category         | null                    
 i_class            | womens                  
 lochierarchy       | 0                       
 rank_within_parent | 7                       
-RECORD 19------------------------------------
 gross_margin       | -0.41124201443701810288 
 i_category         | null                    
 i_class            | glassware               
 lochierarchy       | 0                       
 rank_within_parent | 8                       
-RECORD 20------------------------------------
 gross_margin       | -0.34005050656417290867 
 i_category         | null                    
 i_class            | dresses                 
 lochierarchy       | 0                       
 rank_within_parent | 9                       
-RECORD 21------------------------------------
 gross_margin       | -0.28539122306143442168 
 i_category         | null                    
 i_class            | semi-precious           
 lochierarchy       | 0                       
 rank_within_parent | 10                      
-RECORD 22------------------------------------
 gross_margin       | -0.27064424572443175872 
 i_category         | null                    
 i_class            | archery                 
 lochierarchy       | 0                       
 rank_within_parent | 11                      
-RECORD 23------------------------------------
 gross_margin       | -0.26589148220819283218 
 i_category         | null                    
 i_class            | camcorders              
 lochierarchy       | 0                       
 rank_within_parent | 12                      
-RECORD 24------------------------------------
 gross_margin       | -0.49313849125801216327 
 i_category         | Books                   
 i_class            | null                    
 lochierarchy       | 0                       
 rank_within_parent | 1                       
-RECORD 25------------------------------------
 gross_margin       | -0.45905963240510827926 
 i_category         | Books                   
 i_class            | self-help               
 lochierarchy       | 0                       
 rank_within_parent | 2                       
-RECORD 26------------------------------------
 gross_margin       | -0.45361415486337503032 
 i_category         | Books                   
 i_class            | romance                 
 lochierarchy       | 0                       
 rank_within_parent | 3                       
-RECORD 27------------------------------------
 gross_margin       | -0.45309723975037373700 
 i_category         | Books                   
 i_class            | parenting               
 lochierarchy       | 0                       
 rank_within_parent | 4                       
-RECORD 28------------------------------------
 gross_margin       | -0.45242850294146098803 
 i_category         | Books                   
 i_class            | home repair             
 lochierarchy       | 0                       
 rank_within_parent | 5                       
-RECORD 29------------------------------------
 gross_margin       | -0.43981106600973008332 
 i_category         | Books                   
 i_class            | arts                    
 lochierarchy       | 0                       
 rank_within_parent | 6                       
-RECORD 30------------------------------------
 gross_margin       | -0.43771696562800042599 
 i_category         | Books                   
 i_class            | computers               
 lochierarchy       | 0                       
 rank_within_parent | 7                       
-RECORD 31------------------------------------
 gross_margin       | -0.43617080023918784688 
 i_category         | Books                   
 i_class            | entertainments          
 lochierarchy       | 0                       
 rank_within_parent | 8                       
-RECORD 32------------------------------------
 gross_margin       | -0.43351068602360130689 
 i_category         | Books                   
 i_class            | business                
 lochierarchy       | 0                       
 rank_within_parent | 9                       
-RECORD 33------------------------------------
 gross_margin       | -0.42933247849990414591 
 i_category         | Books                   
 i_class            | cooking                 
 lochierarchy       | 0                       
 rank_within_parent | 10                      
-RECORD 34------------------------------------
 gross_margin       | -0.42776698070726368847 
 i_category         | Books                   
 i_class            | history                 
 lochierarchy       | 0                       
 rank_within_parent | 11                      
-RECORD 35------------------------------------
 gross_margin       | -0.42695086400137496396 
 i_category         | Books                   
 i_class            | sports                  
 lochierarchy       | 0                       
 rank_within_parent | 12                      
-RECORD 36------------------------------------
 gross_margin       | -0.42522226098880617297 
 i_category         | Books                   
 i_class            | fiction                 
 lochierarchy       | 0                       
 rank_within_parent | 13                      
-RECORD 37------------------------------------
 gross_margin       | -0.42138982555517437187 
 i_category         | Books                   
 i_class            | travel                  
 lochierarchy       | 0                       
 rank_within_parent | 14                      
-RECORD 38------------------------------------
 gross_margin       | -0.41310850453072551485 
 i_category         | Books                   
 i_class            | reference               
 lochierarchy       | 0                       
 rank_within_parent | 15                      
-RECORD 39------------------------------------
 gross_margin       | -0.40793159422928459857 
 i_category         | Books                   
 i_class            | science                 
 lochierarchy       | 0                       
 rank_within_parent | 16                      
-RECORD 40------------------------------------
 gross_margin       | -0.40245262346372099670 
 i_category         | Books                   
 i_class            | mystery                 
 lochierarchy       | 0                       
 rank_within_parent | 17                      
-RECORD 41------------------------------------
 gross_margin       | -0.51972874082540593735 
 i_category         | Children                
 i_class            | null                    
 lochierarchy       | 0                       
 rank_within_parent | 1                       
-RECORD 42------------------------------------
 gross_margin       | -0.44395496111990127625 
 i_category         | Children                
 i_class            | infants                 
 lochierarchy       | 0                       
 rank_within_parent | 2                       
-RECORD 43------------------------------------
 gross_margin       | -0.44116627613556820101 
 i_category         | Children                
 i_class            | toddlers                
 lochierarchy       | 0                       
 rank_within_parent | 3                       
-RECORD 44------------------------------------
 gross_margin       | -0.43938912464753373228 
 i_category         | Children                
 i_class            | newborn                 
 lochierarchy       | 0                       
 rank_within_parent | 4                       
-RECORD 45------------------------------------
 gross_margin       | -0.43153443572803164724 
 i_category         | Children                
 i_class            | school-uniforms         
 lochierarchy       | 0                       
 rank_within_parent | 5                       
-RECORD 46------------------------------------
 gross_margin       | -0.48111115518133356447 
 i_category         | Electronics             
 i_class            | scanners                
 lochierarchy       | 0                       
 rank_within_parent | 1                       
-RECORD 47------------------------------------
 gross_margin       | -0.47476243999949568098 
 i_category         | Electronics             
 i_class            | wireless                
 lochierarchy       | 0                       
 rank_within_parent | 2                       
-RECORD 48------------------------------------
 gross_margin       | -0.46881366722199291834 
 i_category         | Electronics             
 i_class            | musical                 
 lochierarchy       | 0                       
 rank_within_parent | 3                       
-RECORD 49------------------------------------
 gross_margin       | -0.45964361686942834850 
 i_category         | Electronics             
 i_class            | audio                   
 lochierarchy       | 0                       
 rank_within_parent | 4                       
-RECORD 50------------------------------------
 gross_margin       | -0.45928545493036909637 
 i_category         | Electronics             
 i_class            | portable                
 lochierarchy       | 0                       
 rank_within_parent | 5                       
-RECORD 51------------------------------------
 gross_margin       | -0.45766868256713105910 
 i_category         | Electronics             
 i_class            | automotive              
 lochierarchy       | 0                       
 rank_within_parent | 6                       
-RECORD 52------------------------------------
 gross_margin       | -0.45059679325892113822 
 i_category         | Electronics             
 i_class            | personal                
 lochierarchy       | 0                       
 rank_within_parent | 7                       
-RECORD 53------------------------------------
 gross_margin       | -0.44658684174291725928 
 i_category         | Electronics             
 i_class            | karoke                  
 lochierarchy       | 0                       
 rank_within_parent | 8                       
-RECORD 54------------------------------------
 gross_margin       | -0.44475849078129724089 
 i_category         | Electronics             
 i_class            | camcorders              
 lochierarchy       | 0                       
 rank_within_parent | 9                       
-RECORD 55------------------------------------
 gross_margin       | -0.44243449730184029928 
 i_category         | Electronics             
 i_class            | stereo                  
 lochierarchy       | 0                       
 rank_within_parent | 10                      
-RECORD 56------------------------------------
 gross_margin       | -0.43563339425082642263 
 i_category         | Electronics             
 i_class            | monitors                
 lochierarchy       | 0                       
 rank_within_parent | 11                      
-RECORD 57------------------------------------
 gross_margin       | -0.43006222255725822329 
 i_category         | Electronics             
 i_class            | disk drives             
 lochierarchy       | 0                       
 rank_within_parent | 12                      
-RECORD 58------------------------------------
 gross_margin       | -0.42956478115982797323 
 i_category         | Electronics             
 i_class            | dvd/vcr players         
 lochierarchy       | 0                       
 rank_within_parent | 13                      
-RECORD 59------------------------------------
 gross_margin       | -0.42779157418952820742 
 i_category         | Electronics             
 i_class            | televisions             
 lochierarchy       | 0                       
 rank_within_parent | 14                      
-RECORD 60------------------------------------
 gross_margin       | -0.42748482637369844882 
 i_category         | Electronics             
 i_class            | cameras                 
 lochierarchy       | 0                       
 rank_within_parent | 15                      
-RECORD 61------------------------------------
 gross_margin       | -0.41789640560157945271 
 i_category         | Electronics             
 i_class            | memory                  
 lochierarchy       | 0                       
 rank_within_parent | 16                      
-RECORD 62------------------------------------
 gross_margin       | -0.45820671158324357422 
 i_category         | Home                    
 i_class            | wallpaper               
 lochierarchy       | 0                       
 rank_within_parent | 1                       
-RECORD 63------------------------------------
 gross_margin       | -0.45812351000722227211 
 i_category         | Home                    
 i_class            | rugs                    
 lochierarchy       | 0                       
 rank_within_parent | 2                       
-RECORD 64------------------------------------
 gross_margin       | -0.45390886610438835872 
 i_category         | Home                    
 i_class            | blinds/shades           
 lochierarchy       | 0                       
 rank_within_parent | 3                       
-RECORD 65------------------------------------
 gross_margin       | -0.45080477272002672886 
 i_category         | Home                    
 i_class            | tables                  
 lochierarchy       | 0                       
 rank_within_parent | 4                       
-RECORD 66------------------------------------
 gross_margin       | -0.45000581608953359374 
 i_category         | Home                    
 i_class            | bedding                 
 lochierarchy       | 0                       
 rank_within_parent | 5                       
-RECORD 67------------------------------------
 gross_margin       | -0.44442920947055918169 
 i_category         | Home                    
 i_class            | paint                   
 lochierarchy       | 0                       
 rank_within_parent | 6                       
-RECORD 68------------------------------------
 gross_margin       | -0.44290016028385165797 
 i_category         | Home                    
 i_class            | kids                    
 lochierarchy       | 0                       
 rank_within_parent | 7                       
-RECORD 69------------------------------------
 gross_margin       | -0.44195666541862319401 
 i_category         | Home                    
 i_class            | decor                   
 lochierarchy       | 0                       
 rank_within_parent | 8                       
-RECORD 70------------------------------------
 gross_margin       | -0.44027000033489061489 
 i_category         | Home                    
 i_class            | curtains/drapes         
 lochierarchy       | 0                       
 rank_within_parent | 9                       
-RECORD 71------------------------------------
 gross_margin       | -0.43673314302002928611 
 i_category         | Home                    
 i_class            | accent                  
 lochierarchy       | 0                       
 rank_within_parent | 10                      
-RECORD 72------------------------------------
 gross_margin       | -0.42960552582644072429 
 i_category         | Home                    
 i_class            | glassware               
 lochierarchy       | 0                       
 rank_within_parent | 11                      
-RECORD 73------------------------------------
 gross_margin       | -0.42129274488855599877 
 i_category         | Home                    
 i_class            | flatware                
 lochierarchy       | 0                       
 rank_within_parent | 12                      
-RECORD 74------------------------------------
 gross_margin       | -0.41960622296567551769 
 i_category         | Home                    
 i_class            | mattresses              
 lochierarchy       | 0                       
 rank_within_parent | 13                      
-RECORD 75------------------------------------
 gross_margin       | -0.41679680505477792423 
 i_category         | Home                    
 i_class            | furniture               
 lochierarchy       | 0                       
 rank_within_parent | 14                      
-RECORD 76------------------------------------
 gross_margin       | -0.41613781444454454986 
 i_category         | Home                    
 i_class            | bathroom                
 lochierarchy       | 0                       
 rank_within_parent | 15                      
-RECORD 77------------------------------------
 gross_margin       | -0.39744598372518447806 
 i_category         | Home                    
 i_class            | lighting                
 lochierarchy       | 0                       
 rank_within_parent | 16                      
-RECORD 78------------------------------------
 gross_margin       | -0.27508678304500224336 
 i_category         | Home                    
 i_class            | null                    
 lochierarchy       | 0                       
 rank_within_parent | 17                      
-RECORD 79------------------------------------
 gross_margin       | -0.48202255658119515719 
 i_category         | Jewelry                 
 i_class            | consignment             
 lochierarchy       | 0                       
 rank_within_parent | 1                       
-RECORD 80------------------------------------
 gross_margin       | -0.45292311445740197686 
 i_category         | Jewelry                 
 i_class            | gold                    
 lochierarchy       | 0                       
 rank_within_parent | 2                       
-RECORD 81------------------------------------
 gross_margin       | -0.44226642074734303189 
 i_category         | Jewelry                 
 i_class            | womens watch            
 lochierarchy       | 0                       
 rank_within_parent | 3                       
-RECORD 82------------------------------------
 gross_margin       | -0.43895803630934707802 
 i_category         | Jewelry                 
 i_class            | semi-precious           
 lochierarchy       | 0                       
 rank_within_parent | 4                       
-RECORD 83------------------------------------
 gross_margin       | -0.43752822100984156811 
 i_category         | Jewelry                 
 i_class            | null                    
 lochierarchy       | 0                       
 rank_within_parent | 5                       
-RECORD 84------------------------------------
 gross_margin       | -0.43569052857862351541 
 i_category         | Jewelry                 
 i_class            | bracelets               
 lochierarchy       | 0                       
 rank_within_parent | 6                       
-RECORD 85------------------------------------
 gross_margin       | -0.43463136229782141649 
 i_category         | Jewelry                 
 i_class            | birdal                  
 lochierarchy       | 0                       
 rank_within_parent | 7                       
-RECORD 86------------------------------------
 gross_margin       | -0.43452651037695847067 
 i_category         | Jewelry                 
 i_class            | loose stones            
 lochierarchy       | 0                       
 rank_within_parent | 8                       
-RECORD 87------------------------------------
 gross_margin       | -0.43340689540104111843 
 i_category         | Jewelry                 
 i_class            | rings                   
 lochierarchy       | 0                       
 rank_within_parent | 9                       
-RECORD 88------------------------------------
 gross_margin       | -0.43075457486338446118 
 i_category         | Jewelry                 
 i_class            | estate                  
 lochierarchy       | 0                       
 rank_within_parent | 10                      
-RECORD 89------------------------------------
 gross_margin       | -0.42973592140259967603 
 i_category         | Jewelry                 
 i_class            | pendants                
 lochierarchy       | 0                       
 rank_within_parent | 11                      
-RECORD 90------------------------------------
 gross_margin       | -0.42207950104662553973 
 i_category         | Jewelry                 
 i_class            | earings                 
 lochierarchy       | 0                       
 rank_within_parent | 12                      
-RECORD 91------------------------------------
 gross_margin       | -0.41751153877909731108 
 i_category         | Jewelry                 
 i_class            | costume                 
 lochierarchy       | 0                       
 rank_within_parent | 13                      
-RECORD 92------------------------------------
 gross_margin       | -0.41260353474281855969 
 i_category         | Jewelry                 
 i_class            | jewelry boxes           
 lochierarchy       | 0                       
 rank_within_parent | 14                      
-RECORD 93------------------------------------
 gross_margin       | -0.41251547672854467533 
 i_category         | Jewelry                 
 i_class            | mens watch              
 lochierarchy       | 0                       
 rank_within_parent | 15                      
-RECORD 94------------------------------------
 gross_margin       | -0.40542576815272145614 
 i_category         | Jewelry                 
 i_class            | custom                  
 lochierarchy       | 0                       
 rank_within_parent | 16                      
-RECORD 95------------------------------------
 gross_margin       | -0.40366859037486696971 
 i_category         | Jewelry                 
 i_class            | diamonds                
 lochierarchy       | 0                       
 rank_within_parent | 17                      
-RECORD 96------------------------------------
 gross_margin       | -0.44073645117906210945 
 i_category         | Men                     
 i_class            | sports-apparel          
 lochierarchy       | 0                       
 rank_within_parent | 1                       
-RECORD 97------------------------------------
 gross_margin       | -0.43790091133376661791 
 i_category         | Men                     
 i_class            | accessories             
 lochierarchy       | 0                       
 rank_within_parent | 2                       
-RECORD 98------------------------------------
 gross_margin       | -0.43591436770437870970 
 i_category         | Men                     
 i_class            | pants                   
 lochierarchy       | 0                       
 rank_within_parent | 3                       
-RECORD 99------------------------------------
 gross_margin       | -0.42360559890474258839 
 i_category         | Men                     
 i_class            | shirts                  
 lochierarchy       | 0                       
 rank_within_parent | 4
           