-- Automatically generated by TPCDSQueryValidator$
-RECORD 0----------------------------
 w_warehouse_sk | 1                  
 i_item_sk      | 1155               
 d_moy          | 1                  
 mean           | 184.0              
 cov            | NaN                
 w_warehouse_sk | 1                  
 i_item_sk      | 1155               
 d_moy          | 2                  
 mean           | 343.3333333333333  
 cov            | 1.1700233592269733 
-RECORD 1----------------------------
 w_warehouse_sk | 1                  
 i_item_sk      | 1569               
 d_moy          | 1                  
 mean           | 212.0              
 cov            | 1.630213519639535  
 w_warehouse_sk | 1                  
 i_item_sk      | 1569               
 d_moy          | 2                  
 mean           | 239.25             
 cov            | 1.2641513267800557 
-RECORD 2----------------------------
 w_warehouse_sk | 1                  
 i_item_sk      | 5627               
 d_moy          | 1                  
 mean           | 282.75             
 cov            | 1.5657032366359889 
 w_warehouse_sk | 1                  
 i_item_sk      | 5627               
 d_moy          | 2                  
 mean           | 297.5              
 cov            | 1.2084286841430678 
-RECORD 3----------------------------
 w_warehouse_sk | 1                  
 i_item_sk      | 7999               
 d_moy          | 1                  
 mean           | 166.25             
 cov            | 1.7924231710846223 
 w_warehouse_sk | 1                  
 i_item_sk      | 7999               
 d_moy          | 2                  
 mean           | 375.3333333333333  
 cov            | 1.008092263550718  
-RECORD 4----------------------------
 w_warehouse_sk | 1                  
 i_item_sk      | 8611               
 d_moy          | 1                  
 mean           | 300.5              
 cov            | 1.5191545184147954 
 w_warehouse_sk | 1                  
 i_item_sk      | 8611               
 d_moy          | 2                  
 mean           | 243.75             
 cov            | 1.2342122780960432 
-RECORD 5----------------------------
 w_warehouse_sk | 1                  
 i_item_sk      | 15345              
 d_moy          | 1                  
 mean           | 148.5              
 cov            | 1.5295784035794024 
 w_warehouse_sk | 1                  
 i_item_sk      | 15345              
 d_moy          | 2                  
 mean           | 246.5              
 cov            | 1.5087987747231526 
-RECORD 6----------------------------
 w_warehouse_sk | 2                  
 i_item_sk      | 71                 
 d_moy          | 1                  
 mean           | 221.5              
 cov            | 1.563974108334745  
 w_warehouse_sk | 2                  
 i_item_sk      | 71                 
 d_moy          | 2                  
 mean           | 309.0              
 cov            | 1.4917057895885681 
-RECORD 7----------------------------
 w_warehouse_sk | 2                  
 i_item_sk      | 5429               
 d_moy          | 1                  
 mean           | 152.0              
 cov            | NaN                
 w_warehouse_sk | 2                  
 i_item_sk      | 5429               
 d_moy          | 2                  
 mean           | 355.25             
 cov            | 1.1230959744909077 
-RECORD 8----------------------------
 w_warehouse_sk | 2                  
 i_item_sk      | 6103               
 d_moy          | 1                  
 mean           | 194.33333333333334 
 cov            | 1.5160670179307387 
 w_warehouse_sk | 2                  
 i_item_sk      | 6103               
 d_moy          | 2                  
 mean           | 158.5              
 cov            | 1.2743698636165062 
-RECORD 9----------------------------
 w_warehouse_sk | 2                  
 i_item_sk      | 6489               
 d_moy          | 1                  
 mean           | 268.0              
 cov            | 1.6956372368432269 
 w_warehouse_sk | 2                  
 i_item_sk      | 6489               
 d_moy          | 2                  
 mean           | 389.0              
 cov            | 1.4105780519299767 
-RECORD 10---------------------------
 w_warehouse_sk | 2                  
 i_item_sk      | 15839              
 d_moy          | 1                  
 mean           | 353.0              
 cov            | 1.5063684437542906 
 w_warehouse_sk | 2                  
 i_item_sk      | 15839              
 d_moy          | 2                  
 mean           | 255.5              
 cov            | 1.2362393182894105 
-RECORD 11---------------------------
 w_warehouse_sk | 3                  
 i_item_sk      | 7207               
 d_moy          | 1                  
 mean           | 329.6666666666667  
 cov            | 1.5954482160720393 
 w_warehouse_sk | 3                  
 i_item_sk      | 7207               
 d_moy          | 2                  
 mean           | 414.5              
 cov            | 1.017919707908937  
-RECORD 12---------------------------
 w_warehouse_sk | 3                  
 i_item_sk      | 10547              
 d_moy          | 1                  
 mean           | 182.33333333333334 
 cov            | 1.5325641514869042 
 w_warehouse_sk | 3                  
 i_item_sk      | 10547              
 d_moy          | 2                  
 mean           | 320.25             
 cov            | 1.302441844373152  
-RECORD 13---------------------------
 w_warehouse_sk | 3                  
 i_item_sk      | 12867              
 d_moy          | 1                  
 mean           | 278.25             
 cov            | 1.6403800123947352 
 w_warehouse_sk | 3                  
 i_item_sk      | 12867              
 d_moy          | 2                  
 mean           | 350.75             
 cov            | 1.2006933321742796 
-RECORD 14---------------------------
 w_warehouse_sk | 4                  
 i_item_sk      | 947                
 d_moy          | 1                  
 mean           | 247.5              
 cov            | 1.6933181813486973 
 w_warehouse_sk | 4                  
 i_item_sk      | 947                
 d_moy          | 2                  
 mean           | 203.33333333333334 
 cov            | 1.205433145161931  
-RECORD 15---------------------------
 w_warehouse_sk | 4                  
 i_item_sk      | 10249              
 d_moy          | 1                  
 mean           | 240.75             
 cov            | 1.6058403557773568 
 w_warehouse_sk | 4                  
 i_item_sk      | 10249              
 d_moy          | 2                  
 mean           | 689.0              
 cov            | NaN                
-RECORD 16---------------------------
 w_warehouse_sk | 5                  
 i_item_sk      | 3137               
 d_moy          | 1                  
 mean           | 271.25             
 cov            | 1.575453220592864  
 w_warehouse_sk | 5                  
 i_item_sk      | 3137               
 d_moy          | 2                  
 mean           | 380.0              
 cov            | 1.0834203388600319
           