-- Automatically generated by TPCDSQueryValidator$
-RECORD 0----------------------------------
 rnk              | 1                      
 best_performing  | oughtantiprin st       
 worst_performing | callyeingbarcallyought 
-RECORD 1----------------------------------
 rnk              | 2                      
 best_performing  | barcallyprioughtought  
 worst_performing | bareseationcallyought  
-RECORD 2----------------------------------
 rnk              | 3                      
 best_performing  | ableeingantiable       
 worst_performing | barn stcallycally      
-RECORD 3----------------------------------
 rnk              | 4                      
 best_performing  | n stesebarn st         
 worst_performing | eingoughtn stn st      
-RECORD 4----------------------------------
 rnk              | 5                      
 best_performing  | antioughtationbarought 
 worst_performing | callycallybarantiought 
-RECORD 5----------------------------------
 rnk              | 6                      
 best_performing  | callyeseationantiought 
 worst_performing | null                   
-RECORD 6----------------------------------
 rnk              | 7                      
 best_performing  | priableeseableought    
 worst_performing | eseableablepriought    
-RECORD 7----------------------------------
 rnk              | 8                      
 best_performing  | ableoughtableeseought  
 worst_performing | ationoughtantianti     
-RECORD 8----------------------------------
 rnk              | 9                      
 best_performing  | esebarableeseought     
 worst_performing | callyn stantieseought  
-RECORD 9----------------------------------
 rnk              | 10                     
 best_performing  | eingoughtn station     
 worst_performing | barcallyableought
           