-- Automatically generated by TPCDSQueryValidator$
-RECORD 0-------------------------------
 channel       | catalog                
 item          | 17543                  
 return_ratio  | 0.57142857142857142857 
 return_rank   | 1                      
 currency_rank | 1                      
-RECORD 1-------------------------------
 channel       | catalog                
 item          | 14513                  
 return_ratio  | 0.63541666666666666667 
 return_rank   | 2                      
 currency_rank | 2                      
-RECORD 2-------------------------------
 channel       | catalog                
 item          | 12577                  
 return_ratio  | 0.65591397849462365591 
 return_rank   | 3                      
 currency_rank | 3                      
-RECORD 3-------------------------------
 channel       | catalog                
 item          | 3411                   
 return_ratio  | 0.71641791044776119403 
 return_rank   | 4                      
 currency_rank | 4                      
-RECORD 4-------------------------------
 channel       | catalog                
 item          | 361                    
 return_ratio  | 0.74647887323943661972 
 return_rank   | 5                      
 currency_rank | 5                      
-RECORD 5-------------------------------
 channel       | catalog                
 item          | 8189                   
 return_ratio  | 0.74698795180722891566 
 return_rank   | 6                      
 currency_rank | 6                      
-RECORD 6-------------------------------
 channel       | catalog                
 item          | 8929                   
 return_ratio  | 0.76250000000000000000 
 return_rank   | 7                      
 currency_rank | 7                      
-RECORD 7-------------------------------
 channel       | catalog                
 item          | 14869                  
 return_ratio  | 0.77173913043478260870 
 return_rank   | 8                      
 currency_rank | 8                      
-RECORD 8-------------------------------
 channel       | catalog                
 item          | 9295                   
 return_ratio  | 0.77894736842105263158 
 return_rank   | 9                      
 currency_rank | 9                      
-RECORD 9-------------------------------
 channel       | catalog                
 item          | 16215                  
 return_ratio  | 0.79069767441860465116 
 return_rank   | 10                     
 currency_rank | 10                     
-RECORD 10------------------------------
 channel       | store                  
 item          | 9471                   
 return_ratio  | 0.77500000000000000000 
 return_rank   | 1                      
 currency_rank | 1                      
-RECORD 11------------------------------
 channel       | store                  
 item          | 9797                   
 return_ratio  | 0.80000000000000000000 
 return_rank   | 2                      
 currency_rank | 2                      
-RECORD 12------------------------------
 channel       | store                  
 item          | 12641                  
 return_ratio  | 0.81609195402298850575 
 return_rank   | 3                      
 currency_rank | 3                      
-RECORD 13------------------------------
 channel       | store                  
 item          | 15839                  
 return_ratio  | 0.81632653061224489796 
 return_rank   | 4                      
 currency_rank | 4                      
-RECORD 14------------------------------
 channel       | store                  
 item          | 1171                   
 return_ratio  | 0.82417582417582417582 
 return_rank   | 5                      
 currency_rank | 5                      
-RECORD 15------------------------------
 channel       | store                  
 item          | 11589                  
 return_ratio  | 0.82653061224489795918 
 return_rank   | 6                      
 currency_rank | 6                      
-RECORD 16------------------------------
 channel       | store                  
 item          | 6661                   
 return_ratio  | 0.92207792207792207792 
 return_rank   | 7                      
 currency_rank | 7                      
-RECORD 17------------------------------
 channel       | store                  
 item          | 13013                  
 return_ratio  | 0.94202898550724637681 
 return_rank   | 8                      
 currency_rank | 8                      
-RECORD 18------------------------------
 channel       | store                  
 item          | 14925                  
 return_ratio  | 0.96470588235294117647 
 return_rank   | 9                      
 currency_rank | 9                      
-RECORD 19------------------------------
 channel       | store                  
 item          | 4063                   
 return_ratio  | 1.00000000000000000000 
 return_rank   | 10                     
 currency_rank | 10                     
-RECORD 20------------------------------
 channel       | store                  
 item          | 9029                   
 return_ratio  | 1.00000000000000000000 
 return_rank   | 10                     
 currency_rank | 10                     
-RECORD 21------------------------------
 channel       | web                    
 item          | 7539                   
 return_ratio  | 0.59000000000000000000 
 return_rank   | 1                      
 currency_rank | 1                      
-RECORD 22------------------------------
 channel       | web                    
 item          | 3337                   
 return_ratio  | 0.62650602409638554217 
 return_rank   | 2                      
 currency_rank | 2                      
-RECORD 23------------------------------
 channel       | web                    
 item          | 15597                  
 return_ratio  | 0.66197183098591549296 
 return_rank   | 3                      
 currency_rank | 3                      
-RECORD 24------------------------------
 channel       | web                    
 item          | 2915                   
 return_ratio  | 0.69863013698630136986 
 return_rank   | 4                      
 currency_rank | 4                      
-RECORD 25------------------------------
 channel       | web                    
 item          | 11933                  
 return_ratio  | 0.71717171717171717172 
 return_rank   | 5                      
 currency_rank | 5                      
-RECORD 26------------------------------
 channel       | web                    
 item          | 3305                   
 return_ratio  | 0.73750000000000000000 
 return_rank   | 6                      
 currency_rank | 16                     
-RECORD 27------------------------------
 channel       | web                    
 item          | 483                    
 return_ratio  | 0.80000000000000000000 
 return_rank   | 7                      
 currency_rank | 6                      
-RECORD 28------------------------------
 channel       | web                    
 item          | 85                     
 return_ratio  | 0.85714285714285714286 
 return_rank   | 8                      
 currency_rank | 7                      
-RECORD 29------------------------------
 channel       | web                    
 item          | 97                     
 return_ratio  | 0.90361445783132530120 
 return_rank   | 9                      
 currency_rank | 8                      
-RECORD 30------------------------------
 channel       | web                    
 item          | 117                    
 return_ratio  | 0.92500000000000000000 
 return_rank   | 10                     
 currency_rank | 9                      
-RECORD 31------------------------------
 channel       | web                    
 item          | 5299                   
 return_ratio  | 0.92708333333333333333 
 return_rank   | 11                     
 currency_rank | 10
           