-- Automatically generated by TPCDSQueryValidator$
-RECORD 0---------------------------
 brand_id  | 2001001                
 brand     | amalgimporto #1        
 ext_price | 128393.59              
-RECORD 1---------------------------
 brand_id  | 5001001                
 brand     | amalgscholar #1        
 ext_price | 114563.05              
-RECORD 2---------------------------
 brand_id  | 1001001                
 brand     | amalgamalg #1          
 ext_price | 106541.65              
-RECORD 3---------------------------
 brand_id  | 5003001                
 brand     | exportischolar #1      
 ext_price | 104481.32              
-RECORD 4---------------------------
 brand_id  | 1002001                
 brand     | importoamalg #1        
 ext_price | 98315.70               
-RECORD 5---------------------------
 brand_id  | 5002001                
 brand     | importoscholar #1      
 ext_price | 81980.18               
-RECORD 6---------------------------
 brand_id  | 4001001                
 brand     | amalgedu pack #1       
 ext_price | 75471.82               
-RECORD 7---------------------------
 brand_id  | 5004001                
 brand     | edu packscholar #1     
 ext_price | 73945.27               
-RECORD 8---------------------------
 brand_id  | 1004002                
 brand     | edu packamalg #2       
 ext_price | 66973.45               
-RECORD 9---------------------------
 brand_id  | 3003001                
 brand     | exportiexporti #1      
 ext_price | 65256.40               
-RECORD 10--------------------------
 brand_id  | 4003001                
 brand     | exportiedu pack #1     
 ext_price | 58980.05               
-RECORD 11--------------------------
 brand_id  | 4002001                
 brand     | importoedu pack #1     
 ext_price | 52314.09               
-RECORD 12--------------------------
 brand_id  | 5001002                
 brand     | amalgscholar #2        
 ext_price | 50720.91               
-RECORD 13--------------------------
 brand_id  | 1001002                
 brand     | amalgamalg #2          
 ext_price | 48363.52               
-RECORD 14--------------------------
 brand_id  | 1004001                
 brand     | edu packamalg #1       
 ext_price | 46127.07               
-RECORD 15--------------------------
 brand_id  | 9013009                
 brand     | exportiunivamalg #9    
 ext_price | 44895.45               
-RECORD 16--------------------------
 brand_id  | 2004001                
 brand     | edu packimporto #1     
 ext_price | 44063.02               
-RECORD 17--------------------------
 brand_id  | 2002001                
 brand     | importoimporto #1      
 ext_price | 43360.76               
-RECORD 18--------------------------
 brand_id  | 4001002                
 brand     | amalgedu pack #2       
 ext_price | 41578.64               
-RECORD 19--------------------------
 brand_id  | 5002002                
 brand     | importoscholar #2      
 ext_price | 40981.69               
-RECORD 20--------------------------
 brand_id  | 2004002                
 brand     | edu packimporto #2     
 ext_price | 37031.29               
-RECORD 21--------------------------
 brand_id  | 10015011               
 brand     | scholaramalgamalg #11  
 ext_price | 36984.49               
-RECORD 22--------------------------
 brand_id  | 5003002                
 brand     | exportischolar #2      
 ext_price | 36835.57               
-RECORD 23--------------------------
 brand_id  | 1003001                
 brand     | exportiamalg #1        
 ext_price | 36391.68               
-RECORD 24--------------------------
 brand_id  | 7009005                
 brand     | maxibrand #5           
 ext_price | 35893.23               
-RECORD 25--------------------------
 brand_id  | 3001001                
 brand     | amalgexporti #1        
 ext_price | 34860.20               
-RECORD 26--------------------------
 brand_id  | 6002002                
 brand     | importocorp #2         
 ext_price | 34241.20               
-RECORD 27--------------------------
 brand_id  | 10014016               
 brand     | edu packamalgamalg #16 
 ext_price | 33635.08               
-RECORD 28--------------------------
 brand_id  | 6005001                
 brand     | scholarcorp #1         
 ext_price | 33315.76               
-RECORD 29--------------------------
 brand_id  | 8001003                
 brand     | amalgnameless #3       
 ext_price | 32795.69               
-RECORD 30--------------------------
 brand_id  | 3001002                
 brand     | amalgexporti #2        
 ext_price | 32035.45               
-RECORD 31--------------------------
 brand_id  | 7003005                
 brand     | exportibrand #5        
 ext_price | 30027.76               
-RECORD 32--------------------------
 brand_id  | 8005010                
 brand     | scholarnameless #10    
 ext_price | 28072.90               
-RECORD 33--------------------------
 brand_id  | 3004001                
 brand     | edu packexporti #1     
 ext_price | 27273.13               
-RECORD 34--------------------------
 brand_id  | 4004002                
 brand     | edu packedu pack #2    
 ext_price | 27176.70               
-RECORD 35--------------------------
 brand_id  | 9011009                
 brand     | amalgunivamalg #9      
 ext_price | 26702.81               
-RECORD 36--------------------------
 brand_id  | 6011001                
 brand     | amalgbrand #1          
 ext_price | 26270.95               
-RECORD 37--------------------------
 brand_id  | 9009002                
 brand     | maximaxi #2            
 ext_price | 25941.37               
-RECORD 38--------------------------
 brand_id  | 8011009                
 brand     | amalgmaxi #9           
 ext_price | 24766.62               
-RECORD 39--------------------------
 brand_id  | 6014007                
 brand     | edu packbrand #7       
 ext_price | 24592.55               
-RECORD 40--------------------------
 brand_id  | 10016003               
 brand     | corpamalgamalg #3      
 ext_price | 24575.24               
-RECORD 41--------------------------
 brand_id  | 3002001                
 brand     | importoexporti #1      
 ext_price | 24004.65               
-RECORD 42--------------------------
 brand_id  | 3003002                
 brand     | exportiexporti #2      
 ext_price | 23607.27               
-RECORD 43--------------------------
 brand_id  | 10005001               
 brand     | scholarunivamalg #1    
 ext_price | 22468.38               
-RECORD 44--------------------------
 brand_id  | 6014001                
 brand     | edu packbrand #1       
 ext_price | 22383.40               
-RECORD 45--------------------------
 brand_id  | 6006002                
 brand     | corpcorp #2            
 ext_price | 22325.52               
-RECORD 46--------------------------
 brand_id  | 9003003                
 brand     | exportimaxi #3         
 ext_price | 21996.83               
-RECORD 47--------------------------
 brand_id  | 8009003                
 brand     | maxinameless #3        
 ext_price | 21849.29               
-RECORD 48--------------------------
 brand_id  | 8004009                
 brand     | edu packnameless #9    
 ext_price | 21775.18               
-RECORD 49--------------------------
 brand_id  | 8006008                
 brand     | corpnameless #8        
 ext_price | 20393.22               
-RECORD 50--------------------------
 brand_id  | 3002002                
 brand     | importoexporti #2      
 ext_price | 20292.13               
-RECORD 51--------------------------
 brand_id  | 10004001               
 brand     | edu packunivamalg #1   
 ext_price | 20237.13               
-RECORD 52--------------------------
 brand_id  | 8006005                
 brand     | corpnameless #5        
 ext_price | 19946.01               
-RECORD 53--------------------------
 brand_id  | 2003001                
 brand     | exportiimporto #1      
 ext_price | 19467.87               
-RECORD 54--------------------------
 brand_id  | 8010006                
 brand     | univmaxi #6            
 ext_price | 19389.31               
-RECORD 55--------------------------
 brand_id  | 2001002                
 brand     | amalgimporto #2        
 ext_price | 19388.05               
-RECORD 56--------------------------
 brand_id  | 6015001                
 brand     | scholarbrand #1        
 ext_price | 19136.97               
-RECORD 57--------------------------
 brand_id  | 10015001               
 brand     | scholaramalgamalg #1   
 ext_price | 18789.40               
-RECORD 58--------------------------
 brand_id  | 9016009                
 brand     | corpunivamalg #9       
 ext_price | 18671.29               
-RECORD 59--------------------------
 brand_id  | 8009007                
 brand     | maxinameless #7        
 ext_price | 18581.52               
-RECORD 60--------------------------
 brand_id  | 6002001                
 brand     | importocorp #1         
 ext_price | 18495.43               
-RECORD 61--------------------------
 brand_id  | 6013005                
 brand     | exportibrand #5        
 ext_price | 18356.01               
-RECORD 62--------------------------
 brand_id  | 7002004                
 brand     | importobrand #4        
 ext_price | 18040.61               
-RECORD 63--------------------------
 brand_id  | 6008001                
 brand     | namelesscorp #1        
 ext_price | 17727.46               
-RECORD 64--------------------------
 brand_id  | 9008008                
 brand     | namelessmaxi #8        
 ext_price | 17517.04               
-RECORD 65--------------------------
 brand_id  | 8002010                
 brand     | importonameless #10    
 ext_price | 16810.57               
-RECORD 66--------------------------
 brand_id  | 6013007                
 brand     | exportibrand #7        
 ext_price | 16727.14               
-RECORD 67--------------------------
 brand_id  | 7015003                
 brand     | scholarnameless #3     
 ext_price | 16482.66               
-RECORD 68--------------------------
 brand_id  | 4002002                
 brand     | importoedu pack #2     
 ext_price | 16426.77               
-RECORD 69--------------------------
 brand_id  | 10006001               
 brand     | corpunivamalg #1       
 ext_price | 15835.02               
-RECORD 70--------------------------
 brand_id  | 7006010                
 brand     | corpbrand #10          
 ext_price | 15745.12               
-RECORD 71--------------------------
 brand_id  | 8013007                
 brand     | exportimaxi #7         
 ext_price | 15718.95               
-RECORD 72--------------------------
 brand_id  | 9005011                
 brand     | scholarmaxi #11        
 ext_price | 15426.87               
-RECORD 73--------------------------
 brand_id  | 7011009                
 brand     | amalgnameless #9       
 ext_price | 15381.64               
-RECORD 74--------------------------
 brand_id  | 6009008                
 brand     | maxicorp #8            
 ext_price | 15232.66               
-RECORD 75--------------------------
 brand_id  | 10012012               
 brand     | importoamalgamalg #12  
 ext_price | 14995.50               
-RECORD 76--------------------------
 brand_id  | 10006017               
 brand     | corpunivamalg #17      
 ext_price | 14040.95               
-RECORD 77--------------------------
 brand_id  | 9016003                
 brand     | corpunivamalg #3       
 ext_price | 13412.20               
-RECORD 78--------------------------
 brand_id  | 6015005                
 brand     | scholarbrand #5        
 ext_price | 13026.37               
-RECORD 79--------------------------
 brand_id  | 8004003                
 brand     | edu packnameless #3    
 ext_price | 12978.96               
-RECORD 80--------------------------
 brand_id  | 1003002                
 brand     | exportiamalg #2        
 ext_price | 12479.78               
-RECORD 81--------------------------
 brand_id  | 7015007                
 brand     | scholarnameless #7     
 ext_price | 11804.43               
-RECORD 82--------------------------
 brand_id  | 6014008                
 brand     | edu packbrand #8       
 ext_price | 11413.01               
-RECORD 83--------------------------
 brand_id  | 6015003                
 brand     | scholarbrand #3        
 ext_price | 11218.72               
-RECORD 84--------------------------
 brand_id  | 6009003                
 brand     | maxicorp #3            
 ext_price | 11124.10               
-RECORD 85--------------------------
 brand_id  | 2003002                
 brand     | exportiimporto #2      
 ext_price | 10938.52               
-RECORD 86--------------------------
 brand_id  | 6011006                
 brand     | amalgbrand #6          
 ext_price | 10284.31               
-RECORD 87--------------------------
 brand_id  | 6008008                
 brand     | namelesscorp #8        
 ext_price | 10056.32               
-RECORD 88--------------------------
 brand_id  | 6001005                
 brand     | amalgcorp #5           
 ext_price | 9749.25                
-RECORD 89--------------------------
 brand_id  | 9004008                
 brand     | edu packmaxi #8        
 ext_price | 9443.32                
-RECORD 90--------------------------
 brand_id  | 6003006                
 brand     | exporticorp #6         
 ext_price | 9165.48                
-RECORD 91--------------------------
 brand_id  | 10011013               
 brand     | amalgamalgamalg #13    
 ext_price | 8336.80                
-RECORD 92--------------------------
 brand_id  | 10013009               
 brand     | exportiamalgamalg #9   
 ext_price | 8324.62                
-RECORD 93--------------------------
 brand_id  | 6006006                
 brand     | corpcorp #6            
 ext_price | 8284.80                
-RECORD 94--------------------------
 brand_id  | 8013006                
 brand     | exportimaxi #6         
 ext_price | 7794.40                
-RECORD 95--------------------------
 brand_id  | 8012005                
 brand     | importomaxi #5         
 ext_price | 7777.35                
-RECORD 96--------------------------
 brand_id  | 9011003                
 brand     | amalgunivamalg #3      
 ext_price | 7703.20                
-RECORD 97--------------------------
 brand_id  | 6005003                
 brand     | scholarcorp #3         
 ext_price | 6941.66                
-RECORD 98--------------------------
 brand_id  | 9011008                
 brand     | amalgunivamalg #8      
 ext_price | 6554.12                
-RECORD 99--------------------------
 brand_id  | 9005002                
 brand     | scholarmaxi #2         
 ext_price | 5871.46
           