-- Automatically generated by TPCDSQueryValidator$
-RECORD 0--------------------
 prev_year      | 2001       
 year           | 2002       
 i_brand_id     | 9011004    
 i_class_id     | 11         
 i_category_id  | 9          
 i_manufact_id  | 730        
 prev_yr_cnt    | 6136       
 curr_yr_cnt    | 3927       
 sales_cnt_diff | -2209      
 sales_amt_diff | -64592.86  
-RECORD 1--------------------
 prev_year      | 2001       
 year           | 2002       
 i_brand_id     | 9004008    
 i_class_id     | 4          
 i_category_id  | 9          
 i_manufact_id  | 454        
 prev_yr_cnt    | 6130       
 curr_yr_cnt    | 4012       
 sales_cnt_diff | -2118      
 sales_amt_diff | -137401.99 
-RECORD 2--------------------
 prev_year      | 2001       
 year           | 2002       
 i_brand_id     | 9006010    
 i_class_id     | 6          
 i_category_id  | 9          
 i_manufact_id  | 373        
 prev_yr_cnt    | 6584       
 curr_yr_cnt    | 4510       
 sales_cnt_diff | -2074      
 sales_amt_diff | -56824.27  
-RECORD 3--------------------
 prev_year      | 2001       
 year           | 2002       
 i_brand_id     | 9003002    
 i_class_id     | 3          
 i_category_id  | 9          
 i_manufact_id  | 331        
 prev_yr_cnt    | 6314       
 curr_yr_cnt    | 4249       
 sales_cnt_diff | -2065      
 sales_amt_diff | -162310.87 
-RECORD 4--------------------
 prev_year      | 2001       
 year           | 2002       
 i_brand_id     | 9016002    
 i_class_id     | 16         
 i_category_id  | 9          
 i_manufact_id  | 761        
 prev_yr_cnt    | 6098       
 curr_yr_cnt    | 4109       
 sales_cnt_diff | -1989      
 sales_amt_diff | -75674.23  
-RECORD 5--------------------
 prev_year      | 2001       
 year           | 2002       
 i_brand_id     | 2001001    
 i_class_id     | 7          
 i_category_id  | 9          
 i_manufact_id  | 85         
 prev_yr_cnt    | 5689       
 curr_yr_cnt    | 3750       
 sales_cnt_diff | -1939      
 sales_amt_diff | -79485.07  
-RECORD 6--------------------
 prev_year      | 2001       
 year           | 2002       
 i_brand_id     | 9011010    
 i_class_id     | 11         
 i_category_id  | 9          
 i_manufact_id  | 254        
 prev_yr_cnt    | 6635       
 curr_yr_cnt    | 4698       
 sales_cnt_diff | -1937      
 sales_amt_diff | -108841.59 
-RECORD 7--------------------
 prev_year      | 2001       
 year           | 2002       
 i_brand_id     | 9003002    
 i_class_id     | 3          
 i_category_id  | 9          
 i_manufact_id  | 1000       
 prev_yr_cnt    | 6152       
 curr_yr_cnt    | 4220       
 sales_cnt_diff | -1932      
 sales_amt_diff | -51341.52  
-RECORD 8--------------------
 prev_year      | 2001       
 year           | 2002       
 i_brand_id     | 9009010    
 i_class_id     | 1          
 i_category_id  | 9          
 i_manufact_id  | 311        
 prev_yr_cnt    | 6980       
 curr_yr_cnt    | 5065       
 sales_cnt_diff | -1915      
 sales_amt_diff | -166624.10 
-RECORD 9--------------------
 prev_year      | 2001       
 year           | 2002       
 i_brand_id     | 9003004    
 i_class_id     | 3          
 i_category_id  | 9          
 i_manufact_id  | 25         
 prev_yr_cnt    | 6382       
 curr_yr_cnt    | 4612       
 sales_cnt_diff | -1770      
 sales_amt_diff | -109080.80 
-RECORD 10-------------------
 prev_year      | 2001       
 year           | 2002       
 i_brand_id     | 9008008    
 i_class_id     | 8          
 i_category_id  | 9          
 i_manufact_id  | 322        
 prev_yr_cnt    | 5391       
 curr_yr_cnt    | 3664       
 sales_cnt_diff | -1727      
 sales_amt_diff | -58283.91  
-RECORD 11-------------------
 prev_year      | 2001       
 year           | 2002       
 i_brand_id     | 3004001    
 i_class_id     | 1          
 i_category_id  | 9          
 i_manufact_id  | 89         
 prev_yr_cnt    | 6307       
 curr_yr_cnt    | 4616       
 sales_cnt_diff | -1691      
 sales_amt_diff | -105539.10 
-RECORD 12-------------------
 prev_year      | 2001       
 year           | 2002       
 i_brand_id     | 9014004    
 i_class_id     | 12         
 i_category_id  | 9          
 i_manufact_id  | 423        
 prev_yr_cnt    | 6427       
 curr_yr_cnt    | 4742       
 sales_cnt_diff | -1685      
 sales_amt_diff | -66528.45  
-RECORD 13-------------------
 prev_year      | 2001       
 year           | 2002       
 i_brand_id     | 1001001    
 i_class_id     | 5          
 i_category_id  | 9          
 i_manufact_id  | 172        
 prev_yr_cnt    | 5642       
 curr_yr_cnt    | 3998       
 sales_cnt_diff | -1644      
 sales_amt_diff | -65808.52  
-RECORD 14-------------------
 prev_year      | 2001       
 year           | 2002       
 i_brand_id     | 8007009    
 i_class_id     | 9          
 i_category_id  | 9          
 i_manufact_id  | 322        
 prev_yr_cnt    | 5493       
 curr_yr_cnt    | 3906       
 sales_cnt_diff | -1587      
 sales_amt_diff | -31458.78  
-RECORD 15-------------------
 prev_year      | 2001       
 year           | 2002       
 i_brand_id     | 9015002    
 i_class_id     | 15         
 i_category_id  | 9          
 i_manufact_id  | 303        
 prev_yr_cnt    | 5722       
 curr_yr_cnt    | 4211       
 sales_cnt_diff | -1511      
 sales_amt_diff | -81847.95  
-RECORD 16-------------------
 prev_year      | 2001       
 year           | 2002       
 i_brand_id     | 8015003    
 i_class_id     | 4          
 i_category_id  | 9          
 i_manufact_id  | 289        
 prev_yr_cnt    | 6413       
 curr_yr_cnt    | 4905       
 sales_cnt_diff | -1508      
 sales_amt_diff | -140884.23 
-RECORD 17-------------------
 prev_year      | 2001       
 year           | 2002       
 i_brand_id     | 9002008    
 i_class_id     | 2          
 i_category_id  | 9          
 i_manufact_id  | 202        
 prev_yr_cnt    | 5758       
 curr_yr_cnt    | 4287       
 sales_cnt_diff | -1471      
 sales_amt_diff | -27415.18  
-RECORD 18-------------------
 prev_year      | 2001       
 year           | 2002       
 i_brand_id     | 9004002    
 i_class_id     | 4          
 i_category_id  | 9          
 i_manufact_id  | 55         
 prev_yr_cnt    | 5596       
 curr_yr_cnt    | 4196       
 sales_cnt_diff | -1400      
 sales_amt_diff | -277.92    
-RECORD 19-------------------
 prev_year      | 2001       
 year           | 2002       
 i_brand_id     | 9010002    
 i_class_id     | 10         
 i_category_id  | 9          
 i_manufact_id  | 432        
 prev_yr_cnt    | 5153       
 curr_yr_cnt    | 3767       
 sales_cnt_diff | -1386      
 sales_amt_diff | -56643.31  
-RECORD 20-------------------
 prev_year      | 2001       
 year           | 2002       
 i_brand_id     | 9015003    
 i_class_id     | 15         
 i_category_id  | 9          
 i_manufact_id  | 278        
 prev_yr_cnt    | 5120       
 curr_yr_cnt    | 3745       
 sales_cnt_diff | -1375      
 sales_amt_diff | -61503.40  
-RECORD 21-------------------
 prev_year      | 2001       
 year           | 2002       
 i_brand_id     | 5001001    
 i_class_id     | 10         
 i_category_id  | 9          
 i_manufact_id  | 136        
 prev_yr_cnt    | 5271       
 curr_yr_cnt    | 3918       
 sales_cnt_diff | -1353      
 sales_amt_diff | -52691.74  
-RECORD 22-------------------
 prev_year      | 2001       
 year           | 2002       
 i_brand_id     | 9007002    
 i_class_id     | 7          
 i_category_id  | 9          
 i_manufact_id  | 207        
 prev_yr_cnt    | 6416       
 curr_yr_cnt    | 5088       
 sales_cnt_diff | -1328      
 sales_amt_diff | -28312.29  
-RECORD 23-------------------
 prev_year      | 2001       
 year           | 2002       
 i_brand_id     | 9016004    
 i_class_id     | 8          
 i_category_id  | 9          
 i_manufact_id  | 114        
 prev_yr_cnt    | 5560       
 curr_yr_cnt    | 4263       
 sales_cnt_diff | -1297      
 sales_amt_diff | -65169.90  
-RECORD 24-------------------
 prev_year      | 2001       
 year           | 2002       
 i_brand_id     | 9007004    
 i_class_id     | 7          
 i_category_id  | 9          
 i_manufact_id  | 968        
 prev_yr_cnt    | 5625       
 curr_yr_cnt    | 4330       
 sales_cnt_diff | -1295      
 sales_amt_diff | -86120.30  
-RECORD 25-------------------
 prev_year      | 2001       
 year           | 2002       
 i_brand_id     | 9008008    
 i_class_id     | 8          
 i_category_id  | 9          
 i_manufact_id  | 535        
 prev_yr_cnt    | 6155       
 curr_yr_cnt    | 4861       
 sales_cnt_diff | -1294      
 sales_amt_diff | -66647.47  
-RECORD 26-------------------
 prev_year      | 2001       
 year           | 2002       
 i_brand_id     | 3003001    
 i_class_id     | 1          
 i_category_id  | 9          
 i_manufact_id  | 175        
 prev_yr_cnt    | 6170       
 curr_yr_cnt    | 4892       
 sales_cnt_diff | -1278      
 sales_amt_diff | -72260.64  
-RECORD 27-------------------
 prev_year      | 2001       
 year           | 2002       
 i_brand_id     | 9010004    
 i_class_id     | 3          
 i_category_id  | 9          
 i_manufact_id  | 948        
 prev_yr_cnt    | 5640       
 curr_yr_cnt    | 4387       
 sales_cnt_diff | -1253      
 sales_amt_diff | -34985.51  
-RECORD 28-------------------
 prev_year      | 2001       
 year           | 2002       
 i_brand_id     | 9012008    
 i_class_id     | 12         
 i_category_id  | 9          
 i_manufact_id  | 249        
 prev_yr_cnt    | 5254       
 curr_yr_cnt    | 4002       
 sales_cnt_diff | -1252      
 sales_amt_diff | -15484.88  
-RECORD 29-------------------
 prev_year      | 2001       
 year           | 2002       
 i_brand_id     | 9015008    
 i_class_id     | 15         
 i_category_id  | 9          
 i_manufact_id  | 281        
 prev_yr_cnt    | 5558       
 curr_yr_cnt    | 4315       
 sales_cnt_diff | -1243      
 sales_amt_diff | 10022.91   
-RECORD 30-------------------
 prev_year      | 2001       
 year           | 2002       
 i_brand_id     | 9006004    
 i_class_id     | 6          
 i_category_id  | 9          
 i_manufact_id  | 620        
 prev_yr_cnt    | 4822       
 curr_yr_cnt    | 3594       
 sales_cnt_diff | -1228      
 sales_amt_diff | -19309.88  
-RECORD 31-------------------
 prev_year      | 2001       
 year           | 2002       
 i_brand_id     | 9010008    
 i_class_id     | 10         
 i_category_id  | 9          
 i_manufact_id  | 171        
 prev_yr_cnt    | 6500       
 curr_yr_cnt    | 5279       
 sales_cnt_diff | -1221      
 sales_amt_diff | -73654.23  
-RECORD 32-------------------
 prev_year      | 2001       
 year           | 2002       
 i_brand_id     | 9004008    
 i_class_id     | 4          
 i_category_id  | 9          
 i_manufact_id  | 256        
 prev_yr_cnt    | 5366       
 curr_yr_cnt    | 4164       
 sales_cnt_diff | -1202      
 sales_amt_diff | -93628.46  
-RECORD 33-------------------
 prev_year      | 2001       
 year           | 2002       
 i_brand_id     | 9008008    
 i_class_id     | 8          
 i_category_id  | 9          
 i_manufact_id  | 82         
 prev_yr_cnt    | 6042       
 curr_yr_cnt    | 4852       
 sales_cnt_diff | -1190      
 sales_amt_diff | -78558.05  
-RECORD 34-------------------
 prev_year      | 2001       
 year           | 2002       
 i_brand_id     | 9014010    
 i_class_id     | 2          
 i_category_id  | 9          
 i_manufact_id  | 727        
 prev_yr_cnt    | 6579       
 curr_yr_cnt    | 5396       
 sales_cnt_diff | -1183      
 sales_amt_diff | -45368.94  
-RECORD 35-------------------
 prev_year      | 2001       
 year           | 2002       
 i_brand_id     | 10002014   
 i_class_id     | 1          
 i_category_id  | 9          
 i_manufact_id  | 12         
 prev_yr_cnt    | 5662       
 curr_yr_cnt    | 4515       
 sales_cnt_diff | -1147      
 sales_amt_diff | -47170.70  
-RECORD 36-------------------
 prev_year      | 2001       
 year           | 2002       
 i_brand_id     | 9005002    
 i_class_id     | 5          
 i_category_id  | 9          
 i_manufact_id  | 105        
 prev_yr_cnt    | 5650       
 curr_yr_cnt    | 4508       
 sales_cnt_diff | -1142      
 sales_amt_diff | -75927.61  
-RECORD 37-------------------
 prev_year      | 2001       
 year           | 2002       
 i_brand_id     | 1001001    
 i_class_id     | 1          
 i_category_id  | 9          
 i_manufact_id  | 183        
 prev_yr_cnt    | 5538       
 curr_yr_cnt    | 4417       
 sales_cnt_diff | -1121      
 sales_amt_diff | -34086.49  
-RECORD 38-------------------
 prev_year      | 2001       
 year           | 2002       
 i_brand_id     | 8015005    
 i_class_id     | 11         
 i_category_id  | 9          
 i_manufact_id  | 898        
 prev_yr_cnt    | 5677       
 curr_yr_cnt    | 4557       
 sales_cnt_diff | -1120      
 sales_amt_diff | -49916.13  
-RECORD 39-------------------
 prev_year      | 2001       
 year           | 2002       
 i_brand_id     | 2001001    
 i_class_id     | 1          
 i_category_id  | 9          
 i_manufact_id  | 151        
 prev_yr_cnt    | 6309       
 curr_yr_cnt    | 5200       
 sales_cnt_diff | -1109      
 sales_amt_diff | -13881.98  
-RECORD 40-------------------
 prev_year      | 2001       
 year           | 2002       
 i_brand_id     | 9016010    
 i_class_id     | 16         
 i_category_id  | 9          
 i_manufact_id  | 662        
 prev_yr_cnt    | 5306       
 curr_yr_cnt    | 4197       
 sales_cnt_diff | -1109      
 sales_amt_diff | -29664.55  
-RECORD 41-------------------
 prev_year      | 2001       
 year           | 2002       
 i_brand_id     | 7007001    
 i_class_id     | 12         
 i_category_id  | 9          
 i_manufact_id  | 221        
 prev_yr_cnt    | 6250       
 curr_yr_cnt    | 5147       
 sales_cnt_diff | -1103      
 sales_amt_diff | 8445.22    
-RECORD 42-------------------
 prev_year      | 2001       
 year           | 2002       
 i_brand_id     | 9010008    
 i_class_id     | 10         
 i_category_id  | 9          
 i_manufact_id  | 106        
 prev_yr_cnt    | 5739       
 curr_yr_cnt    | 4637       
 sales_cnt_diff | -1102      
 sales_amt_diff | -39967.26  
-RECORD 43-------------------
 prev_year      | 2001       
 year           | 2002       
 i_brand_id     | 5001001    
 i_class_id     | 6          
 i_category_id  | 9          
 i_manufact_id  | 201        
 prev_yr_cnt    | 5714       
 curr_yr_cnt    | 4615       
 sales_cnt_diff | -1099      
 sales_amt_diff | -2073.61   
-RECORD 44-------------------
 prev_year      | 2001       
 year           | 2002       
 i_brand_id     | 9002004    
 i_class_id     | 2          
 i_category_id  | 9          
 i_manufact_id  | 578        
 prev_yr_cnt    | 5976       
 curr_yr_cnt    | 4881       
 sales_cnt_diff | -1095      
 sales_amt_diff | -26222.70  
-RECORD 45-------------------
 prev_year      | 2001       
 year           | 2002       
 i_brand_id     | 9013010    
 i_class_id     | 12         
 i_category_id  | 9          
 i_manufact_id  | 28         
 prev_yr_cnt    | 5672       
 curr_yr_cnt    | 4579       
 sales_cnt_diff | -1093      
 sales_amt_diff | -61365.10  
-RECORD 46-------------------
 prev_year      | 2001       
 year           | 2002       
 i_brand_id     | 9003002    
 i_class_id     | 3          
 i_category_id  | 9          
 i_manufact_id  | 238        
 prev_yr_cnt    | 5784       
 curr_yr_cnt    | 4694       
 sales_cnt_diff | -1090      
 sales_amt_diff | -52094.93  
-RECORD 47-------------------
 prev_year      | 2001       
 year           | 2002       
 i_brand_id     | 9012010    
 i_class_id     | 12         
 i_category_id  | 9          
 i_manufact_id  | 4          
 prev_yr_cnt    | 6214       
 curr_yr_cnt    | 5128       
 sales_cnt_diff | -1086      
 sales_amt_diff | -41244.90  
-RECORD 48-------------------
 prev_year      | 2001       
 year           | 2002       
 i_brand_id     | 4003001    
 i_class_id     | 6          
 i_category_id  | 9          
 i_manufact_id  | 356        
 prev_yr_cnt    | 5890       
 curr_yr_cnt    | 4815       
 sales_cnt_diff | -1075      
 sales_amt_diff | -19594.68  
-RECORD 49-------------------
 prev_year      | 2001       
 year           | 2002       
 i_brand_id     | 9009002    
 i_class_id     | 9          
 i_category_id  | 9          
 i_manufact_id  | 633        
 prev_yr_cnt    | 5839       
 curr_yr_cnt    | 4786       
 sales_cnt_diff | -1053      
 sales_amt_diff | -40163.90  
-RECORD 50-------------------
 prev_year      | 2001       
 year           | 2002       
 i_brand_id     | 9006010    
 i_class_id     | 6          
 i_category_id  | 9          
 i_manufact_id  | 100        
 prev_yr_cnt    | 5322       
 curr_yr_cnt    | 4271       
 sales_cnt_diff | -1051      
 sales_amt_diff | -65656.49  
-RECORD 51-------------------
 prev_year      | 2001       
 year           | 2002       
 i_brand_id     | 9003002    
 i_class_id     | 3          
 i_category_id  | 9          
 i_manufact_id  | 130        
 prev_yr_cnt    | 5708       
 curr_yr_cnt    | 4658       
 sales_cnt_diff | -1050      
 sales_amt_diff | -121435.05 
-RECORD 52-------------------
 prev_year      | 2001       
 year           | 2002       
 i_brand_id     | 9011004    
 i_class_id     | 3          
 i_category_id  | 9          
 i_manufact_id  | 115        
 prev_yr_cnt    | 5101       
 curr_yr_cnt    | 4064       
 sales_cnt_diff | -1037      
 sales_amt_diff | -38404.07  
-RECORD 53-------------------
 prev_year      | 2001       
 year           | 2002       
 i_brand_id     | 9006008    
 i_class_id     | 6          
 i_category_id  | 9          
 i_manufact_id  | 156        
 prev_yr_cnt    | 5824       
 curr_yr_cnt    | 4793       
 sales_cnt_diff | -1031      
 sales_amt_diff | -16295.15  
-RECORD 54-------------------
 prev_year      | 2001       
 year           | 2002       
 i_brand_id     | 4004001    
 i_class_id     | 10         
 i_category_id  | 9          
 i_manufact_id  | 105        
 prev_yr_cnt    | 5560       
 curr_yr_cnt    | 4533       
 sales_cnt_diff | -1027      
 sales_amt_diff | -29705.36  
-RECORD 55-------------------
 prev_year      | 2001       
 year           | 2002       
 i_brand_id     | 9009008    
 i_class_id     | 9          
 i_category_id  | 9          
 i_manufact_id  | 3          
 prev_yr_cnt    | 5731       
 curr_yr_cnt    | 4718       
 sales_cnt_diff | -1013      
 sales_amt_diff | -62660.48  
-RECORD 56-------------------
 prev_year      | 2001       
 year           | 2002       
 i_brand_id     | 10005001   
 i_class_id     | 5          
 i_category_id  | 9          
 i_manufact_id  | 65         
 prev_yr_cnt    | 5890       
 curr_yr_cnt    | 4879       
 sales_cnt_diff | -1011      
 sales_amt_diff | -57577.01  
-RECORD 57-------------------
 prev_year      | 2001       
 year           | 2002       
 i_brand_id     | 9001008    
 i_class_id     | 1          
 i_category_id  | 9          
 i_manufact_id  | 258        
 prev_yr_cnt    | 5714       
 curr_yr_cnt    | 4706       
 sales_cnt_diff | -1008      
 sales_amt_diff | -73311.07  
-RECORD 58-------------------
 prev_year      | 2001       
 year           | 2002       
 i_brand_id     | 9007008    
 i_class_id     | 7          
 i_category_id  | 9          
 i_manufact_id  | 122        
 prev_yr_cnt    | 6085       
 curr_yr_cnt    | 5077       
 sales_cnt_diff | -1008      
 sales_amt_diff | -108804.86 
-RECORD 59-------------------
 prev_year      | 2001       
 year           | 2002       
 i_brand_id     | 9003008    
 i_class_id     | 3          
 i_category_id  | 9          
 i_manufact_id  | 382        
 prev_yr_cnt    | 5145       
 curr_yr_cnt    | 4143       
 sales_cnt_diff | -1002      
 sales_amt_diff | -23005.48  
-RECORD 60-------------------
 prev_year      | 2001       
 year           | 2002       
 i_brand_id     | 2001001    
 i_class_id     | 1          
 i_category_id  | 9          
 i_manufact_id  | 177        
 prev_yr_cnt    | 5711       
 curr_yr_cnt    | 4718       
 sales_cnt_diff | -993       
 sales_amt_diff | -45422.40  
-RECORD 61-------------------
 prev_year      | 2001       
 year           | 2002       
 i_brand_id     | 8002001    
 i_class_id     | 13         
 i_category_id  | 9          
 i_manufact_id  | 268        
 prev_yr_cnt    | 5521       
 curr_yr_cnt    | 4545       
 sales_cnt_diff | -976       
 sales_amt_diff | -50681.49  
-RECORD 62-------------------
 prev_year      | 2001       
 year           | 2002       
 i_brand_id     | 9010008    
 i_class_id     | 10         
 i_category_id  | 9          
 i_manufact_id  | 9          
 prev_yr_cnt    | 5549       
 curr_yr_cnt    | 4578       
 sales_cnt_diff | -971       
 sales_amt_diff | 45104.79   
-RECORD 63-------------------
 prev_year      | 2001       
 year           | 2002       
 i_brand_id     | 5002001    
 i_class_id     | 2          
 i_category_id  | 9          
 i_manufact_id  | 230        
 prev_yr_cnt    | 5856       
 curr_yr_cnt    | 4887       
 sales_cnt_diff | -969       
 sales_amt_diff | -25537.87  
-RECORD 64-------------------
 prev_year      | 2001       
 year           | 2002       
 i_brand_id     | 10015001   
 i_class_id     | 1          
 i_category_id  | 9          
 i_manufact_id  | 399        
 prev_yr_cnt    | 6188       
 curr_yr_cnt    | 5225       
 sales_cnt_diff | -963       
 sales_amt_diff | -76365.39  
-RECORD 65-------------------
 prev_year      | 2001       
 year           | 2002       
 i_brand_id     | 9010004    
 i_class_id     | 10         
 i_category_id  | 9          
 i_manufact_id  | 110        
 prev_yr_cnt    | 5035       
 curr_yr_cnt    | 4082       
 sales_cnt_diff | -953       
 sales_amt_diff | -81282.12  
-RECORD 66-------------------
 prev_year      | 2001       
 year           | 2002       
 i_brand_id     | 9013010    
 i_class_id     | 3          
 i_category_id  | 9          
 i_manufact_id  | 235        
 prev_yr_cnt    | 5771       
 curr_yr_cnt    | 4821       
 sales_cnt_diff | -950       
 sales_amt_diff | -81516.67  
-RECORD 67-------------------
 prev_year      | 2001       
 year           | 2002       
 i_brand_id     | 9003004    
 i_class_id     | 3          
 i_category_id  | 9          
 i_manufact_id  | 311        
 prev_yr_cnt    | 5414       
 curr_yr_cnt    | 4467       
 sales_cnt_diff | -947       
 sales_amt_diff | -19498.98  
-RECORD 68-------------------
 prev_year      | 2001       
 year           | 2002       
 i_brand_id     | 3003001    
 i_class_id     | 9          
 i_category_id  | 9          
 i_manufact_id  | 210        
 prev_yr_cnt    | 5703       
 curr_yr_cnt    | 4761       
 sales_cnt_diff | -942       
 sales_amt_diff | -22794.72  
-RECORD 69-------------------
 prev_year      | 2001       
 year           | 2002       
 i_brand_id     | 9010008    
 i_class_id     | 10         
 i_category_id  | 9          
 i_manufact_id  | 621        
 prev_yr_cnt    | 5897       
 curr_yr_cnt    | 4955       
 sales_cnt_diff | -942       
 sales_amt_diff | -1466.75   
-RECORD 70-------------------
 prev_year      | 2001       
 year           | 2002       
 i_brand_id     | 9007008    
 i_class_id     | 7          
 i_category_id  | 9          
 i_manufact_id  | 766        
 prev_yr_cnt    | 5412       
 curr_yr_cnt    | 4470       
 sales_cnt_diff | -942       
 sales_amt_diff | -43150.76  
-RECORD 71-------------------
 prev_year      | 2001       
 year           | 2002       
 i_brand_id     | 4001001    
 i_class_id     | 15         
 i_category_id  | 9          
 i_manufact_id  | 42         
 prev_yr_cnt    | 5385       
 curr_yr_cnt    | 4444       
 sales_cnt_diff | -941       
 sales_amt_diff | -77081.27  
-RECORD 72-------------------
 prev_year      | 2001       
 year           | 2002       
 i_brand_id     | 9012010    
 i_class_id     | 12         
 i_category_id  | 9          
 i_manufact_id  | 268        
 prev_yr_cnt    | 5363       
 curr_yr_cnt    | 4425       
 sales_cnt_diff | -938       
 sales_amt_diff | -13775.61  
-RECORD 73-------------------
 prev_year      | 2001       
 year           | 2002       
 i_brand_id     | 4002001    
 i_class_id     | 2          
 i_category_id  | 9          
 i_manufact_id  | 891        
 prev_yr_cnt    | 6168       
 curr_yr_cnt    | 5233       
 sales_cnt_diff | -935       
 sales_amt_diff | -54473.40  
-RECORD 74-------------------
 prev_year      | 2001       
 year           | 2002       
 i_brand_id     | 10011013   
 i_class_id     | 11         
 i_category_id  | 9          
 i_manufact_id  | 123        
 prev_yr_cnt    | 6141       
 curr_yr_cnt    | 5207       
 sales_cnt_diff | -934       
 sales_amt_diff | -77290.63  
-RECORD 75-------------------
 prev_year      | 2001       
 year           | 2002       
 i_brand_id     | 9005002    
 i_class_id     | 5          
 i_category_id  | 9          
 i_manufact_id  | 379        
 prev_yr_cnt    | 5673       
 curr_yr_cnt    | 4742       
 sales_cnt_diff | -931       
 sales_amt_diff | -66550.24  
-RECORD 76-------------------
 prev_year      | 2001       
 year           | 2002       
 i_brand_id     | 9005002    
 i_class_id     | 5          
 i_category_id  | 9          
 i_manufact_id  | 35         
 prev_yr_cnt    | 6085       
 curr_yr_cnt    | 5166       
 sales_cnt_diff | -919       
 sales_amt_diff | -23898.75  
-RECORD 77-------------------
 prev_year      | 2001       
 year           | 2002       
 i_brand_id     | 9014008    
 i_class_id     | 14         
 i_category_id  | 9          
 i_manufact_id  | 904        
 prev_yr_cnt    | 5637       
 curr_yr_cnt    | 4725       
 sales_cnt_diff | -912       
 sales_amt_diff | -54696.64  
-RECORD 78-------------------
 prev_year      | 2001       
 year           | 2002       
 i_brand_id     | 9010002    
 i_class_id     | 10         
 i_category_id  | 9          
 i_manufact_id  | 351        
 prev_yr_cnt    | 5553       
 curr_yr_cnt    | 4668       
 sales_cnt_diff | -885       
 sales_amt_diff | -58399.99  
-RECORD 79-------------------
 prev_year      | 2001       
 year           | 2002       
 i_brand_id     | 9002008    
 i_class_id     | 2          
 i_category_id  | 9          
 i_manufact_id  | 603        
 prev_yr_cnt    | 5399       
 curr_yr_cnt    | 4518       
 sales_cnt_diff | -881       
 sales_amt_diff | -8944.74   
-RECORD 80-------------------
 prev_year      | 2001       
 year           | 2002       
 i_brand_id     | 9005002    
 i_class_id     | 5          
 i_category_id  | 9          
 i_manufact_id  | 226        
 prev_yr_cnt    | 6438       
 curr_yr_cnt    | 5559       
 sales_cnt_diff | -879       
 sales_amt_diff | -78309.56  
-RECORD 81-------------------
 prev_year      | 2001       
 year           | 2002       
 i_brand_id     | 9016008    
 i_class_id     | 16         
 i_category_id  | 9          
 i_manufact_id  | 134        
 prev_yr_cnt    | 5482       
 curr_yr_cnt    | 4617       
 sales_cnt_diff | -865       
 sales_amt_diff | -93343.25  
-RECORD 82-------------------
 prev_year      | 2001       
 year           | 2002       
 i_brand_id     | 9002002    
 i_class_id     | 2          
 i_category_id  | 9          
 i_manufact_id  | 556        
 prev_yr_cnt    | 5690       
 curr_yr_cnt    | 4832       
 sales_cnt_diff | -858       
 sales_amt_diff | 2965.47    
-RECORD 83-------------------
 prev_year      | 2001       
 year           | 2002       
 i_brand_id     | 7004007    
 i_class_id     | 2          
 i_category_id  | 9          
 i_manufact_id  | 248        
 prev_yr_cnt    | 5385       
 curr_yr_cnt    | 4527       
 sales_cnt_diff | -858       
 sales_amt_diff | -59997.87  
-RECORD 84-------------------
 prev_year      | 2001       
 year           | 2002       
 i_brand_id     | 6012003    
 i_class_id     | 9          
 i_category_id  | 9          
 i_manufact_id  | 48         
 prev_yr_cnt    | 5468       
 curr_yr_cnt    | 4620       
 sales_cnt_diff | -848       
 sales_amt_diff | 17912.88   
-RECORD 85-------------------
 prev_year      | 2001       
 year           | 2002       
 i_brand_id     | 9013010    
 i_class_id     | 13         
 i_category_id  | 9          
 i_manufact_id  | 288        
 prev_yr_cnt    | 5473       
 curr_yr_cnt    | 4631       
 sales_cnt_diff | -842       
 sales_amt_diff | 22917.88   
-RECORD 86-------------------
 prev_year      | 2001       
 year           | 2002       
 i_brand_id     | 9009008    
 i_class_id     | 9          
 i_category_id  | 9          
 i_manufact_id  | 958        
 prev_yr_cnt    | 5837       
 curr_yr_cnt    | 5002       
 sales_cnt_diff | -835       
 sales_amt_diff | -63092.62  
-RECORD 87-------------------
 prev_year      | 2001       
 year           | 2002       
 i_brand_id     | 9015008    
 i_class_id     | 15         
 i_category_id  | 9          
 i_manufact_id  | 384        
 prev_yr_cnt    | 5348       
 curr_yr_cnt    | 4519       
 sales_cnt_diff | -829       
 sales_amt_diff | -29937.40  
-RECORD 88-------------------
 prev_year      | 2001       
 year           | 2002       
 i_brand_id     | 1003001    
 i_class_id     | 3          
 i_category_id  | 9          
 i_manufact_id  | 242        
 prev_yr_cnt    | 5504       
 curr_yr_cnt    | 4697       
 sales_cnt_diff | -807       
 sales_amt_diff | -10853.56  
-RECORD 89-------------------
 prev_year      | 2001       
 year           | 2002       
 i_brand_id     | 9011002    
 i_class_id     | 11         
 i_category_id  | 9          
 i_manufact_id  | 372        
 prev_yr_cnt    | 5085       
 curr_yr_cnt    | 4279       
 sales_cnt_diff | -806       
 sales_amt_diff | -78551.75  
-RECORD 90-------------------
 prev_year      | 2001       
 year           | 2002       
 i_brand_id     | 9015002    
 i_class_id     | 15         
 i_category_id  | 9          
 i_manufact_id  | 224        
 prev_yr_cnt    | 5915       
 curr_yr_cnt    | 5112       
 sales_cnt_diff | -803       
 sales_amt_diff | -46136.85  
-RECORD 91-------------------
 prev_year      | 2001       
 year           | 2002       
 i_brand_id     | 9015002    
 i_class_id     | 15         
 i_category_id  | 9          
 i_manufact_id  | 531        
 prev_yr_cnt    | 5831       
 curr_yr_cnt    | 5029       
 sales_cnt_diff | -802       
 sales_amt_diff | -10846.84  
-RECORD 92-------------------
 prev_year      | 2001       
 year           | 2002       
 i_brand_id     | 2004001    
 i_class_id     | 16         
 i_category_id  | 9          
 i_manufact_id  | 443        
 prev_yr_cnt    | 5269       
 curr_yr_cnt    | 4475       
 sales_cnt_diff | -794       
 sales_amt_diff | -28869.68  
-RECORD 93-------------------
 prev_year      | 2001       
 year           | 2002       
 i_brand_id     | 9003010    
 i_class_id     | 3          
 i_category_id  | 9          
 i_manufact_id  | 269        
 prev_yr_cnt    | 6297       
 curr_yr_cnt    | 5505       
 sales_cnt_diff | -792       
 sales_amt_diff | -53827.19  
-RECORD 94-------------------
 prev_year      | 2001       
 year           | 2002       
 i_brand_id     | 9012004    
 i_class_id     | 12         
 i_category_id  | 9          
 i_manufact_id  | 808        
 prev_yr_cnt    | 5796       
 curr_yr_cnt    | 5006       
 sales_cnt_diff | -790       
 sales_amt_diff | -43025.36  
-RECORD 95-------------------
 prev_year      | 2001       
 year           | 2002       
 i_brand_id     | 9007002    
 i_class_id     | 7          
 i_category_id  | 9          
 i_manufact_id  | 306        
 prev_yr_cnt    | 5398       
 curr_yr_cnt    | 4608       
 sales_cnt_diff | -790       
 sales_amt_diff | -67953.64  
-RECORD 96-------------------
 prev_year      | 2001       
 year           | 2002       
 i_brand_id     | 6015001    
 i_class_id     | 15         
 i_category_id  | 9          
 i_manufact_id  | 543        
 prev_yr_cnt    | 5041       
 curr_yr_cnt    | 4252       
 sales_cnt_diff | -789       
 sales_amt_diff | 3631.40    
-RECORD 97-------------------
 prev_year      | 2001       
 year           | 2002       
 i_brand_id     | 9004012    
 i_class_id     | 4          
 i_category_id  | 9          
 i_manufact_id  | 621        
 prev_yr_cnt    | 5974       
 curr_yr_cnt    | 5186       
 sales_cnt_diff | -788       
 sales_amt_diff | 52156.56   
-RECORD 98-------------------
 prev_year      | 2001       
 year           | 2002       
 i_brand_id     | 9010008    
 i_class_id     | 10         
 i_category_id  | 9          
 i_manufact_id  | 284        
 prev_yr_cnt    | 5382       
 curr_yr_cnt    | 4597       
 sales_cnt_diff | -785       
 sales_amt_diff | 22162.92   
-RECORD 99-------------------
 prev_year      | 2001       
 year           | 2002       
 i_brand_id     | 9011002    
 i_class_id     | 11         
 i_category_id  | 9          
 i_manufact_id  | 42         
 prev_yr_cnt    | 5750       
 curr_yr_cnt    | 4968       
 sales_cnt_diff | -782       
 sales_amt_diff | -87125.33
           