-- Automatically generated by TPCDSQueryValidator$
-RECORD 0------------------
 channel | null            
 id      | null            
 sales   | 232221465.82    
 returns | 11982952.24     
 profit  | -68693883.13    
-RECORD 1------------------
 channel | catalog channel 
 id      | null            
 sales   | 137152.08       
 returns | 2023352.51      
 profit  | -1206689.53     
-RECORD 2------------------
 channel | catalog channel 
 id      | null            
 sales   | 79974356.51     
 returns | 8093410.04      
 profit  | -13248029.45    
-RECORD 3------------------
 channel | catalog channel 
 id      | 1               
 sales   | 25711965.54     
 returns | 2023352.51      
 profit  | -3771095.61     
-RECORD 4------------------
 channel | catalog channel 
 id      | 2               
 sales   | 28086925.07     
 returns | 2023352.51      
 profit  | -4541761.49     
-RECORD 5------------------
 channel | catalog channel 
 id      | 5               
 sales   | 26038313.82     
 returns | 2023352.51      
 profit  | -3728482.82     
-RECORD 6------------------
 channel | store channel   
 id      | null            
 sales   | 113097843.62    
 returns | 2712673.55      
 profit  | -50072856.52    
-RECORD 7------------------
 channel | store channel   
 id      | 1               
 sales   | 20239898.89     
 returns | 466074.41       
 profit  | -8960721.41     
-RECORD 8------------------
 channel | store channel   
 id      | 2               
 sales   | 18685269.96     
 returns | 499636.85       
 profit  | -8303557.71     
-RECORD 9------------------
 channel | store channel   
 id      | 4               
 sales   | 18220984.73     
 returns | 476189.91       
 profit  | -8081714.38     
-RECORD 10-----------------
 channel | store channel   
 id      | 7               
 sales   | 18479892.97     
 returns | 441765.11       
 profit  | -8293817.25     
-RECORD 11-----------------
 channel | store channel   
 id      | 8               
 sales   | 19133082.76     
 returns | 421870.78       
 profit  | -8229334.94     
-RECORD 12-----------------
 channel | store channel   
 id      | 10              
 sales   | 18338714.31     
 returns | 407136.49       
 profit  | -8203710.83     
-RECORD 13-----------------
 channel | web channel     
 id      | null            
 sales   | 39149265.69     
 returns | 1176868.65      
 profit  | -5372997.16     
-RECORD 14-----------------
 channel | web channel     
 id      | 1               
 sales   | 1134370.18      
 returns | 33708.02        
 profit  | -204736.67      
-RECORD 15-----------------
 channel | web channel     
 id      | 2               
 sales   | 1278850.93      
 returns | 78555.79        
 profit  | -170621.58      
-RECORD 16-----------------
 channel | web channel     
 id      | 5               
 sales   | 1319939.65      
 returns | 26784.53        
 profit  | -149622.50      
-RECORD 17-----------------
 channel | web channel     
 id      | 7               
 sales   | 1389519.73      
 returns | 62874.96        
 profit  | -216688.03      
-RECORD 18-----------------
 channel | web channel     
 id      | 8               
 sales   | 1264690.99      
 returns | 32666.25        
 profit  | -275609.99      
-RECORD 19-----------------
 channel | web channel     
 id      | 11              
 sales   | 1393565.07      
 returns | 3725.57         
 profit  | -128622.50      
-RECORD 20-----------------
 channel | web channel     
 id      | 13              
 sales   | 1305407.77      
 returns | 49095.15        
 profit  | -179156.86      
-RECORD 21-----------------
 channel | web channel     
 id      | 14              
 sales   | 1256685.71      
 returns | 56136.21        
 profit  | -102910.91      
-RECORD 22-----------------
 channel | web channel     
 id      | 17              
 sales   | 1160559.59      
 returns | 23583.28        
 profit  | -239765.01      
-RECORD 23-----------------
 channel | web channel     
 id      | 19              
 sales   | 1268894.72      
 returns | 53596.49        
 profit  | -143153.80      
-RECORD 24-----------------
 channel | web channel     
 id      | 20              
 sales   | 1491727.00      
 returns | 40836.74        
 profit  | -77425.04       
-RECORD 25-----------------
 channel | web channel     
 id      | 23              
 sales   | 1271377.03      
 returns | 20426.59        
 profit  | -155810.24      
-RECORD 26-----------------
 channel | web channel     
 id      | 25              
 sales   | 1403075.58      
 returns | 59322.26        
 profit  | -128863.54      
-RECORD 27-----------------
 channel | web channel     
 id      | 26              
 sales   | 1378469.43      
 returns | 50643.40        
 profit  | -209820.30      
-RECORD 28-----------------
 channel | web channel     
 id      | 29              
 sales   | 1306617.24      
 returns | 11620.07        
 profit  | -106460.84      
-RECORD 29-----------------
 channel | web channel     
 id      | 31              
 sales   | 1259052.95      
 returns | 30070.06        
 profit  | -204204.53      
-RECORD 30-----------------
 channel | web channel     
 id      | 32              
 sales   | 1267535.92      
 returns | 40912.79        
 profit  | -241149.98      
-RECORD 31-----------------
 channel | web channel     
 id      | 35              
 sales   | 1444107.04      
 returns | 18453.02        
 profit  | -168768.73      
-RECORD 32-----------------
 channel | web channel     
 id      | 37              
 sales   | 1213368.27      
 returns | 35306.36        
 profit  | -105838.64      
-RECORD 33-----------------
 channel | web channel     
 id      | 38              
 sales   | 1181028.89      
 returns | 47051.91        
 profit  | -237237.65      
-RECORD 34-----------------
 channel | web channel     
 id      | 41              
 sales   | 1433769.99      
 returns | 21767.83        
 profit  | -171330.18      
-RECORD 35-----------------
 channel | web channel     
 id      | 43              
 sales   | 1204792.54      
 returns | 61542.23        
 profit  | -194684.36      
-RECORD 36-----------------
 channel | web channel     
 id      | 44              
 sales   | 1256347.03      
 returns | 39623.33        
 profit  | -217245.00      
-RECORD 37-----------------
 channel | web channel     
 id      | 47              
 sales   | 1224412.02      
 returns | 24343.16        
 profit  | -204725.18      
-RECORD 38-----------------
 channel | web channel     
 id      | 49              
 sales   | 1328985.68      
 returns | 40280.86        
 profit  | -203198.42      
-RECORD 39-----------------
 channel | web channel     
 id      | 50              
 sales   | 1292794.11      
 returns | 77184.10        
 profit  | -222419.55      
-RECORD 40-----------------
 channel | web channel     
 id      | 53              
 sales   | 1324237.98      
 returns | 3313.53         
 profit  | -176658.22      
-RECORD 41-----------------
 channel | web channel     
 id      | 55              
 sales   | 1361712.89      
 returns | 42507.36        
 profit  | -177506.52      
-RECORD 42-----------------
 channel | web channel     
 id      | 56              
 sales   | 1343468.89      
 returns | 79233.52        
 profit  | -215418.50      
-RECORD 43-----------------
 channel | web channel     
 id      | 59              
 sales   | 1389900.87      
 returns | 11703.28        
 profit  | -143343.89
           