-- Automatically generated by TPCDSQueryValidator$
-RECORD 0-------------------------------
 c_customer_id    | AAAAAAAAABBEAAAA    
 c_salutation     | Dr.                 
 c_first_name     | Oscar               
 c_last_name      | Fox                 
 ca_street_number | 183                 
 ca_street_name   | 15th                
 ca_street_type   | Ln                  
 ca_suite_number  | Suite P             
 ca_city          | Greenwood           
 ca_county        | Clay County         
 ca_state         | GA                  
 ca_zip           | 38828               
 ca_country       | United States       
 ca_gmt_offset    | -5.00               
 ca_location_type | condo               
 ctr_total_return | 4607.92             
-RECORD 1-------------------------------
 c_customer_id    | AAAAAAAAADCEBAAA    
 c_salutation     | Sir                 
 c_first_name     | Billy               
 c_last_name      | Bell                
 ca_street_number | 690                 
 ca_street_name   | 4th Fifth           
 ca_street_type   | Ct.                 
 ca_suite_number  | Suite 390           
 ca_city          | Hillcrest           
 ca_county        | Spalding County     
 ca_state         | GA                  
 ca_zip           | 33003               
 ca_country       | United States       
 ca_gmt_offset    | -5.00               
 ca_location_type | condo               
 ctr_total_return | 5567.44             
-RECORD 2-------------------------------
 c_customer_id    | AAAAAAAAAFBGAAAA    
 c_salutation     | Mrs.                
 c_first_name     | Erika               
 c_last_name      | Buford              
 ca_street_number | 527                 
 ca_street_name   | 1st                 
 ca_street_type   | Ln                  
 ca_suite_number  | Suite 380           
 ca_city          | Lakewood            
 ca_county        | Jasper County       
 ca_state         | GA                  
 ca_zip           | 38877               
 ca_country       | United States       
 ca_gmt_offset    | -5.00               
 ca_location_type | single family       
 ctr_total_return | 5412.16             
-RECORD 3-------------------------------
 c_customer_id    | AAAAAAAAAFLABAAA    
 c_salutation     | Mr.                 
 c_first_name     | Richard             
 c_last_name      | James               
 ca_street_number | 40                  
 ca_street_name   | 2nd Miller          
 ca_street_type   | Road                
 ca_suite_number  | Suite 190           
 ca_city          | Arlington           
 ca_county        | Morgan County       
 ca_state         | GA                  
 ca_zip           | 36557               
 ca_country       | United States       
 ca_gmt_offset    | -5.00               
 ca_location_type | apartment           
 ctr_total_return | 2249.10             
-RECORD 4-------------------------------
 c_customer_id    | AAAAAAAAAHOEAAAA    
 c_salutation     | Mr.                 
 c_first_name     | Michael             
 c_last_name      | Yates               
 ca_street_number | 349                 
 ca_street_name   | Elm South           
 ca_street_type   | ST                  
 ca_suite_number  | Suite 30            
 ca_city          | Blanchard           
 ca_county        | Talbot County       
 ca_state         | GA                  
 ca_zip           | 35985               
 ca_country       | United States       
 ca_gmt_offset    | -5.00               
 ca_location_type | single family       
 ctr_total_return | 1810.13             
-RECORD 5-------------------------------
 c_customer_id    | AAAAAAAAAIEHBAAA    
 c_salutation     | Miss                
 c_first_name     | Tamara              
 c_last_name      | Chestnut            
 ca_street_number | 934                 
 ca_street_name   | 13th Cherry         
 ca_street_type   | Blvd                
 ca_suite_number  | Suite O             
 ca_city          | Antioch             
 ca_county        | Haralson County     
 ca_state         | GA                  
 ca_zip           | 38605               
 ca_country       | United States       
 ca_gmt_offset    | -5.00               
 ca_location_type | condo               
 ctr_total_return | 1639.26             
-RECORD 6-------------------------------
 c_customer_id    | AAAAAAAAAJLNAAAA    
 c_salutation     | Dr.                 
 c_first_name     | Sheree              
 c_last_name      | Bragg               
 ca_street_number | 664                 
 ca_street_name   | Elm 4th             
 ca_street_type   | Ave                 
 ca_suite_number  | Suite 320           
 ca_city          | Glenwood            
 ca_county        | McDuffie County     
 ca_state         | GA                  
 ca_zip           | 33511               
 ca_country       | United States       
 ca_gmt_offset    | -5.00               
 ca_location_type | condo               
 ctr_total_return | 3012.45             
-RECORD 7-------------------------------
 c_customer_id    | AAAAAAAAAJNEBAAA    
 c_salutation     | Dr.                 
 c_first_name     | David               
 c_last_name      | Hamilton            
 ca_street_number | 108                 
 ca_street_name   | Spring Wilson       
 ca_street_type   | Ct.                 
 ca_suite_number  | Suite F             
 ca_city          | Glenwood            
 ca_county        | Macon County        
 ca_state         | GA                  
 ca_zip           | 33511               
 ca_country       | United States       
 ca_gmt_offset    | -5.00               
 ca_location_type | apartment           
 ctr_total_return | 2567.79             
-RECORD 8-------------------------------
 c_customer_id    | AAAAAAAAAKJOAAAA    
 c_salutation     | Dr.                 
 c_first_name     | Gus                 
 c_last_name      | Stewart             
 ca_street_number | 883                 
 ca_street_name   | Valley              
 ca_street_type   | Drive               
 ca_suite_number  | Suite J             
 ca_city          | Macedonia           
 ca_county        | Lanier County       
 ca_state         | GA                  
 ca_zip           | 31087               
 ca_country       | United States       
 ca_gmt_offset    | -5.00               
 ca_location_type | single family       
 ctr_total_return | 3530.28             
-RECORD 9-------------------------------
 c_customer_id    | AAAAAAAAAMFBBAAA    
 c_salutation     | Mr.                 
 c_first_name     | Jackson             
 c_last_name      | null                
 ca_street_number | 177                 
 ca_street_name   | 8th Walnut          
 ca_street_type   | Ct.                 
 ca_suite_number  | Suite 300           
 ca_city          | Riverview           
 ca_county        | Jenkins County      
 ca_state         | GA                  
 ca_zip           | 39003               
 ca_country       | United States       
 ca_gmt_offset    | -5.00               
 ca_location_type | single family       
 ctr_total_return | 4875.86             
-RECORD 10------------------------------
 c_customer_id    | AAAAAAAAAMPKAAAA    
 c_salutation     | Ms.                 
 c_first_name     | Elizabeth           
 c_last_name      | Booth               
 ca_street_number | 344                 
 ca_street_name   | Jackson North       
 ca_street_type   | Drive               
 ca_suite_number  | Suite 100           
 ca_city          | Woodville           
 ca_county        | Fayette County      
 ca_state         | GA                  
 ca_zip           | 34289               
 ca_country       | United States       
 ca_gmt_offset    | -5.00               
 ca_location_type | single family       
 ctr_total_return | 2372.60             
-RECORD 11------------------------------
 c_customer_id    | AAAAAAAAANCLAAAA    
 c_salutation     | Mr.                 
 c_first_name     | Raymond             
 c_last_name      | Dixon               
 ca_street_number | 189                 
 ca_street_name   | Jackson 7th         
 ca_street_type   | Parkway             
 ca_suite_number  | Suite 360           
 ca_city          | Lakewood            
 ca_county        | Dade County         
 ca_state         | GA                  
 ca_zip           | 38877               
 ca_country       | United States       
 ca_gmt_offset    | -5.00               
 ca_location_type | single family       
 ctr_total_return | 4655.74             
-RECORD 12------------------------------
 c_customer_id    | AAAAAAAAANJIAAAA    
 c_salutation     | Dr.                 
 c_first_name     | Dennis              
 c_last_name      | Roper               
 ca_street_number | 600                 
 ca_street_name   | Walnut              
 ca_street_type   | Pkwy                
 ca_suite_number  | Suite 140           
 ca_city          | Plainview           
 ca_county        | Barrow County       
 ca_state         | GA                  
 ca_zip           | 33683               
 ca_country       | United States       
 ca_gmt_offset    | -5.00               
 ca_location_type | apartment           
 ctr_total_return | 3500.40             
-RECORD 13------------------------------
 c_customer_id    | AAAAAAAAANLABAAA    
 c_salutation     | Sir                 
 c_first_name     | Thomas              
 c_last_name      | Zimmerman           
 ca_street_number | 496                 
 ca_street_name   | Forest              
 ca_street_type   | ST                  
 ca_suite_number  | Suite L             
 ca_city          | Saratoga            
 ca_county        | Lumpkin County      
 ca_state         | GA                  
 ca_zip           | 32123               
 ca_country       | United States       
 ca_gmt_offset    | -5.00               
 ca_location_type | apartment           
 ctr_total_return | 9193.95             
-RECORD 14------------------------------
 c_customer_id    | AAAAAAAAAODFAAAA    
 c_salutation     | Mrs.                
 c_first_name     | Kathy               
 c_last_name      | Villegas            
 ca_street_number | 156                 
 ca_street_name   | 4th Sunset          
 ca_street_type   | Cir.                
 ca_suite_number  | Suite I             
 ca_city          | Red Hill            
 ca_county        | Appling County      
 ca_state         | GA                  
 ca_zip           | 34338               
 ca_country       | United States       
 ca_gmt_offset    | -5.00               
 ca_location_type | single family       
 ctr_total_return | 2106.00             
-RECORD 15------------------------------
 c_customer_id    | AAAAAAAAAOEBBAAA    
 c_salutation     | Sir                 
 c_first_name     | Benjamin            
 c_last_name      | Parker              
 ca_street_number | 698                 
 ca_street_name   | 6th                 
 ca_street_type   | Drive               
 ca_suite_number  | Suite O             
 ca_city          | Plainview           
 ca_county        | Screven County      
 ca_state         | GA                  
 ca_zip           | 33683               
 ca_country       | United States       
 ca_gmt_offset    | -5.00               
 ca_location_type | apartment           
 ctr_total_return | 3891.38             
-RECORD 16------------------------------
 c_customer_id    | AAAAAAAAAOEBBAAA    
 c_salutation     | Sir                 
 c_first_name     | Benjamin            
 c_last_name      | Parker              
 ca_street_number | 698                 
 ca_street_name   | 6th                 
 ca_street_type   | Drive               
 ca_suite_number  | Suite O             
 ca_city          | Plainview           
 ca_county        | Screven County      
 ca_state         | GA                  
 ca_zip           | 33683               
 ca_country       | United States       
 ca_gmt_offset    | -5.00               
 ca_location_type | apartment           
 ctr_total_return | 9787.55             
-RECORD 17------------------------------
 c_customer_id    | AAAAAAAAAPBBBAAA    
 c_salutation     | Sir                 
 c_first_name     | Donald              
 c_last_name      | Littlejohn          
 ca_street_number | 467                 
 ca_street_name   | Lake                
 ca_street_type   | Ln                  
 ca_suite_number  | Suite 20            
 ca_city          | Riverside           
 ca_county        | Turner County       
 ca_state         | GA                  
 ca_zip           | 39231               
 ca_country       | United States       
 ca_gmt_offset    | -5.00               
 ca_location_type | single family       
 ctr_total_return | 4831.52             
-RECORD 18------------------------------
 c_customer_id    | AAAAAAAABABBBAAA    
 c_salutation     | Mr.                 
 c_first_name     | David               
 c_last_name      | Roe                 
 ca_street_number | 521                 
 ca_street_name   | Jefferson           
 ca_street_type   | Parkway             
 ca_suite_number  | Suite 120           
 ca_city          | Enterprise          
 ca_county        | Wilcox County       
 ca_state         | GA                  
 ca_zip           | 31757               
 ca_country       | United States       
 ca_gmt_offset    | -5.00               
 ca_location_type | apartment           
 ctr_total_return | 4079.80             
-RECORD 19------------------------------
 c_customer_id    | AAAAAAAABAJHAAAA    
 c_salutation     | Mrs.                
 c_first_name     | Doris               
 c_last_name      | Gillespie           
 ca_street_number | 179                 
 ca_street_name   | Washington Chestnut 
 ca_street_type   | Dr.                 
 ca_suite_number  | Suite W             
 ca_city          | Jackson             
 ca_county        | Columbia County     
 ca_state         | GA                  
 ca_zip           | 39583               
 ca_country       | United States       
 ca_gmt_offset    | -5.00               
 ca_location_type | condo               
 ctr_total_return | 4617.58             
-RECORD 20------------------------------
 c_customer_id    | AAAAAAAABANGBAAA    
 c_salutation     | Mr.                 
 c_first_name     | Ralph               
 c_last_name      | Condon              
 ca_street_number | 755                 
 ca_street_name   | Davis               
 ca_street_type   | Blvd                
 ca_suite_number  | Suite 280           
 ca_city          | Antioch             
 ca_county        | Pike County         
 ca_state         | GA                  
 ca_zip           | 38605               
 ca_country       | United States       
 ca_gmt_offset    | -5.00               
 ca_location_type | condo               
 ctr_total_return | 14966.24            
-RECORD 21------------------------------
 c_customer_id    | AAAAAAAABBHKAAAA    
 c_salutation     | Mrs.                
 c_first_name     | Kristin             
 c_last_name      | Grant               
 ca_street_number | 870                 
 ca_street_name   | Ash Park            
 ca_street_type   | Ave                 
 ca_suite_number  | Suite 300           
 ca_city          | Lakeview            
 ca_county        | Harris County       
 ca_state         | GA                  
 ca_zip           | 38579               
 ca_country       | United States       
 ca_gmt_offset    | -5.00               
 ca_location_type | single family       
 ctr_total_return | 3580.44             
-RECORD 22------------------------------
 c_customer_id    | AAAAAAAABBOBBAAA    
 c_salutation     | Mr.                 
 c_first_name     | Herman              
 c_last_name      | Rivera              
 ca_street_number | 396                 
 ca_street_name   | Walnut              
 ca_street_type   | Cir.                
 ca_suite_number  | Suite P             
 ca_city          | Athens              
 ca_county        | Baldwin County      
 ca_state         | GA                  
 ca_zip           | 36796               
 ca_country       | United States       
 ca_gmt_offset    | -5.00               
 ca_location_type | single family       
 ctr_total_return | 4608.96             
-RECORD 23------------------------------
 c_customer_id    | AAAAAAAABCAOAAAA    
 c_salutation     | Dr.                 
 c_first_name     | Brenda              
 c_last_name      | Bell                
 ca_street_number | 562                 
 ca_street_name   | 7th Park            
 ca_street_type   | Road                
 ca_suite_number  | Suite 320           
 ca_city          | Edgewood            
 ca_county        | Troup County        
 ca_state         | GA                  
 ca_zip           | 30069               
 ca_country       | United States       
 ca_gmt_offset    | -5.00               
 ca_location_type | apartment           
 ctr_total_return | 3721.03             
-RECORD 24------------------------------
 c_customer_id    | AAAAAAAABCIMAAAA    
 c_salutation     | Dr.                 
 c_first_name     | Becky               
 c_last_name      | Seals               
 ca_street_number | 174                 
 ca_street_name   | Park Park           
 ca_street_type   | Ct.                 
 ca_suite_number  | Suite H             
 ca_city          | Green Acres         
 ca_county        | Schley County       
 ca_state         | GA                  
 ca_zip           | 37683               
 ca_country       | United States       
 ca_gmt_offset    | -5.00               
 ca_location_type | single family       
 ctr_total_return | 2980.15             
-RECORD 25------------------------------
 c_customer_id    | AAAAAAAABDHFAAAA    
 c_salutation     | Mr.                 
 c_first_name     | Charles             
 c_last_name      | Miller              
 ca_street_number | 531                 
 ca_street_name   | Church 14th         
 ca_street_type   | Circle              
 ca_suite_number  | Suite 60            
 ca_city          | Ashland             
 ca_county        | Franklin County     
 ca_state         | GA                  
 ca_zip           | 34244               
 ca_country       | United States       
 ca_gmt_offset    | -5.00               
 ca_location_type | apartment           
 ctr_total_return | 3241.85             
-RECORD 26------------------------------
 c_customer_id    | AAAAAAAABEHABAAA    
 c_salutation     | Dr.                 
 c_first_name     | Gregory             
 c_last_name      | null                
 ca_street_number | 391                 
 ca_street_name   | Seventh             
 ca_street_type   | Road                
 ca_suite_number  | Suite Q             
 ca_city          | Oakwood             
 ca_county        | Liberty County      
 ca_state         | GA                  
 ca_zip           | 30169               
 ca_country       | United States       
 ca_gmt_offset    | -5.00               
 ca_location_type | single family       
 ctr_total_return | 3520.33             
-RECORD 27------------------------------
 c_customer_id    | AAAAAAAABGDGBAAA    
 c_salutation     | Sir                 
 c_first_name     | Brian               
 c_last_name      | Adams               
 ca_street_number | 915                 
 ca_street_name   | Jackson             
 ca_street_type   | RD                  
 ca_suite_number  | Suite O             
 ca_city          | Concord             
 ca_county        | Columbia County     
 ca_state         | GA                  
 ca_zip           | 34107               
 ca_country       | United States       
 ca_gmt_offset    | -5.00               
 ca_location_type | apartment           
 ctr_total_return | 2912.27             
-RECORD 28------------------------------
 c_customer_id    | AAAAAAAABGLCBAAA    
 c_salutation     | Dr.                 
 c_first_name     | Joseph              
 c_last_name      | Torres              
 ca_street_number | 103                 
 ca_street_name   | Highland 7th        
 ca_street_type   | Court               
 ca_suite_number  | Suite I             
 ca_city          | Wilson              
 ca_county        | Jenkins County      
 ca_state         | GA                  
 ca_zip           | 36971               
 ca_country       | United States       
 ca_gmt_offset    | -5.00               
 ca_location_type | single family       
 ctr_total_return | 1842.89             
-RECORD 29------------------------------
 c_customer_id    | AAAAAAAABHOFAAAA    
 c_salutation     | Ms.                 
 c_first_name     | Anthony             
 c_last_name      | null                
 ca_street_number | 518                 
 ca_street_name   | Meadow Smith        
 ca_street_type   | Ct.                 
 ca_suite_number  | Suite C             
 ca_city          | Riverdale           
 ca_county        | Bleckley County     
 ca_state         | GA                  
 ca_zip           | 39391               
 ca_country       | United States       
 ca_gmt_offset    | -5.00               
 ca_location_type | single family       
 ctr_total_return | 1878.44             
-RECORD 30------------------------------
 c_customer_id    | AAAAAAAABIMMAAAA    
 c_salutation     | Dr.                 
 c_first_name     | Shanna              
 c_last_name      | Mcrae               
 ca_street_number | 764                 
 ca_street_name   | Walnut              
 ca_street_type   | Street              
 ca_suite_number  | Suite B             
 ca_city          | Brownsville         
 ca_county        | Lumpkin County      
 ca_state         | GA                  
 ca_zip           | 39310               
 ca_country       | United States       
 ca_gmt_offset    | -5.00               
 ca_location_type | condo               
 ctr_total_return | 7237.05             
-RECORD 31------------------------------
 c_customer_id    | AAAAAAAABINIAAAA    
 c_salutation     | Dr.                 
 c_first_name     | Jose                
 c_last_name      | Reynolds            
 ca_street_number | 571                 
 ca_street_name   | Main                
 ca_street_type   | Ave                 
 ca_suite_number  | Suite B             
 ca_city          | Mount Zion          
 ca_county        | Troup County        
 ca_state         | GA                  
 ca_zip           | 38054               
 ca_country       | United States       
 ca_gmt_offset    | -5.00               
 ca_location_type | apartment           
 ctr_total_return | 2463.65             
-RECORD 32------------------------------
 c_customer_id    | AAAAAAAABJMEAAAA    
 c_salutation     | Miss                
 c_first_name     | Deborah             
 c_last_name      | Sheehan             
 ca_street_number | 450                 
 ca_street_name   | Willow              
 ca_street_type   | Cir.                
 ca_suite_number  | Suite G             
 ca_city          | Marion              
 ca_county        | Franklin County     
 ca_state         | GA                  
 ca_zip           | 30399               
 ca_country       | United States       
 ca_gmt_offset    | -5.00               
 ca_location_type | condo               
 ctr_total_return | 6623.88             
-RECORD 33------------------------------
 c_customer_id    | AAAAAAAABKAIAAAA    
 c_salutation     | Miss                
 c_first_name     | Ruth                
 c_last_name      | Rodriguez           
 ca_street_number | 706                 
 ca_street_name   | Williams            
 ca_street_type   | Pkwy                
 ca_suite_number  | Suite Y             
 ca_city          | Antioch             
 ca_county        | Lanier County       
 ca_state         | GA                  
 ca_zip           | 38605               
 ca_country       | United States       
 ca_gmt_offset    | -5.00               
 ca_location_type | single family       
 ctr_total_return | 3025.05             
-RECORD 34------------------------------
 c_customer_id    | AAAAAAAABMBLAAAA    
 c_salutation     | Ms.                 
 c_first_name     | Ava                 
 c_last_name      | Jackson             
 ca_street_number | 601                 
 ca_street_name   | Fourth Washington   
 ca_street_type   | Way                 
 ca_suite_number  | Suite 440           
 ca_city          | Glendale            
 ca_county        | Cherokee County     
 ca_state         | GA                  
 ca_zip           | 33951               
 ca_country       | United States       
 ca_gmt_offset    | -5.00               
 ca_location_type | apartment           
 ctr_total_return | 1637.46             
-RECORD 35------------------------------
 c_customer_id    | AAAAAAAABMBLAAAA    
 c_salutation     | Ms.                 
 c_first_name     | Ava                 
 c_last_name      | Jackson             
 ca_street_number | 601                 
 ca_street_name   | Fourth Washington   
 ca_street_type   | Way                 
 ca_suite_number  | Suite 440           
 ca_city          | Glendale            
 ca_county        | Cherokee County     
 ca_state         | GA                  
 ca_zip           | 33951               
 ca_country       | United States       
 ca_gmt_offset    | -5.00               
 ca_location_type | apartment           
 ctr_total_return | 2373.14             
-RECORD 36------------------------------
 c_customer_id    | AAAAAAAABMFDAAAA    
 c_salutation     | Mrs.                
 c_first_name     | Megan               
 c_last_name      | Webster             
 ca_street_number | 124                 
 ca_street_name   | 11th                
 ca_street_type   | Pkwy                
 ca_suite_number  | Suite K             
 ca_city          | Shady Grove         
 ca_county        | Miller County       
 ca_state         | GA                  
 ca_zip           | 32812               
 ca_country       | United States       
 ca_gmt_offset    | -5.00               
 ca_location_type | single family       
 ctr_total_return | 3059.27             
-RECORD 37------------------------------
 c_customer_id    | AAAAAAAABNMGBAAA    
 c_salutation     | Mrs.                
 c_first_name     | Wanda               
 c_last_name      | Shumate             
 ca_street_number | 422                 
 ca_street_name   | Pine 3rd            
 ca_street_type   | Cir.                
 ca_suite_number  | Suite 170           
 ca_city          | Crossroads          
 ca_county        | Berrien County      
 ca_state         | GA                  
 ca_zip           | 30534               
 ca_country       | United States       
 ca_gmt_offset    | -5.00               
 ca_location_type | single family       
 ctr_total_return | 1699.41             
-RECORD 38------------------------------
 c_customer_id    | AAAAAAAABNMIAAAA    
 c_salutation     | Miss                
 c_first_name     | Bobbi               
 c_last_name      | Erickson            
 ca_street_number | 731                 
 ca_street_name   | Jefferson           
 ca_street_type   | Parkway             
 ca_suite_number  | Suite H             
 ca_city          | Mountain View       
 ca_county        | Taylor County       
 ca_state         | GA                  
 ca_zip           | 34466               
 ca_country       | United States       
 ca_gmt_offset    | -5.00               
 ca_location_type | apartment           
 ctr_total_return | 2925.34             
-RECORD 39------------------------------
 c_customer_id    | AAAAAAAABOAPAAAA    
 c_salutation     | Ms.                 
 c_first_name     | Karen               
 c_last_name      | Burt                
 ca_street_number | 794                 
 ca_street_name   | Sunset Sunset       
 ca_street_type   | Drive               
 ca_suite_number  | Suite 470           
 ca_city          | Glendale            
 ca_county        | Calhoun County      
 ca_state         | GA                  
 ca_zip           | 33951               
 ca_country       | United States       
 ca_gmt_offset    | -5.00               
 ca_location_type | condo               
 ctr_total_return | 8807.07             
-RECORD 40------------------------------
 c_customer_id    | AAAAAAAABOCDBAAA    
 c_salutation     | Ms.                 
 c_first_name     | Flora               
 c_last_name      | Messer              
 ca_street_number | 608                 
 ca_street_name   | 10th                
 ca_street_type   | Court               
 ca_suite_number  | Suite A             
 ca_city          | Highland Park       
 ca_county        | Dooly County        
 ca_state         | GA                  
 ca_zip           | 36534               
 ca_country       | United States       
 ca_gmt_offset    | -5.00               
 ca_location_type | single family       
 ctr_total_return | 3255.56             
-RECORD 41------------------------------
 c_customer_id    | AAAAAAAABPIMAAAA    
 c_salutation     | Dr.                 
 c_first_name     | Steve               
 c_last_name      | Cano                
 ca_street_number | 711                 
 ca_street_name   | Park                
 ca_street_type   | Ln                  
 ca_suite_number  | Suite N             
 ca_city          | Smith               
 ca_county        | Gwinnett County     
 ca_state         | GA                  
 ca_zip           | 37317               
 ca_country       | United States       
 ca_gmt_offset    | -5.00               
 ca_location_type | single family       
 ctr_total_return | 2086.39             
-RECORD 42------------------------------
 c_customer_id    | AAAAAAAACABFAAAA    
 c_salutation     | Sir                 
 c_first_name     | Steven              
 c_last_name      | Lamb                
 ca_street_number | 726                 
 ca_street_name   | Cherry Hill         
 ca_street_type   | ST                  
 ca_suite_number  | Suite E             
 ca_city          | Woodville           
 ca_county        | Worth County        
 ca_state         | GA                  
 ca_zip           | 34289               
 ca_country       | United States       
 ca_gmt_offset    | -5.00               
 ca_location_type | apartment           
 ctr_total_return | 2361.71             
-RECORD 43------------------------------
 c_customer_id    | AAAAAAAACBDDAAAA    
 c_salutation     | Sir                 
 c_first_name     | Terry               
 c_last_name      | Seiler              
 ca_street_number | 960                 
 ca_street_name   | Eigth               
 ca_street_type   | Way                 
 ca_suite_number  | Suite 240           
 ca_city          | Mountain View       
 ca_county        | Putnam County       
 ca_state         | GA                  
 ca_zip           | 34466               
 ca_country       | United States       
 ca_gmt_offset    | -5.00               
 ca_location_type | apartment           
 ctr_total_return | 3222.09             
-RECORD 44------------------------------
 c_customer_id    | AAAAAAAACCBOAAAA    
 c_salutation     | Sir                 
 c_first_name     | Patrick             
 c_last_name      | Miller              
 ca_street_number | 577                 
 ca_street_name   | Church              
 ca_street_type   | Ave                 
 ca_suite_number  | Suite 110           
 ca_city          | Bethel              
 ca_county        | White County        
 ca_state         | GA                  
 ca_zip           | 35281               
 ca_country       | United States       
 ca_gmt_offset    | -5.00               
 ca_location_type | single family       
 ctr_total_return | 2927.35             
-RECORD 45------------------------------
 c_customer_id    | AAAAAAAACDOPAAAA    
 c_salutation     | Mrs.                
 c_first_name     | Carolyn             
 c_last_name      | Singer              
 ca_street_number | 399                 
 ca_street_name   | Second              
 ca_street_type   | Boulevard           
 ca_suite_number  | Suite O             
 ca_city          | White Oak           
 ca_county        | Wayne County        
 ca_state         | GA                  
 ca_zip           | 36668               
 ca_country       | United States       
 ca_gmt_offset    | -5.00               
 ca_location_type | condo               
 ctr_total_return | 4011.31             
-RECORD 46------------------------------
 c_customer_id    | AAAAAAAACFADBAAA    
 c_salutation     | null                
 c_first_name     | null                
 c_last_name      | null                
 ca_street_number | 502                 
 ca_street_name   | Willow Park         
 ca_street_type   | Cir.                
 ca_suite_number  | Suite E             
 ca_city          | Dewey               
 ca_county        | Colquitt County     
 ca_state         | GA                  
 ca_zip           | 31160               
 ca_country       | United States       
 ca_gmt_offset    | -5.00               
 ca_location_type | apartment           
 ctr_total_return | 3732.03             
-RECORD 47------------------------------
 c_customer_id    | AAAAAAAACIHABAAA    
 c_salutation     | Ms.                 
 c_first_name     | Arlene              
 c_last_name      | Baker               
 ca_street_number | 216                 
 ca_street_name   | Maple Walnut        
 ca_street_type   | Ave                 
 ca_suite_number  | Suite 310           
 ca_city          | Greenfield          
 ca_county        | Glascock County     
 ca_state         | GA                  
 ca_zip           | 35038               
 ca_country       | United States       
 ca_gmt_offset    | -5.00               
 ca_location_type | single family       
 ctr_total_return | 2857.28             
-RECORD 48------------------------------
 c_customer_id    | AAAAAAAACJCHAAAA    
 c_salutation     | Mr.                 
 c_first_name     | Wilbur              
 c_last_name      | Mullins             
 ca_street_number | 119                 
 ca_street_name   | Eigth               
 ca_street_type   | Dr.                 
 ca_suite_number  | Suite W             
 ca_city          | Fairview            
 ca_county        | Wilkes County       
 ca_state         | GA                  
 ca_zip           | 35709               
 ca_country       | United States       
 ca_gmt_offset    | -5.00               
 ca_location_type | single family       
 ctr_total_return | 4861.83             
-RECORD 49------------------------------
 c_customer_id    | AAAAAAAACJJKAAAA    
 c_salutation     | Mr.                 
 c_first_name     | Ramon               
 c_last_name      | Zaragoza            
 ca_street_number | 934                 
 ca_street_name   | Park                
 ca_street_type   | Lane                
 ca_suite_number  | Suite K             
 ca_city          | Lakewood            
 ca_county        | Muscogee County     
 ca_state         | GA                  
 ca_zip           | 38877               
 ca_country       | United States       
 ca_gmt_offset    | -5.00               
 ca_location_type | condo               
 ctr_total_return | 9022.65             
-RECORD 50------------------------------
 c_customer_id    | AAAAAAAACKHEAAAA    
 c_salutation     | Mr.                 
 c_first_name     | Richard             
 c_last_name      | Leblanc             
 ca_street_number | 18                  
 ca_street_name   | Green View          
 ca_street_type   | Court               
 ca_suite_number  | Suite J             
 ca_city          | Woodville           
 ca_county        | Butts County        
 ca_state         | GA                  
 ca_zip           | 34289               
 ca_country       | United States       
 ca_gmt_offset    | -5.00               
 ca_location_type | single family       
 ctr_total_return | 3787.49             
-RECORD 51------------------------------
 c_customer_id    | AAAAAAAACODJAAAA    
 c_salutation     | Dr.                 
 c_first_name     | Neal                
 c_last_name      | Nash                
 ca_street_number | 95                  
 ca_street_name   | null                
 ca_street_type   | Street              
 ca_suite_number  | Suite 110           
 ca_city          | Spring Hill         
 ca_county        | Murray County       
 ca_state         | GA                  
 ca_zip           | 36787               
 ca_country       | null                
 ca_gmt_offset    | -5.00               
 ca_location_type | null                
 ctr_total_return | 2144.31             
-RECORD 52------------------------------
 c_customer_id    | AAAAAAAACOFIBAAA    
 c_salutation     | Mr.                 
 c_first_name     | Fred                
 c_last_name      | Morales             
 ca_street_number | 687                 
 ca_street_name   | 5th Park            
 ca_street_type   | Cir.                
 ca_suite_number  | Suite X             
 ca_city          | Fairview            
 ca_county        | Murray County       
 ca_state         | GA                  
 ca_zip           | 35709               
 ca_country       | United States       
 ca_gmt_offset    | -5.00               
 ca_location_type | condo               
 ctr_total_return | 1936.70             
-RECORD 53------------------------------
 c_customer_id    | AAAAAAAACOHIAAAA    
 c_salutation     | Mr.                 
 c_first_name     | Roger               
 c_last_name      | Grider              
 ca_street_number | 191                 
 ca_street_name   | Williams Second     
 ca_street_type   | Avenue              
 ca_suite_number  | Suite 420           
 ca_city          | Brownsville         
 ca_county        | Coweta County       
 ca_state         | GA                  
 ca_zip           | 39310               
 ca_country       | United States       
 ca_gmt_offset    | -5.00               
 ca_location_type | single family       
 ctr_total_return | 5782.43             
-RECORD 54------------------------------
 c_customer_id    | AAAAAAAACPBABAAA    
 c_salutation     | Miss                
 c_first_name     | Lucile              
 c_last_name      | Anderson            
 ca_street_number | 149                 
 ca_street_name   | View Williams       
 ca_street_type   | Ct.                 
 ca_suite_number  | Suite L             
 ca_city          | Mount Pleasant      
 ca_county        | Washington County   
 ca_state         | GA                  
 ca_zip           | 31933               
 ca_country       | United States       
 ca_gmt_offset    | -5.00               
 ca_location_type | single family       
 ctr_total_return | 2600.59             
-RECORD 55------------------------------
 c_customer_id    | AAAAAAAADANFBAAA    
 c_salutation     | Mrs.                
 c_first_name     | Ann                 
 c_last_name      | Nadeau              
 ca_street_number | 247                 
 ca_street_name   | Maple               
 ca_street_type   | Avenue              
 ca_suite_number  | Suite 260           
 ca_city          | Hamilton            
 ca_county        | Elbert County       
 ca_state         | GA                  
 ca_zip           | 32808               
 ca_country       | United States       
 ca_gmt_offset    | -5.00               
 ca_location_type | single family       
 ctr_total_return | 4103.32             
-RECORD 56------------------------------
 c_customer_id    | AAAAAAAADBAHAAAA    
 c_salutation     | Dr.                 
 c_first_name     | Lucille             
 c_last_name      | Hill                
 ca_street_number | 668                 
 ca_street_name   | West Laurel         
 ca_street_type   | Pkwy                
 ca_suite_number  | Suite M             
 ca_city          | Mount Olive         
 ca_county        | Quitman County      
 ca_state         | GA                  
 ca_zip           | 38059               
 ca_country       | United States       
 ca_gmt_offset    | -5.00               
 ca_location_type | single family       
 ctr_total_return | 2033.22             
-RECORD 57------------------------------
 c_customer_id    | AAAAAAAADBEIBAAA    
 c_salutation     | Miss                
 c_first_name     | Erica               
 c_last_name      | Hill                
 ca_street_number | 396                 
 ca_street_name   | Maple Johnson       
 ca_street_type   | Avenue              
 ca_suite_number  | Suite R             
 ca_city          | Crossroads          
 ca_county        | Hall County         
 ca_state         | GA                  
 ca_zip           | 30534               
 ca_country       | United States       
 ca_gmt_offset    | -5.00               
 ca_location_type | condo               
 ctr_total_return | 4500.01             
-RECORD 58------------------------------
 c_customer_id    | AAAAAAAADBEOAAAA    
 c_salutation     | Miss                
 c_first_name     | Loretta             
 c_last_name      | Smith               
 ca_street_number | 149                 
 ca_street_name   | Maple               
 ca_street_type   | ST                  
 ca_suite_number  | Suite 350           
 ca_city          | Fairview            
 ca_county        | Cherokee County     
 ca_state         | GA                  
 ca_zip           | 35709               
 ca_country       | United States       
 ca_gmt_offset    | -5.00               
 ca_location_type | apartment           
 ctr_total_return | 3810.28             
-RECORD 59------------------------------
 c_customer_id    | AAAAAAAADBFHBAAA    
 c_salutation     | Mr.                 
 c_first_name     | Charles             
 c_last_name      | Robinson            
 ca_street_number | 731                 
 ca_street_name   | Ridge               
 ca_street_type   | Lane                
 ca_suite_number  | Suite 160           
 ca_city          | New Hope            
 ca_county        | Bartow County       
 ca_state         | GA                  
 ca_zip           | 39431               
 ca_country       | United States       
 ca_gmt_offset    | -5.00               
 ca_location_type | apartment           
 ctr_total_return | 4042.46             
-RECORD 60------------------------------
 c_customer_id    | AAAAAAAADCAEAAAA    
 c_salutation     | Dr.                 
 c_first_name     | Joanna              
 c_last_name      | Walker              
 ca_street_number | 665                 
 ca_street_name   | 15th Maple          
 ca_street_type   | Avenue              
 ca_suite_number  | Suite Y             
 ca_city          | Camden              
 ca_county        | McDuffie County     
 ca_state         | GA                  
 ca_zip           | 37119               
 ca_country       | United States       
 ca_gmt_offset    | -5.00               
 ca_location_type | single family       
 ctr_total_return | 4067.57             
-RECORD 61------------------------------
 c_customer_id    | AAAAAAAADCLBAAAA    
 c_salutation     | Mrs.                
 c_first_name     | Evelyn              
 c_last_name      | Hammett             
 ca_street_number | 302                 
 ca_street_name   | 1st Adams           
 ca_street_type   | Cir.                
 ca_suite_number  | Suite 370           
 ca_city          | Five Points         
 ca_county        | Pulaski County      
 ca_state         | GA                  
 ca_zip           | 36098               
 ca_country       | United States       
 ca_gmt_offset    | -5.00               
 ca_location_type | single family       
 ctr_total_return | 2187.12             
-RECORD 62------------------------------
 c_customer_id    | AAAAAAAADDENAAAA    
 c_salutation     | Sir                 
 c_first_name     | Alejandro           
 c_last_name      | Doyle               
 ca_street_number | 916                 
 ca_street_name   | Cherry Elm          
 ca_street_type   | ST                  
 ca_suite_number  | Suite 110           
 ca_city          | Providence          
 ca_county        | Clay County         
 ca_state         | GA                  
 ca_zip           | 36614               
 ca_country       | United States       
 ca_gmt_offset    | -5.00               
 ca_location_type | single family       
 ctr_total_return | 3357.92             
-RECORD 63------------------------------
 c_customer_id    | AAAAAAAADEGFAAAA    
 c_salutation     | Sir                 
 c_first_name     | Jesse               
 c_last_name      | Johnson             
 ca_street_number | 725                 
 ca_street_name   | Laurel First        
 ca_street_type   | Parkway             
 ca_suite_number  | Suite O             
 ca_city          | Pleasant Valley     
 ca_county        | Candler County      
 ca_state         | GA                  
 ca_zip           | 32477               
 ca_country       | United States       
 ca_gmt_offset    | -5.00               
 ca_location_type | condo               
 ctr_total_return | 4969.77             
-RECORD 64------------------------------
 c_customer_id    | AAAAAAAADGCCAAAA    
 c_salutation     | Miss                
 c_first_name     | Loretta             
 c_last_name      | Moss                
 ca_street_number | 274                 
 ca_street_name   | 3rd Walnut          
 ca_street_type   | Ave                 
 ca_suite_number  | Suite L             
 ca_city          | Arlington           
 ca_county        | Lee County          
 ca_state         | GA                  
 ca_zip           | 36557               
 ca_country       | United States       
 ca_gmt_offset    | -5.00               
 ca_location_type | condo               
 ctr_total_return | 1891.74             
-RECORD 65------------------------------
 c_customer_id    | AAAAAAAADHFLAAAA    
 c_salutation     | Mr.                 
 c_first_name     | George              
 c_last_name      | Schneider           
 ca_street_number | 579                 
 ca_street_name   | Johnson Ash         
 ca_street_type   | Way                 
 ca_suite_number  | Suite 110           
 ca_city          | Concord             
 ca_county        | Seminole County     
 ca_state         | GA                  
 ca_zip           | 34107               
 ca_country       | United States       
 ca_gmt_offset    | -5.00               
 ca_location_type | condo               
 ctr_total_return | 4011.59             
-RECORD 66------------------------------
 c_customer_id    | AAAAAAAADHOIAAAA    
 c_salutation     | Miss                
 c_first_name     | Andrew              
 c_last_name      | James               
 ca_street_number | 139                 
 ca_street_name   | Smith Lincoln       
 ca_street_type   | Lane                
 ca_suite_number  | Suite 360           
 ca_city          | Stringtown          
 ca_county        | Coweta County       
 ca_state         | GA                  
 ca_zip           | 30162               
 ca_country       | United States       
 ca_gmt_offset    | -5.00               
 ca_location_type | condo               
 ctr_total_return | 2834.91             
-RECORD 67------------------------------
 c_customer_id    | AAAAAAAADJABAAAA    
 c_salutation     | Mrs.                
 c_first_name     | Charity             
 c_last_name      | Arroyo              
 ca_street_number | 158                 
 ca_street_name   | Highland Elm        
 ca_street_type   | Ln                  
 ca_suite_number  | Suite K             
 ca_city          | Woodland            
 ca_county        | Pickens County      
 ca_state         | GA                  
 ca_zip           | 34854               
 ca_country       | United States       
 ca_gmt_offset    | -5.00               
 ca_location_type | apartment           
 ctr_total_return | 2443.75             
-RECORD 68------------------------------
 c_customer_id    | AAAAAAAADJJMAAAA    
 c_salutation     | Dr.                 
 c_first_name     | Joseph              
 c_last_name      | Burns               
 ca_street_number | 339                 
 ca_street_name   | 12th                
 ca_street_type   | Blvd                
 ca_suite_number  | Suite S             
 ca_city          | Hamilton            
 ca_county        | Banks County        
 ca_state         | GA                  
 ca_zip           | 32808               
 ca_country       | United States       
 ca_gmt_offset    | -5.00               
 ca_location_type | condo               
 ctr_total_return | 2670.84             
-RECORD 69------------------------------
 c_customer_id    | AAAAAAAADJODAAAA    
 c_salutation     | Dr.                 
 c_first_name     | Larry               
 c_last_name      | Phillips            
 ca_street_number | 612                 
 ca_street_name   | Mill Church         
 ca_street_type   | Blvd                
 ca_suite_number  | Suite 0             
 ca_city          | Sunnyside           
 ca_county        | Fannin County       
 ca_state         | GA                  
 ca_zip           | 31952               
 ca_country       | United States       
 ca_gmt_offset    | -5.00               
 ca_location_type | single family       
 ctr_total_return | 7260.82             
-RECORD 70------------------------------
 c_customer_id    | AAAAAAAADKKGAAAA    
 c_salutation     | Sir                 
 c_first_name     | Robert              
 c_last_name      | Patrick             
 ca_street_number | 638                 
 ca_street_name   | Fourth              
 ca_street_type   | Cir.                
 ca_suite_number  | Suite 250           
 ca_city          | Lebanon             
 ca_county        | Clay County         
 ca_state         | GA                  
 ca_zip           | 32898               
 ca_country       | United States       
 ca_gmt_offset    | -5.00               
 ca_location_type | condo               
 ctr_total_return | 9049.72             
-RECORD 71------------------------------
 c_customer_id    | AAAAAAAADMDHAAAA    
 c_salutation     | Mr.                 
 c_first_name     | Samuel              
 c_last_name      | Wells               
 ca_street_number | 877                 
 ca_street_name   | Highland East       
 ca_street_type   | Road                
 ca_suite_number  | Suite I             
 ca_city          | Valley View         
 ca_county        | Bartow County       
 ca_state         | GA                  
 ca_zip           | 35124               
 ca_country       | United States       
 ca_gmt_offset    | -5.00               
 ca_location_type | single family       
 ctr_total_return | 4490.95             
-RECORD 72------------------------------
 c_customer_id    | AAAAAAAADNIBBAAA    
 c_salutation     | Miss                
 c_first_name     | Sharon              
 c_last_name      | Prince              
 ca_street_number | 955                 
 ca_street_name   | Walnut Ridge        
 ca_street_type   | Boulevard           
 ca_suite_number  | Suite W             
 ca_city          | Cedar Grove         
 ca_county        | Troup County        
 ca_state         | GA                  
 ca_zip           | 30411               
 ca_country       | United States       
 ca_gmt_offset    | -5.00               
 ca_location_type | condo               
 ctr_total_return | 2158.11             
-RECORD 73------------------------------
 c_customer_id    | AAAAAAAADNOGBAAA    
 c_salutation     | Dr.                 
 c_first_name     | David               
 c_last_name      | Lofton              
 ca_street_number | 327                 
 ca_street_name   | 11th Central        
 ca_street_type   | Parkway             
 ca_suite_number  | Suite D             
 ca_city          | White Oak           
 ca_county        | Glynn County        
 ca_state         | GA                  
 ca_zip           | 36668               
 ca_country       | United States       
 ca_gmt_offset    | -5.00               
 ca_location_type | single family       
 ctr_total_return | 1971.52             
-RECORD 74------------------------------
 c_customer_id    | AAAAAAAADOBCBAAA    
 c_salutation     | Dr.                 
 c_first_name     | Benjamin            
 c_last_name      | Pham                
 ca_street_number | 300                 
 ca_street_name   | Willow Sycamore     
 ca_street_type   | Blvd                
 ca_suite_number  | Suite 380           
 ca_city          | Liberty             
 ca_county        | Twiggs County       
 ca_state         | GA                  
 ca_zip           | 33451               
 ca_country       | United States       
 ca_gmt_offset    | -5.00               
 ca_location_type | apartment           
 ctr_total_return | 1787.84             
-RECORD 75------------------------------
 c_customer_id    | AAAAAAAADOFNAAAA    
 c_salutation     | Mrs.                
 c_first_name     | Sebrina             
 c_last_name      | Jacobs              
 ca_street_number | 611                 
 ca_street_name   | Center              
 ca_street_type   | Avenue              
 ca_suite_number  | Suite 210           
 ca_city          | Glenwood            
 ca_county        | Ware County         
 ca_state         | GA                  
 ca_zip           | 33511               
 ca_country       | United States       
 ca_gmt_offset    | -5.00               
 ca_location_type | condo               
 ctr_total_return | 5738.75             
-RECORD 76------------------------------
 c_customer_id    | AAAAAAAAEAFJAAAA    
 c_salutation     | Mr.                 
 c_first_name     | Gregory             
 c_last_name      | Quigley             
 ca_street_number | 932                 
 ca_street_name   | Maple               
 ca_street_type   | Avenue              
 ca_suite_number  | Suite 300           
 ca_city          | Glendale            
 ca_county        | Butts County        
 ca_state         | GA                  
 ca_zip           | 33951               
 ca_country       | United States       
 ca_gmt_offset    | -5.00               
 ca_location_type | single family       
 ctr_total_return | 2621.58             
-RECORD 77------------------------------
 c_customer_id    | AAAAAAAAEAJGBAAA    
 c_salutation     | Miss                
 c_first_name     | Helen               
 c_last_name      | Flora               
 ca_street_number | 38                  
 ca_street_name   | Park                
 ca_street_type   | Circle              
 ca_suite_number  | Suite 360           
 ca_city          | Florence            
 ca_county        | Pike County         
 ca_state         | GA                  
 ca_zip           | 33394               
 ca_country       | United States       
 ca_gmt_offset    | -5.00               
 ca_location_type | apartment           
 ctr_total_return | 2804.13             
-RECORD 78------------------------------
 c_customer_id    | AAAAAAAAEBDFAAAA    
 c_salutation     | Mr.                 
 c_first_name     | Ed                  
 c_last_name      | Chavis              
 ca_street_number | 276                 
 ca_street_name   | Pine Hill           
 ca_street_type   | Boulevard           
 ca_suite_number  | Suite 150           
 ca_city          | Shiloh              
 ca_county        | Lincoln County      
 ca_state         | GA                  
 ca_zip           | 39275               
 ca_country       | United States       
 ca_gmt_offset    | -5.00               
 ca_location_type | single family       
 ctr_total_return | 1800.04             
-RECORD 79------------------------------
 c_customer_id    | AAAAAAAAECIHAAAA    
 c_salutation     | Sir                 
 c_first_name     | Gilberto            
 c_last_name      | Mcdonald            
 ca_street_number | 615                 
 ca_street_name   | 10th                
 ca_street_type   | Blvd                
 ca_suite_number  | Suite 150           
 ca_city          | Oakdale             
 ca_county        | Glynn County        
 ca_state         | GA                  
 ca_zip           | 39584               
 ca_country       | United States       
 ca_gmt_offset    | -5.00               
 ca_location_type | apartment           
 ctr_total_return | 6023.68             
-RECORD 80------------------------------
 c_customer_id    | AAAAAAAAECOGBAAA    
 c_salutation     | Dr.                 
 c_first_name     | David               
 c_last_name      | Lamb                
 ca_street_number | 436                 
 ca_street_name   | Second Elm          
 ca_street_type   | Way                 
 ca_suite_number  | Suite 30            
 ca_city          | Green Acres         
 ca_county        | Laurens County      
 ca_state         | GA                  
 ca_zip           | 37683               
 ca_country       | United States       
 ca_gmt_offset    | -5.00               
 ca_location_type | single family       
 ctr_total_return | 4778.71             
-RECORD 81------------------------------
 c_customer_id    | AAAAAAAAEDOAAAAA    
 c_salutation     | Dr.                 
 c_first_name     | null                
 c_last_name      | Finley              
 ca_street_number | 899                 
 ca_street_name   | Willow Pine         
 ca_street_type   | ST                  
 ca_suite_number  | Suite 160           
 ca_city          | Clinton             
 ca_county        | Peach County        
 ca_state         | GA                  
 ca_zip           | 38222               
 ca_country       | United States       
 ca_gmt_offset    | -5.00               
 ca_location_type | condo               
 ctr_total_return | 18954.78            
-RECORD 82------------------------------
 c_customer_id    | AAAAAAAAEEFEBAAA    
 c_salutation     | Mr.                 
 c_first_name     | Gordon              
 c_last_name      | Lee                 
 ca_street_number | 444                 
 ca_street_name   | Park Jackson        
 ca_street_type   | Boulevard           
 ca_suite_number  | Suite 150           
 ca_city          | Kingston            
 ca_county        | Mitchell County     
 ca_state         | GA                  
 ca_zip           | 34975               
 ca_country       | United States       
 ca_gmt_offset    | -5.00               
 ca_location_type | single family       
 ctr_total_return | 2499.41             
-RECORD 83------------------------------
 c_customer_id    | AAAAAAAAEFMHBAAA    
 c_salutation     | Ms.                 
 c_first_name     | Anne                
 c_last_name      | Busby               
 ca_street_number | 724                 
 ca_street_name   | Second              
 ca_street_type   | ST                  
 ca_suite_number  | Suite 20            
 ca_city          | Union Hill          
 ca_county        | Pulaski County      
 ca_state         | GA                  
 ca_zip           | 37746               
 ca_country       | United States       
 ca_gmt_offset    | -5.00               
 ca_location_type | condo               
 ctr_total_return | 2866.95             
-RECORD 84------------------------------
 c_customer_id    | AAAAAAAAEGOJAAAA    
 c_salutation     | Miss                
 c_first_name     | Caroline            
 c_last_name      | Miller              
 ca_street_number | 719                 
 ca_street_name   | Smith               
 ca_street_type   | RD                  
 ca_suite_number  | Suite M             
 ca_city          | Empire              
 ca_county        | Oglethorpe County   
 ca_state         | GA                  
 ca_zip           | 34145               
 ca_country       | United States       
 ca_gmt_offset    | -5.00               
 ca_location_type | single family       
 ctr_total_return | 7530.99             
-RECORD 85------------------------------
 c_customer_id    | AAAAAAAAEHCIAAAA    
 c_salutation     | Ms.                 
 c_first_name     | Laura               
 c_last_name      | Wright              
 ca_street_number | 816                 
 ca_street_name   | Main                
 ca_street_type   | Ln                  
 ca_suite_number  | Suite 300           
 ca_city          | Sunnyside           
 ca_county        | Emanuel County      
 ca_state         | GA                  
 ca_zip           | 31952               
 ca_country       | United States       
 ca_gmt_offset    | -5.00               
 ca_location_type | apartment           
 ctr_total_return | 2767.59             
-RECORD 86------------------------------
 c_customer_id    | AAAAAAAAEHPBAAAA    
 c_salutation     | Dr.                 
 c_first_name     | Paula               
 c_last_name      | Bearden             
 ca_street_number | 932                 
 ca_street_name   | Williams Forest     
 ca_street_type   | Ln                  
 ca_suite_number  | Suite 10            
 ca_city          | Allentown           
 ca_county        | Long County         
 ca_state         | GA                  
 ca_zip           | 31838               
 ca_country       | United States       
 ca_gmt_offset    | -5.00               
 ca_location_type | single family       
 ctr_total_return | 12021.15            
-RECORD 87------------------------------
 c_customer_id    | AAAAAAAAEJFNAAAA    
 c_salutation     | Dr.                 
 c_first_name     | Chad                
 c_last_name      | Baldwin             
 ca_street_number | 404                 
 ca_street_name   | Cedar               
 ca_street_type   | Ct.                 
 ca_suite_number  | Suite Y             
 ca_city          | Enterprise          
 ca_county        | Treutlen County     
 ca_state         | GA                  
 ca_zip           | 31757               
 ca_country       | United States       
 ca_gmt_offset    | -5.00               
 ca_location_type | apartment           
 ctr_total_return | 1737.56             
-RECORD 88------------------------------
 c_customer_id    | AAAAAAAAEJJDAAAA    
 c_salutation     | Ms.                 
 c_first_name     | Katherine           
 c_last_name      | Hernandez           
 ca_street_number | 741                 
 ca_street_name   | Park Jefferson      
 ca_street_type   | ST                  
 ca_suite_number  | Suite 270           
 ca_city          | Oak Ridge           
 ca_county        | McIntosh County     
 ca_state         | GA                  
 ca_zip           | 38371               
 ca_country       | United States       
 ca_gmt_offset    | -5.00               
 ca_location_type | single family       
 ctr_total_return | 6714.64             
-RECORD 89------------------------------
 c_customer_id    | AAAAAAAAEKGABAAA    
 c_salutation     | Sir                 
 c_first_name     | Steven              
 c_last_name      | Thurman             
 ca_street_number | 638                 
 ca_street_name   | Park Green          
 ca_street_type   | Ct.                 
 ca_suite_number  | Suite 270           
 ca_city          | Lakeside            
 ca_county        | Wayne County        
 ca_state         | GA                  
 ca_zip           | 39532               
 ca_country       | United States       
 ca_gmt_offset    | -5.00               
 ca_location_type | single family       
 ctr_total_return | 1662.14             
-RECORD 90------------------------------
 c_customer_id    | AAAAAAAAEKJGBAAA    
 c_salutation     | Sir                 
 c_first_name     | Kurt                
 c_last_name      | Jenkins             
 ca_street_number | 656                 
 ca_street_name   | 8th                 
 ca_street_type   | Dr.                 
 ca_suite_number  | Suite E             
 ca_city          | Franklin            
 ca_county        | Heard County        
 ca_state         | GA                  
 ca_zip           | 39101               
 ca_country       | United States       
 ca_gmt_offset    | -5.00               
 ca_location_type | apartment           
 ctr_total_return | 1607.08             
-RECORD 91------------------------------
 c_customer_id    | AAAAAAAAELCGBAAA    
 c_salutation     | Sir                 
 c_first_name     | Harold              
 c_last_name      | Randolph            
 ca_street_number | 535                 
 ca_street_name   | Lee                 
 ca_street_type   | RD                  
 ca_suite_number  | Suite 160           
 ca_city          | Sutton              
 ca_county        | Bacon County        
 ca_state         | GA                  
 ca_zip           | 35413               
 ca_country       | United States       
 ca_gmt_offset    | -5.00               
 ca_location_type | apartment           
 ctr_total_return | 4737.51             
-RECORD 92------------------------------
 c_customer_id    | AAAAAAAAELJAAAAA    
 c_salutation     | Miss                
 c_first_name     | Gwendolyn           
 c_last_name      | Johnson             
 ca_street_number | 482                 
 ca_street_name   | Sunset Spring       
 ca_street_type   | Ave                 
 ca_suite_number  | Suite J             
 ca_city          | Mount Olive         
 ca_county        | Madison County      
 ca_state         | GA                  
 ca_zip           | 38059               
 ca_country       | United States       
 ca_gmt_offset    | -5.00               
 ca_location_type | apartment           
 ctr_total_return | 7387.08             
-RECORD 93------------------------------
 c_customer_id    | AAAAAAAAENFHBAAA    
 c_salutation     | Dr.                 
 c_first_name     | Janice              
 c_last_name      | Ojeda               
 ca_street_number | 127                 
 ca_street_name   | Williams 5th        
 ca_street_type   | Ave                 
 ca_suite_number  | Suite 280           
 ca_city          | Walnut Grove        
 ca_county        | Burke County        
 ca_state         | GA                  
 ca_zip           | 37752               
 ca_country       | United States       
 ca_gmt_offset    | -5.00               
 ca_location_type | condo               
 ctr_total_return | 4838.93             
-RECORD 94------------------------------
 c_customer_id    | AAAAAAAAEOBHAAAA    
 c_salutation     | Miss                
 c_first_name     | Janet               
 c_last_name      | Mcculloch           
 ca_street_number | 379                 
 ca_street_name   | Spring Eigth        
 ca_street_type   | Street              
 ca_suite_number  | Suite R             
 ca_city          | Cedar Grove         
 ca_county        | Wilcox County       
 ca_state         | GA                  
 ca_zip           | 30411               
 ca_country       | United States       
 ca_gmt_offset    | -5.00               
 ca_location_type | single family       
 ctr_total_return | 7581.20             
-RECORD 95------------------------------
 c_customer_id    | AAAAAAAAEOGGAAAA    
 c_salutation     | Sir                 
 c_first_name     | Christopher         
 c_last_name      | Garrett             
 ca_street_number | 308                 
 ca_street_name   | Broadway 4th        
 ca_street_type   | Lane                
 ca_suite_number  | Suite 360           
 ca_city          | Sunnyside           
 ca_county        | Coffee County       
 ca_state         | GA                  
 ca_zip           | 31952               
 ca_country       | United States       
 ca_gmt_offset    | -5.00               
 ca_location_type | apartment           
 ctr_total_return | 3279.85             
-RECORD 96------------------------------
 c_customer_id    | AAAAAAAAEPBDBAAA    
 c_salutation     | Dr.                 
 c_first_name     | Curtis              
 c_last_name      | Briscoe             
 ca_street_number | 142                 
 ca_street_name   | Meadow              
 ca_street_type   | Road                
 ca_suite_number  | Suite 460           
 ca_city          | Woodville           
 ca_county        | Montgomery County   
 ca_state         | GA                  
 ca_zip           | 34289               
 ca_country       | United States       
 ca_gmt_offset    | -5.00               
 ca_location_type | single family       
 ctr_total_return | 5239.12             
-RECORD 97------------------------------
 c_customer_id    | AAAAAAAAFAHCAAAA    
 c_salutation     | Ms.                 
 c_first_name     | Anna                
 c_last_name      | Koch                
 ca_street_number | 482                 
 ca_street_name   | Sunset Spring       
 ca_street_type   | Ave                 
 ca_suite_number  | Suite J             
 ca_city          | Mount Olive         
 ca_county        | Madison County      
 ca_state         | GA                  
 ca_zip           | 38059               
 ca_country       | United States       
 ca_gmt_offset    | -5.00               
 ca_location_type | apartment           
 ctr_total_return | 1858.37             
-RECORD 98------------------------------
 c_customer_id    | AAAAAAAAFANDAAAA    
 c_salutation     | Dr.                 
 c_first_name     | Daniel              
 c_last_name      | Wilson              
 ca_street_number | 586                 
 ca_street_name   | Pine Cherry         
 ca_street_type   | Street              
 ca_suite_number  | Suite U             
 ca_city          | Deerfield           
 ca_county        | Muscogee County     
 ca_state         | GA                  
 ca_zip           | 39840               
 ca_country       | United States       
 ca_gmt_offset    | -5.00               
 ca_location_type | condo               
 ctr_total_return | 2774.69             
-RECORD 99------------------------------
 c_customer_id    | AAAAAAAAFANDAAAA    
 c_salutation     | Dr.                 
 c_first_name     | Daniel              
 c_last_name      | Wilson              
 ca_street_number | 586                 
 ca_street_name   | Pine Cherry         
 ca_street_type   | Street              
 ca_suite_number  | Suite U             
 ca_city          | Deerfield           
 ca_county        | Muscogee County     
 ca_state         | GA                  
 ca_zip           | 39840               
 ca_country       | United States       
 ca_gmt_offset    | -5.00               
 ca_location_type | condo               
 ctr_total_return | 2946.52
           