-- Automatically generated by TPCDSQueryValidator$
-RECORD 0-------------------------
 item_id     | AAAAAAAAANECAAAA   
 sr_item_qty | 34                 
 sr_dev      | 18.579234972677593 
 cr_item_qty | 9                  
 cr_dev      | 4.918032786885246  
 wr_item_qty | 18                 
 wr_dev      | 9.836065573770492  
 average     | 20.333333          
-RECORD 1-------------------------
 item_id     | AAAAAAAACAOBAAAA   
 sr_item_qty | 27                 
 sr_dev      | 11.688311688311687 
 cr_item_qty | 38                 
 cr_dev      | 16.450216450216452 
 wr_item_qty | 12                 
 wr_dev      | 5.194805194805195  
 average     | 25.666667          
-RECORD 2-------------------------
 item_id     | AAAAAAAACBNDAAAA   
 sr_item_qty | 38                 
 sr_dev      | 11.62079510703364  
 cr_item_qty | 52                 
 cr_dev      | 15.902140672782874 
 wr_item_qty | 19                 
 wr_dev      | 5.81039755351682   
 average     | 36.333333          
-RECORD 3-------------------------
 item_id     | AAAAAAAACCGAAAAA   
 sr_item_qty | 30                 
 sr_dev      | 15.151515151515152 
 cr_item_qty | 18                 
 cr_dev      | 9.09090909090909   
 wr_item_qty | 18                 
 wr_dev      | 9.09090909090909   
 average     | 22.000000          
-RECORD 4-------------------------
 item_id     | AAAAAAAACKBDAAAA   
 sr_item_qty | 32                 
 sr_dev      | 12.698412698412698 
 cr_item_qty | 22                 
 cr_dev      | 8.730158730158731  
 wr_item_qty | 30                 
 wr_dev      | 11.904761904761905 
 average     | 28.000000          
-RECORD 5-------------------------
 item_id     | AAAAAAAACOIBAAAA   
 sr_item_qty | 31                 
 sr_dev      | 8.072916666666668  
 cr_item_qty | 29                 
 cr_dev      | 7.552083333333333  
 wr_item_qty | 68                 
 wr_dev      | 17.708333333333336 
 average     | 42.666667          
-RECORD 6-------------------------
 item_id     | AAAAAAAAEBLDAAAA   
 sr_item_qty | 9                  
 sr_dev      | 3.7037037037037033 
 cr_item_qty | 34                 
 cr_dev      | 13.991769547325102 
 wr_item_qty | 38                 
 wr_dev      | 15.637860082304526 
 average     | 27.000000          
-RECORD 7-------------------------
 item_id     | AAAAAAAAELFDAAAA   
 sr_item_qty | 54                 
 sr_dev      | 20.224719101123597 
 cr_item_qty | 4                  
 cr_dev      | 1.4981273408239701 
 wr_item_qty | 31                 
 wr_dev      | 11.610486891385769 
 average     | 29.666667          
-RECORD 8-------------------------
 item_id     | AAAAAAAAFEBAAAAA   
 sr_item_qty | 19                 
 sr_dev      | 15.447154471544716 
 cr_item_qty | 17                 
 cr_dev      | 13.821138211382115 
 wr_item_qty | 5                  
 wr_dev      | 4.0650406504065035 
 average     | 13.666667          
-RECORD 9-------------------------
 item_id     | AAAAAAAAFODDAAAA   
 sr_item_qty | 30                 
 sr_dev      | 11.49425287356322  
 cr_item_qty | 7                  
 cr_dev      | 2.681992337164751  
 wr_item_qty | 50                 
 wr_dev      | 19.157088122605362 
 average     | 29.000000          
-RECORD 10------------------------
 item_id     | AAAAAAAAGLMCAAAA   
 sr_item_qty | 37                 
 sr_dev      | 26.811594202898554 
 cr_item_qty | 3                  
 cr_dev      | 2.1739130434782608 
 wr_item_qty | 6                  
 wr_dev      | 4.3478260869565215 
 average     | 15.333333          
-RECORD 11------------------------
 item_id     | AAAAAAAAHAGDAAAA   
 sr_item_qty | 16                 
 sr_dev      | 8.333333333333332  
 cr_item_qty | 15                 
 cr_dev      | 7.8125             
 wr_item_qty | 33                 
 wr_dev      | 17.1875            
 average     | 21.333333          
-RECORD 12------------------------
 item_id     | AAAAAAAAHCDEAAAA   
 sr_item_qty | 41                 
 sr_dev      | 19.248826291079812 
 cr_item_qty | 1                  
 cr_dev      | 0.4694835680751174 
 wr_item_qty | 29                 
 wr_dev      | 13.615023474178404 
 average     | 23.666667          
-RECORD 13------------------------
 item_id     | AAAAAAAALAEBAAAA   
 sr_item_qty | 19                 
 sr_dev      | 6.95970695970696   
 cr_item_qty | 21                 
 cr_dev      | 7.6923076923076925 
 wr_item_qty | 51                 
 wr_dev      | 18.681318681318682 
 average     | 30.333333          
-RECORD 14------------------------
 item_id     | AAAAAAAAMBDEAAAA   
 sr_item_qty | 26                 
 sr_dev      | 6.372549019607843  
 cr_item_qty | 66                 
 cr_dev      | 16.176470588235293 
 wr_item_qty | 44                 
 wr_dev      | 10.784313725490197 
 average     | 45.333333          
-RECORD 15------------------------
 item_id     | AAAAAAAAMBGBAAAA   
 sr_item_qty | 5                  
 sr_dev      | 5.05050505050505   
 cr_item_qty | 1                  
 cr_dev      | 1.0101010101010102 
 wr_item_qty | 27                 
 wr_dev      | 27.272727272727277 
 average     | 11.000000          
-RECORD 16------------------------
 item_id     | AAAAAAAAMDODAAAA   
 sr_item_qty | 17                 
 sr_dev      | 10.897435897435898 
 cr_item_qty | 32                 
 cr_dev      | 20.512820512820515 
 wr_item_qty | 3                  
 wr_dev      | 1.9230769230769231 
 average     | 17.333333          
-RECORD 17------------------------
 item_id     | AAAAAAAAMOIAAAAA   
 sr_item_qty | 84                 
 sr_dev      | 25.454545454545457 
 cr_item_qty | 12                 
 cr_dev      | 3.6363636363636362 
 wr_item_qty | 14                 
 wr_dev      | 4.242424242424242  
 average     | 36.666667          
-RECORD 18------------------------
 item_id     | AAAAAAAANMAAAAAA   
 sr_item_qty | 12                 
 sr_dev      | 25.0               
 cr_item_qty | 1                  
 cr_dev      | 2.083333333333333  
 wr_item_qty | 3                  
 wr_dev      | 6.25               
 average     | 5.333333           
-RECORD 19------------------------
 item_id     | AAAAAAAAODOAAAAA   
 sr_item_qty | 5                  
 sr_dev      | 4.385964912280701  
 cr_item_qty | 3                  
 cr_dev      | 2.631578947368421  
 wr_item_qty | 30                 
 wr_dev      | 26.31578947368421  
 average     | 12.666667          
-RECORD 20------------------------
 item_id     | AAAAAAAAPJOCAAAA   
 sr_item_qty | 29                 
 sr_dev      | 15.343915343915343 
 cr_item_qty | 21                 
 cr_dev      | 11.11111111111111  
 wr_item_qty | 13                 
 wr_dev      | 6.878306878306878  
 average     | 21.000000
           