-- Automatically generated by TPCDSQueryValidator$
-RECORD 0-----------------------------------------------
 substring(r_reason_desc, 1, 20) | Gift exchange        
 avg(ws_quantity)                | 76.0                 
 avg(wr_refunded_cash)           | 464.360000           
 avg(wr_fee)                     | 8.620000             
-RECORD 1-----------------------------------------------
 substring(r_reason_desc, 1, 20) | Not the product that 
 avg(ws_quantity)                | 70.0                 
 avg(wr_refunded_cash)           | 876.670000           
 avg(wr_fee)                     | 46.670000            
-RECORD 2-----------------------------------------------
 substring(r_reason_desc, 1, 20) | Parts missing        
 avg(ws_quantity)                | 7.0                  
 avg(wr_refunded_cash)           | 129.420000           
 avg(wr_fee)                     | 38.650000            
-RECORD 3-----------------------------------------------
 substring(r_reason_desc, 1, 20) | reason 23            
 avg(ws_quantity)                | 47.0                 
 avg(wr_refunded_cash)           | 734.610000           
 avg(wr_fee)                     | 6.170000             
-RECORD 4-----------------------------------------------
 substring(r_reason_desc, 1, 20) | reason 25            
 avg(ws_quantity)                | 5.0                  
 avg(wr_refunded_cash)           | 48.940000            
 avg(wr_fee)                     | 53.145000            
-RECORD 5-----------------------------------------------
 substring(r_reason_desc, 1, 20) | reason 28            
 avg(ws_quantity)                | 8.0                  
 avg(wr_refunded_cash)           | 306.200000           
 avg(wr_fee)                     | 37.060000
           